15/04/16 22:10:19 INFO bsp.GroomServer: BSPPeerChild starting
15/04/16 22:10:21 WARN util.NativeCodeLoader: Unable to load native-hadoop library for your platform... using builtin-java classes where applicable
15/04/16 22:10:21 INFO bsp.GroomServer: Starting peer for step -1 state = RUNNING
15/04/16 22:10:25 INFO bsp.GroomServer: instantiating BSPPeerImpl
15/04/16 22:10:25 INFO ipc.Server: Starting Socket Reader #1 for port 61001
15/04/16 22:10:25 INFO ipc.Server: IPC Server Responder: starting
15/04/16 22:10:25 INFO ipc.Server: IPC Server listener on 61001: starting
15/04/16 22:10:25 INFO ipc.Server: IPC Server handler 1 on 61001: starting
15/04/16 22:10:25 INFO ipc.Server: IPC Server handler 2 on 61001: starting
15/04/16 22:10:25 INFO ipc.Server: IPC Server handler 3 on 61001: starting
15/04/16 22:10:25 INFO message.HamaMessageManagerImpl: BSPPeer address:master port:61001
15/04/16 22:10:25 INFO ipc.Server: IPC Server handler 0 on 61001: starting
15/04/16 22:10:25 INFO ipc.Server: IPC Server handler 4 on 61001: starting
15/04/16 22:10:27 INFO sync.ZKSyncClient: Initializing ZK Sync Client
15/04/16 22:10:27 INFO sync.ZooKeeperSyncClientImpl: Start connecting to Zookeeper! At master/172.28.128.6:61001
15/04/16 22:10:27 INFO bsp.GroomServer: instantiating BSPPeerImpl done, starting BSPTask now!
15/04/16 22:10:27 INFO bsp.BSPTask: Starting runBSP from BSPTask
15/04/16 22:10:27 INFO bsp.BSPTask: [BSPTask.java] Starting with bsp.setup
15/04/16 22:10:27 INFO graph.GraphJobRunner: [GraphJobRunner] Entering setup.
15/04/16 22:10:27 INFO graph.GraphJobRunner: 50 vertices are loaded into master:61001
15/04/16 22:10:28 INFO bsp.BSPTask: [BSPTask.java] Starting with bsp.bsp
15/04/16 22:10:28 INFO graph.GraphJobRunner: Entered GraphRunner.bsp. Is recovery task? false
15/04/16 22:10:28 INFO graph.GraphJobRunner: master:61001
15/04/16 22:10:28 INFO graph.GraphJobRunner: master:61001
15/04/16 22:10:28 INFO graph.GraphJobRunner: master:61001
15/04/16 22:10:28 INFO graph.GraphJobRunner: master:61001
15/04/16 22:10:28 INFO graph.GraphJobRunner: master:61001
15/04/16 22:10:28 INFO graph.GraphJobRunner: master:61001
15/04/16 22:10:28 INFO graph.GraphJobRunner: master:61001
15/04/16 22:10:28 INFO graph.GraphJobRunner: master:61001
15/04/16 22:10:29 INFO graph.GraphJobRunner: master:61001
15/04/16 22:11:37 INFO message.HamaMessageManagerImpl: bspPeer master:61001 received request for previous superstep data from bspPeer slave:61002
15/04/16 22:11:38 INFO message.HamaMessageManagerImpl: bspPeer master:61001 received request for previous superstep data from bspPeer slave:61002
15/04/16 22:11:38 INFO graph.GraphJobRunner: master:61001
15/04/16 22:11:38 INFO graph.GraphJobRunner: master:61001
15/04/16 22:11:38 INFO graph.GraphJobRunner: master:61001
15/04/16 22:11:38 INFO graph.GraphJobRunner: master:61001
15/04/16 22:11:38 INFO graph.GraphJobRunner: master:61001
15/04/16 22:11:38 INFO graph.GraphJobRunner: master:61001
15/04/16 22:11:38 INFO graph.GraphJobRunner: master:61001
15/04/16 22:11:38 INFO graph.GraphJobRunner: master:61001
15/04/16 22:11:38 INFO graph.GraphJobRunner: master:61001
15/04/16 22:11:39 INFO graph.GraphJobRunner: master:61001
15/04/16 22:12:47 INFO message.HamaMessageManagerImpl: bspPeer master:61001 received request for previous superstep data from bspPeer slave:61002
15/04/16 22:12:48 INFO message.HamaMessageManagerImpl: bspPeer master:61001 received request for previous superstep data from bspPeer slave:61002
15/04/16 22:12:48 INFO graph.GraphJobRunner: master:61001
15/04/16 22:12:48 INFO graph.GraphJobRunner: master:61001
15/04/16 22:12:48 INFO graph.GraphJobRunner: master:61001
15/04/16 22:12:48 INFO graph.GraphJobRunner: master:61001
15/04/16 22:12:48 INFO graph.GraphJobRunner: master:61001
15/04/16 22:12:48 INFO graph.GraphJobRunner: master:61001
15/04/16 22:12:48 INFO graph.GraphJobRunner: master:61001
15/04/16 22:12:48 INFO graph.GraphJobRunner: master:61001
15/04/16 22:12:48 INFO graph.GraphJobRunner: master:61001
15/04/16 22:12:48 INFO graph.GraphJobRunner: master:61001
15/04/16 22:13:57 INFO message.HamaMessageManagerImpl: bspPeer master:61001 received request for previous superstep data from bspPeer slave:61002
15/04/16 22:13:58 INFO message.HamaMessageManagerImpl: bspPeer master:61001 received request for previous superstep data from bspPeer slave:61002
15/04/16 22:13:58 INFO graph.GraphJobRunner: master:61001
15/04/16 22:13:58 INFO bsp.BSPTask: [BSPTask.java] Done with bsp.bsp
15/04/16 22:13:58 INFO ipc.Server: Stopping server on 61001
15/04/16 22:13:58 INFO ipc.Server: IPC Server handler 2 on 61001: exiting
15/04/16 22:13:58 INFO ipc.Server: IPC Server handler 0 on 61001: exiting
15/04/16 22:13:58 INFO ipc.Server: IPC Server handler 1 on 61001: exiting
15/04/16 22:13:58 INFO ipc.Server: IPC Server handler 3 on 61001: exiting
15/04/16 22:13:58 INFO ipc.Server: IPC Server handler 4 on 61001: exiting
15/04/16 22:13:58 INFO ipc.Server: Stopping IPC Server listener on 61001
15/04/16 22:13:58 INFO ipc.Server: Stopping IPC Server Responder
15/04/16 22:13:58 INFO Configuration.deprecation: mapred.cache.localFiles is deprecated. Instead, use mapreduce.job.cache.local.files
