15/04/16 22:13:50 INFO bsp.GroomServer: BSPPeerChild starting
15/04/16 22:13:51 WARN util.NativeCodeLoader: Unable to load native-hadoop library for your platform... using builtin-java classes where applicable
15/04/16 22:13:52 INFO bsp.GroomServer: Starting peer for step 30 state = RECOVERING
15/04/16 22:13:55 INFO bsp.GroomServer: instantiating BSPPeerImpl
15/04/16 22:13:55 INFO ipc.Server: Starting Socket Reader #1 for port 61002
15/04/16 22:13:56 INFO ipc.Server: IPC Server Responder: starting
15/04/16 22:13:56 INFO ipc.Server: IPC Server listener on 61002: starting
15/04/16 22:13:56 INFO ipc.Server: IPC Server handler 0 on 61002: starting
15/04/16 22:13:56 INFO ipc.Server: IPC Server handler 1 on 61002: starting
15/04/16 22:13:56 INFO ipc.Server: IPC Server handler 2 on 61002: starting
15/04/16 22:13:56 INFO ipc.Server: IPC Server handler 3 on 61002: starting
15/04/16 22:13:56 INFO message.HamaMessageManagerImpl: BSPPeer address:slave port:61002
15/04/16 22:13:56 INFO ipc.Server: IPC Server handler 4 on 61002: starting
15/04/16 22:13:57 INFO sync.ZKSyncClient: Initializing ZK Sync Client
15/04/16 22:13:57 INFO sync.ZooKeeperSyncClientImpl: Start connecting to Zookeeper! At slave/172.28.128.5:61002
15/04/16 22:13:57 INFO ft.AsyncRcvdMsgCheckpointImpl: bspPeer slave:61002 started pinging alive peers for data
15/04/16 22:13:57 INFO ft.AsyncRcvdMsgCheckpointImpl: Prev. superstep data recovery complete for slave:61002
15/04/16 22:13:57 INFO bsp.BSPPeerImpl: Recovery task received 49 messages for previous superstep from alive peers
15/04/16 22:13:57 INFO bsp.BSPPeerImpl: [BSPPeerImpl.java] Changing taskState from RECOVERING to RUNNING
15/04/16 22:13:57 INFO bsp.GroomServer: instantiating BSPPeerImpl done, starting BSPTask now!
15/04/16 22:13:57 INFO bsp.BSPTask: Starting runBSP from BSPTask
15/04/16 22:13:57 INFO bsp.BSPTask: [BSPTask.java] Starting with bsp.setup
15/04/16 22:13:57 INFO graph.GraphJobRunner: [GraphJobRunner] Entering setup.
15/04/16 22:13:58 INFO graph.GraphJobRunner: 50 vertices are loaded into slave:61002
15/04/16 22:13:58 INFO graph.GraphJobRunner: Recovering peer reading from log: 100 vertices
15/04/16 22:13:58 INFO graph.GraphJobRunner: slave:61002
15/04/16 22:13:58 INFO bsp.BSPPeerImpl: Is check true? false
15/04/16 22:13:58 INFO bsp.BSPPeerImpl: Recovery task received 50 messages for current superstep from alive peers
15/04/16 22:13:58 INFO bsp.BSPPeerImpl: Completed doFirstSyncAfterRecovery
15/04/16 22:13:58 INFO bsp.BSPTask: [BSPTask.java] Starting with bsp.bsp
15/04/16 22:13:58 INFO graph.GraphJobRunner: Entered GraphRunner.bsp. Is recovery task? true
15/04/16 22:13:58 INFO bsp.BSPTask: [BSPTask.java] Done with bsp.bsp
15/04/16 22:13:58 INFO ipc.Server: Stopping server on 61002
15/04/16 22:13:58 INFO ipc.Server: IPC Server handler 0 on 61002: exiting
15/04/16 22:13:58 INFO ipc.Server: IPC Server handler 1 on 61002: exiting
15/04/16 22:13:58 INFO ipc.Server: IPC Server handler 2 on 61002: exiting
15/04/16 22:13:58 INFO ipc.Server: IPC Server handler 4 on 61002: exiting
15/04/16 22:13:58 INFO ipc.Server: IPC Server handler 3 on 61002: exiting
15/04/16 22:13:58 INFO ipc.Server: Stopping IPC Server listener on 61002
15/04/16 22:13:58 INFO ipc.Server: Stopping IPC Server Responder
15/04/16 22:13:58 INFO Configuration.deprecation: mapred.cache.localFiles is deprecated. Instead, use mapreduce.job.cache.local.files
