15/04/03 09:48:19 WARN util.NativeCodeLoader: Unable to load native-hadoop library for your platform... using builtin-java classes where applicable
15/04/03 09:48:27 INFO ipc.Server: Starting Socket Reader #1 for port 61003
15/04/03 09:48:27 INFO ipc.Server: IPC Server Responder: starting
15/04/03 09:48:27 INFO ipc.Server: IPC Server listener on 61003: starting
15/04/03 09:48:27 INFO ipc.Server: IPC Server handler 2 on 61003: starting
15/04/03 09:48:27 INFO ipc.Server: IPC Server handler 1 on 61003: starting
15/04/03 09:48:27 INFO ipc.Server: IPC Server handler 3 on 61003: starting
15/04/03 09:48:27 INFO ipc.Server: IPC Server handler 0 on 61003: starting
15/04/03 09:48:27 INFO message.HamaMessageManagerImpl: BSPPeer address:master port:61003
15/04/03 09:48:27 INFO ipc.Server: IPC Server handler 4 on 61003: starting
15/04/03 09:48:29 INFO sync.ZKSyncClient: Initializing ZK Sync Client
15/04/03 09:48:29 INFO sync.ZooKeeperSyncClientImpl: Start connecting to Zookeeper! At master/172.28.128.6:61003
15/04/03 09:48:30 INFO graph.GraphJobRunner: 26 vertices are loaded into master:61003
15/04/03 09:48:35 INFO ipc.Server: Stopping server on 61003
15/04/03 09:48:35 INFO ipc.Server: IPC Server handler 0 on 61003: exiting
15/04/03 09:48:35 INFO ipc.Server: IPC Server handler 1 on 61003: exiting
15/04/03 09:48:35 INFO ipc.Server: IPC Server handler 3 on 61003: exiting
15/04/03 09:48:35 INFO ipc.Server: IPC Server handler 2 on 61003: exiting
15/04/03 09:48:35 INFO ipc.Server: IPC Server handler 4 on 61003: exiting
15/04/03 09:48:35 INFO ipc.Server: Stopping IPC Server listener on 61003
15/04/03 09:48:35 INFO ipc.Server: Stopping IPC Server Responder
15/04/03 09:48:35 INFO Configuration.deprecation: mapred.cache.localFiles is deprecated. Instead, use mapreduce.job.cache.local.files
