15/04/03 09:47:27 WARN util.NativeCodeLoader: Unable to load native-hadoop library for your platform... using builtin-java classes where applicable
15/04/03 09:47:33 INFO ipc.Server: Starting Socket Reader #1 for port 61002
15/04/03 09:47:33 INFO ipc.Server: IPC Server Responder: starting
15/04/03 09:47:33 INFO ipc.Server: IPC Server listener on 61002: starting
15/04/03 09:47:33 INFO ipc.Server: IPC Server handler 0 on 61002: starting
15/04/03 09:47:33 INFO ipc.Server: IPC Server handler 1 on 61002: starting
15/04/03 09:47:33 INFO ipc.Server: IPC Server handler 2 on 61002: starting
15/04/03 09:47:33 INFO ipc.Server: IPC Server handler 3 on 61002: starting
15/04/03 09:47:33 INFO message.HamaMessageManagerImpl: BSPPeer address:master port:61002
15/04/03 09:47:33 INFO ipc.Server: IPC Server handler 4 on 61002: starting
15/04/03 09:47:34 INFO sync.ZKSyncClient: Initializing ZK Sync Client
15/04/03 09:47:34 INFO sync.ZooKeeperSyncClientImpl: Start connecting to Zookeeper! At master/172.28.128.6:61002
15/04/03 09:47:35 INFO ipc.Server: Stopping server on 61002
15/04/03 09:47:35 INFO ipc.Server: IPC Server handler 1 on 61002: exiting
15/04/03 09:47:35 INFO ipc.Server: IPC Server handler 0 on 61002: exiting
15/04/03 09:47:35 INFO ipc.Server: IPC Server handler 2 on 61002: exiting
15/04/03 09:47:35 INFO ipc.Server: IPC Server handler 3 on 61002: exiting
15/04/03 09:47:35 INFO ipc.Server: Stopping IPC Server listener on 61002
15/04/03 09:47:35 INFO ipc.Server: IPC Server handler 4 on 61002: exiting
15/04/03 09:47:35 INFO ipc.Server: Stopping IPC Server Responder
15/04/03 09:47:35 INFO Configuration.deprecation: mapred.cache.localFiles is deprecated. Instead, use mapreduce.job.cache.local.files
