15/04/03 09:47:57 WARN util.NativeCodeLoader: Unable to load native-hadoop library for your platform... using builtin-java classes where applicable
15/04/03 09:48:02 INFO ipc.Server: Starting Socket Reader #1 for port 61002
15/04/03 09:48:02 INFO ipc.Server: IPC Server listener on 61002: starting
15/04/03 09:48:02 INFO ipc.Server: IPC Server Responder: starting
15/04/03 09:48:02 INFO ipc.Server: IPC Server handler 0 on 61002: starting
15/04/03 09:48:02 INFO ipc.Server: IPC Server handler 1 on 61002: starting
15/04/03 09:48:02 INFO ipc.Server: IPC Server handler 2 on 61002: starting
15/04/03 09:48:02 INFO ipc.Server: IPC Server handler 3 on 61002: starting
15/04/03 09:48:02 INFO message.HamaMessageManagerImpl: BSPPeer address:master port:61002
15/04/03 09:48:02 INFO ipc.Server: IPC Server handler 4 on 61002: starting
15/04/03 09:48:04 INFO sync.ZKSyncClient: Initializing ZK Sync Client
15/04/03 09:48:04 INFO sync.ZooKeeperSyncClientImpl: Start connecting to Zookeeper! At master/172.28.128.6:61002
15/04/03 09:48:05 INFO Configuration.deprecation: io.sort.mb is deprecated. Instead, use mapreduce.task.io.sort.mb
15/04/03 09:48:05 INFO Configuration.deprecation: io.sort.factor is deprecated. Instead, use mapreduce.task.io.sort.factor
15/04/03 09:48:06 INFO ipc.Server: Stopping server on 61002
15/04/03 09:48:06 INFO ipc.Server: IPC Server handler 0 on 61002: exiting
15/04/03 09:48:06 INFO ipc.Server: IPC Server handler 2 on 61002: exiting
15/04/03 09:48:06 INFO ipc.Server: IPC Server handler 3 on 61002: exiting
15/04/03 09:48:06 INFO ipc.Server: IPC Server handler 4 on 61002: exiting
15/04/03 09:48:06 INFO ipc.Server: Stopping IPC Server listener on 61002
15/04/03 09:48:06 INFO ipc.Server: IPC Server handler 1 on 61002: exiting
15/04/03 09:48:06 INFO ipc.Server: Stopping IPC Server Responder
15/04/03 09:48:06 INFO Configuration.deprecation: mapred.cache.localFiles is deprecated. Instead, use mapreduce.job.cache.local.files
