15/04/16 22:17:08 INFO bsp.GroomServer: BSPPeerChild starting
15/04/16 22:17:11 WARN util.NativeCodeLoader: Unable to load native-hadoop library for your platform... using builtin-java classes where applicable
15/04/16 22:17:12 INFO bsp.GroomServer: Starting peer for step -1 state = RUNNING
15/04/16 22:17:18 INFO bsp.GroomServer: instantiating BSPPeerImpl
15/04/16 22:17:18 INFO ipc.Server: Starting Socket Reader #1 for port 61002
15/04/16 22:17:18 INFO ipc.Server: IPC Server listener on 61002: starting
15/04/16 22:17:18 INFO ipc.Server: IPC Server Responder: starting
15/04/16 22:17:18 INFO ipc.Server: IPC Server handler 0 on 61002: starting
15/04/16 22:17:18 INFO ipc.Server: IPC Server handler 1 on 61002: starting
15/04/16 22:17:18 INFO ipc.Server: IPC Server handler 2 on 61002: starting
15/04/16 22:17:18 INFO ipc.Server: IPC Server handler 3 on 61002: starting
15/04/16 22:17:18 INFO message.HamaMessageManagerImpl: BSPPeer address:slave port:61002
15/04/16 22:17:18 INFO ipc.Server: IPC Server handler 4 on 61002: starting
15/04/16 22:17:21 INFO sync.ZKSyncClient: Initializing ZK Sync Client
15/04/16 22:17:21 INFO sync.ZooKeeperSyncClientImpl: Start connecting to Zookeeper! At slave/172.28.128.5:61002
15/04/16 22:17:22 INFO bsp.GroomServer: instantiating BSPPeerImpl done, starting BSPTask now!
15/04/16 22:17:22 INFO bsp.BSPTask: Starting runBSP from BSPTask
15/04/16 22:17:22 INFO bsp.BSPTask: [BSPTask.java] Starting with bsp.setup
15/04/16 22:17:22 INFO graph.GraphJobRunner: [GraphJobRunner] Entering setup.
15/04/16 22:17:22 INFO graph.GraphJobRunner: 25 vertices are loaded into slave:61002
15/04/16 22:17:23 INFO bsp.BSPTask: [BSPTask.java] Starting with bsp.bsp
15/04/16 22:17:23 INFO graph.GraphJobRunner: Entered GraphRunner.bsp. Is recovery task? false
15/04/16 22:17:23 INFO graph.GraphJobRunner: slave:61002
15/04/16 22:17:23 INFO graph.GraphJobRunner: slave:61002
15/04/16 22:17:23 INFO graph.GraphJobRunner: slave:61002
15/04/16 22:17:23 INFO graph.GraphJobRunner: slave:61002
15/04/16 22:17:23 INFO graph.GraphJobRunner: slave:61002
15/04/16 22:17:23 INFO graph.GraphJobRunner: slave:61002
15/04/16 22:17:23 INFO graph.GraphJobRunner: slave:61002
15/04/16 22:17:24 INFO graph.GraphJobRunner: slave:61002
15/04/16 22:17:24 INFO graph.GraphJobRunner: slave:61002
15/04/16 22:17:24 INFO graph.GraphJobRunner: simulated failure
