15/04/16 22:17:09 INFO bsp.GroomServer: BSPPeerChild starting
15/04/16 22:17:12 WARN util.NativeCodeLoader: Unable to load native-hadoop library for your platform... using builtin-java classes where applicable
15/04/16 22:17:13 INFO bsp.GroomServer: Starting peer for step -1 state = RUNNING
15/04/16 22:17:18 INFO bsp.GroomServer: instantiating BSPPeerImpl
15/04/16 22:17:19 INFO ipc.Server: Starting Socket Reader #1 for port 61002
15/04/16 22:17:19 INFO ipc.Server: IPC Server Responder: starting
15/04/16 22:17:19 INFO ipc.Server: IPC Server listener on 61002: starting
15/04/16 22:17:19 INFO ipc.Server: IPC Server handler 0 on 61002: starting
15/04/16 22:17:19 INFO ipc.Server: IPC Server handler 1 on 61002: starting
15/04/16 22:17:19 INFO ipc.Server: IPC Server handler 2 on 61002: starting
15/04/16 22:17:19 INFO ipc.Server: IPC Server handler 3 on 61002: starting
15/04/16 22:17:19 INFO ipc.Server: IPC Server handler 4 on 61002: starting
15/04/16 22:17:19 INFO message.HamaMessageManagerImpl: BSPPeer address:master port:61002
15/04/16 22:17:21 INFO sync.ZKSyncClient: Initializing ZK Sync Client
15/04/16 22:17:21 INFO sync.ZooKeeperSyncClientImpl: Start connecting to Zookeeper! At master/172.28.128.6:61002
15/04/16 22:17:22 INFO bsp.GroomServer: instantiating BSPPeerImpl done, starting BSPTask now!
15/04/16 22:17:22 INFO bsp.BSPTask: Starting runBSP from BSPTask
15/04/16 22:17:22 INFO bsp.BSPTask: [BSPTask.java] Starting with bsp.setup
15/04/16 22:17:22 INFO graph.GraphJobRunner: [GraphJobRunner] Entering setup.
15/04/16 22:17:22 INFO graph.GraphJobRunner: 24 vertices are loaded into master:61002
15/04/16 22:17:23 INFO bsp.BSPTask: [BSPTask.java] Starting with bsp.bsp
15/04/16 22:17:23 INFO graph.GraphJobRunner: Entered GraphRunner.bsp. Is recovery task? false
15/04/16 22:17:23 INFO graph.GraphJobRunner: master:61002
15/04/16 22:17:23 INFO graph.GraphJobRunner: master:61002
15/04/16 22:17:23 INFO graph.GraphJobRunner: master:61002
15/04/16 22:17:23 INFO graph.GraphJobRunner: master:61002
15/04/16 22:17:23 INFO graph.GraphJobRunner: master:61002
15/04/16 22:17:23 INFO graph.GraphJobRunner: master:61002
15/04/16 22:17:23 INFO graph.GraphJobRunner: master:61002
15/04/16 22:17:24 INFO graph.GraphJobRunner: master:61002
15/04/16 22:17:24 INFO graph.GraphJobRunner: master:61002
15/04/16 22:18:38 INFO message.HamaMessageManagerImpl: bspPeer master:61002 received request for previous superstep data from bspPeer slave:61002
15/04/16 22:18:38 INFO message.HamaMessageManagerImpl: bspPeer master:61002 received request for previous superstep data from bspPeer slave:61002
15/04/16 22:18:38 INFO graph.GraphJobRunner: master:61002
15/04/16 22:18:39 INFO graph.GraphJobRunner: master:61002
15/04/16 22:18:39 INFO graph.GraphJobRunner: master:61002
15/04/16 22:18:39 INFO graph.GraphJobRunner: master:61002
15/04/16 22:18:39 INFO graph.GraphJobRunner: master:61002
15/04/16 22:18:39 INFO graph.GraphJobRunner: master:61002
15/04/16 22:18:39 INFO graph.GraphJobRunner: master:61002
15/04/16 22:18:39 INFO graph.GraphJobRunner: master:61002
15/04/16 22:18:39 INFO graph.GraphJobRunner: master:61002
15/04/16 22:18:39 INFO graph.GraphJobRunner: master:61002
15/04/16 22:19:58 INFO message.HamaMessageManagerImpl: bspPeer master:61002 received request for previous superstep data from bspPeer slave:61002
15/04/16 22:19:59 INFO message.HamaMessageManagerImpl: bspPeer master:61002 received request for previous superstep data from bspPeer slave:61002
15/04/16 22:19:59 INFO graph.GraphJobRunner: master:61002
15/04/16 22:19:59 INFO graph.GraphJobRunner: master:61002
15/04/16 22:19:59 INFO graph.GraphJobRunner: master:61002
15/04/16 22:19:59 INFO graph.GraphJobRunner: master:61002
15/04/16 22:19:59 INFO graph.GraphJobRunner: master:61002
15/04/16 22:19:59 INFO graph.GraphJobRunner: master:61002
15/04/16 22:19:59 INFO graph.GraphJobRunner: master:61002
15/04/16 22:19:59 INFO graph.GraphJobRunner: master:61002
15/04/16 22:19:59 INFO graph.GraphJobRunner: master:61002
15/04/16 22:19:59 INFO graph.GraphJobRunner: master:61002
15/04/16 22:21:18 INFO message.HamaMessageManagerImpl: bspPeer master:61002 received request for previous superstep data from bspPeer slave:61002
15/04/16 22:21:19 INFO message.HamaMessageManagerImpl: bspPeer master:61002 received request for previous superstep data from bspPeer slave:61002
15/04/16 22:21:19 INFO graph.GraphJobRunner: master:61002
15/04/16 22:21:19 INFO bsp.BSPTask: [BSPTask.java] Done with bsp.bsp
15/04/16 22:21:20 INFO ipc.Server: Stopping server on 61002
15/04/16 22:21:20 INFO ipc.Server: IPC Server handler 0 on 61002: exiting
15/04/16 22:21:20 INFO ipc.Server: IPC Server handler 2 on 61002: exiting
15/04/16 22:21:20 INFO ipc.Server: IPC Server handler 4 on 61002: exiting
15/04/16 22:21:20 INFO ipc.Server: IPC Server handler 3 on 61002: exiting
15/04/16 22:21:20 INFO ipc.Server: IPC Server handler 1 on 61002: exiting
15/04/16 22:21:20 INFO ipc.Server: Stopping IPC Server listener on 61002
15/04/16 22:21:20 INFO ipc.Server: Stopping IPC Server Responder
15/04/16 22:21:20 INFO Configuration.deprecation: mapred.cache.localFiles is deprecated. Instead, use mapreduce.job.cache.local.files
