2015-04-15 17:13:08,607 INFO org.apache.hama.BSPMasterRunner: STARTUP_MSG: 
/************************************************************
STARTUP_MSG: Starting BSPMaster
STARTUP_MSG:   host = vagrant-master/172.28.128.6
STARTUP_MSG:   args = []
STARTUP_MSG:   version = 2.6.0
STARTUP_MSG:   classpath = /vagrant/hama/bin/../conf:/usr/lib/jvm/java-7-openjdk-amd64/jre/lib/tools.jar:/vagrant/hama/bin/../core/target/classes:/vagrant/hama/bin/../commons/target/classes:/vagrant/hama/bin/../graph/target/classes:/vagrant/hama/bin/../ml/target/classes:/vagrant/hama/bin/../mesos/target/classes:/vagrant/hama/bin/../hama-**.jar:/vagrant/hama/bin/../lib/activation-1.1.jar:/vagrant/hama/bin/../lib/ant-1.6.5.jar:/vagrant/hama/bin/../lib/ant-1.7.1.jar:/vagrant/hama/bin/../lib/ant-launcher-1.7.1.jar:/vagrant/hama/bin/../lib/aopalliance-1.0.jar:/vagrant/hama/bin/../lib/apacheds-i18n-2.0.0-M15.jar:/vagrant/hama/bin/../lib/apacheds-kerberos-codec-2.0.0-M15.jar:/vagrant/hama/bin/../lib/api-asn1-api-1.0.0-M20.jar:/vagrant/hama/bin/../lib/api-util-1.0.0-M20.jar:/vagrant/hama/bin/../lib/asm-3.1.jar:/vagrant/hama/bin/../lib/asm-4.0.jar:/vagrant/hama/bin/../lib/avro-1.5.3.jar:/vagrant/hama/bin/../lib/commons-beanutils-1.8.3.jar:/vagrant/hama/bin/../lib/commons-cli-1.2.jar:/vagrant/hama/bin/../lib/commons-codec-1.4.jar:/vagrant/hama/bin/../lib/commons-collections-3.2.1.jar:/vagrant/hama/bin/../lib/commons-compress-1.9.jar:/vagrant/hama/bin/../lib/commons-configuration-1.7.jar:/vagrant/hama/bin/../lib/commons-daemon-1.0.13.jar:/vagrant/hama/bin/../lib/commons-digester-1.8.1.jar:/vagrant/hama/bin/../lib/commons-el-1.0.jar:/vagrant/hama/bin/../lib/commons-httpclient-3.0.1.jar:/vagrant/hama/bin/../lib/commons-io-2.4.jar:/vagrant/hama/bin/../lib/commons-lang-2.6.jar:/vagrant/hama/bin/../lib/commons-logging-1.1.1.jar:/vagrant/hama/bin/../lib/commons-math3-3.0.jar:/vagrant/hama/bin/../lib/commons-net-3.1.jar:/vagrant/hama/bin/../lib/core-3.1.1.jar:/vagrant/hama/bin/../lib/curator-client-2.6.0.jar:/vagrant/hama/bin/../lib/curator-framework-2.6.0.jar:/vagrant/hama/bin/../lib/curator-recipes-2.6.0.jar:/vagrant/hama/bin/../lib/directmemory-cache-0.2.jar:/vagrant/hama/bin/../lib/directmemory-kryo-0.2.jar:/vagrant/hama/bin/../lib/geronimo-annotation_1.0_spec-1.0.jar:/vagrant/hama/bin/../lib/geronimo-spec-jta-1.0.1B-rc4.jar:/vagrant/hama/bin/../lib/gson-2.2.4.jar:/vagrant/hama/bin/../lib/guava-13.0.1.jar:/vagrant/hama/bin/../lib/guice-3.0.jar:/vagrant/hama/bin/../lib/guice-servlet-3.0.jar:/vagrant/hama/bin/../lib/hadoop-annotations-2.6.0.jar:/vagrant/hama/bin/../lib/hadoop-auth-2.6.0.jar:/vagrant/hama/bin/../lib/hadoop-common-2.6.0.jar:/vagrant/hama/bin/../lib/hadoop-hdfs-2.6.0.jar:/vagrant/hama/bin/../lib/hadoop-hdfs-2.6.0-tests.jar:/vagrant/hama/bin/../lib/hadoop-mapreduce-client-core-2.6.0.jar:/vagrant/hama/bin/../lib/hadoop-yarn-api-2.6.0.jar:/vagrant/hama/bin/../lib/hadoop-yarn-common-2.6.0.jar:/vagrant/hama/bin/../lib/hama-commons-0.7.0-SNAPSHOT.jar:/vagrant/hama/bin/../lib/hama-core-0.7.0-SNAPSHOT.jar:/vagrant/hama/bin/../lib/htrace-core-3.0.4.jar:/vagrant/hama/bin/../lib/httpclient-4.2.5.jar:/vagrant/hama/bin/../lib/httpcore-4.1.2.jar:/vagrant/hama/bin/../lib/jackson-core-asl-1.9.2.jar:/vagrant/hama/bin/../lib/jackson-jaxrs-1.8.3.jar:/vagrant/hama/bin/../lib/jackson-mapper-asl-1.9.2.jar:/vagrant/hama/bin/../lib/jackson-xc-1.8.3.jar:/vagrant/hama/bin/../lib/jasper-compiler-5.5.23.jar:/vagrant/hama/bin/../lib/jasper-runtime-5.5.23.jar:/vagrant/hama/bin/../lib/javax.inject-1.jar:/vagrant/hama/bin/../lib/java-xmlbuilder-0.4.jar:/vagrant/hama/bin/../lib/jaxb-api-2.2.2.jar:/vagrant/hama/bin/../lib/jaxb-impl-2.2.3-1.jar:/vagrant/hama/bin/../lib/jdk.tools-1.7.jar:/vagrant/hama/bin/../lib/jersey-client-1.9.jar:/vagrant/hama/bin/../lib/jersey-core-1.9.jar:/vagrant/hama/bin/../lib/jersey-guice-1.9.jar:/vagrant/hama/bin/../lib/jersey-json-1.9.jar:/vagrant/hama/bin/../lib/jersey-server-1.9.jar:/vagrant/hama/bin/../lib/jets3t-0.9.0.jar:/vagrant/hama/bin/../lib/jettison-1.1.jar:/vagrant/hama/bin/../lib/jetty-6.1.14.jar:/vagrant/hama/bin/../lib/jetty-annotations-6.1.14.jar:/vagrant/hama/bin/../lib/jetty-plus-6.1.14.jar:/vagrant/hama/bin/../lib/jetty-util-6.1.14.jar:/vagrant/hama/bin/../lib/jline-0.9.94.jar:/vagrant/hama/bin/../lib/jsch-0.1.42.jar:/vagrant/hama/bin/../lib/jsp-2.1-6.1.14.jar:/vagrant/hama/bin/../lib/jsp-api-2.1-6.1.14.jar:/vagrant/hama/bin/../lib/jsp-api-2.1.jar:/vagrant/hama/bin/../lib/jsr305-1.3.9.jar:/vagrant/hama/bin/../lib/junit-4.8.1.jar:/vagrant/hama/bin/../lib/kryo-2.20.jar:/vagrant/hama/bin/../lib/log4j-1.2.16.jar:/vagrant/hama/bin/../lib/mesos-0.15.0.jar:/vagrant/hama/bin/../lib/minlog-1.2.jar:/vagrant/hama/bin/../lib/netty-3.2.2.Final.jar:/vagrant/hama/bin/../lib/netty-3.6.2.Final.jar:/vagrant/hama/bin/../lib/netty-all-4.0.21.Final.jar:/vagrant/hama/bin/../lib/objenesis-1.2.jar:/vagrant/hama/bin/../lib/paranamer-2.3.jar:/vagrant/hama/bin/../lib/protobuf-java-2.5.0.jar:/vagrant/hama/bin/../lib/reflectasm-1.07-shaded.jar:/vagrant/hama/bin/../lib/servlet-api-2.5-6.1.14.jar:/vagrant/hama/bin/../lib/servlet-api-2.5.jar:/vagrant/hama/bin/../lib/servlet-api-6.0.32.jar:/vagrant/hama/bin/../lib/slf4j-api-1.5.8.jar:/vagrant/hama/bin/../lib/slf4j-log4j12-1.5.8.jar:/vagrant/hama/bin/../lib/snappy-java-1.0.5.jar:/vagrant/hama/bin/../lib/stax-api-1.0-2.jar:/vagrant/hama/bin/../lib/xercesImpl-2.9.1.jar:/vagrant/hama/bin/../lib/xml-apis-1.3.04.jar:/vagrant/hama/bin/../lib/xmlenc-0.52.jar:/vagrant/hama/bin/../lib/zookeeper-3.4.5.jar
STARTUP_MSG:   build = https://git-wip-us.apache.org/repos/asf/hadoop.git -r e3496499ecb8d220fba99dc5ed4c99c8f9e33bb1 (HEAD, tag: release-2.6.0-rc1, origin/branch-2.6.0, branch-2.6.0); compiled by 'acmurthy' on 2014-11-13T22:35Z
STARTUP_MSG:   java = 1.7.0_75
************************************************************/
2015-04-15 17:13:08,635 INFO org.apache.hama.BSPMasterRunner: registered UNIX signal handlers for [TERM, HUP, INT]
2015-04-15 17:13:09,677 INFO org.apache.hama.bsp.BSPMaster: RPC BSPMaster: host master port 40000
2015-04-15 17:13:10,641 WARN org.apache.hadoop.util.NativeCodeLoader: Unable to load native-hadoop library for your platform... using builtin-java classes where applicable
2015-04-15 17:13:10,674 INFO org.apache.hama.ipc.Server: Starting Socket Reader #1 for port 40000
2015-04-15 17:13:10,884 INFO org.mortbay.log: Logging to org.slf4j.impl.Log4jLoggerAdapter(org.mortbay.log) via org.mortbay.log.Slf4jLog
2015-04-15 17:13:11,221 INFO org.apache.hama.http.HttpServer: Port returned by webServer.getConnectors()[0].getLocalPort() before open() is -1. Opening the listener on 40013
2015-04-15 17:13:11,223 INFO org.apache.hama.http.HttpServer: listener.getLocalPort() returned 40013 webServer.getConnectors()[0].getLocalPort() returned 40013
2015-04-15 17:13:11,223 INFO org.apache.hama.http.HttpServer: Jetty bound to port 40013
2015-04-15 17:13:11,224 INFO org.mortbay.log: jetty-6.1.14
2015-04-15 17:13:12,776 INFO org.mortbay.log: Started SelectChannelConnector@master:40013
2015-04-15 17:13:16,220 INFO org.apache.hama.bsp.BSPMaster: Cleaning up the system directory
2015-04-15 17:13:16,220 INFO org.apache.hama.bsp.BSPMaster: hdfs://master:9000/tmp/hadoop-vagrant/bsp/system
2015-04-15 17:13:16,736 INFO org.apache.hama.bsp.sync.ZKSyncBSPMasterClient: Initialized ZK false
2015-04-15 17:13:16,736 INFO org.apache.hama.bsp.sync.ZKSyncClient: Initializing ZK Sync Client
2015-04-15 17:13:16,862 INFO org.apache.hama.ipc.Server: IPC Server Responder: starting
2015-04-15 17:13:16,863 INFO org.apache.hama.ipc.Server: IPC Server listener on 40000: starting
2015-04-15 17:13:16,866 INFO org.apache.hama.ipc.Server: IPC Server handler 0 on 40000: starting
2015-04-15 17:13:16,881 INFO org.apache.hama.bsp.BSPMaster: Starting RUNNING
2015-04-15 17:13:17,060 INFO org.apache.hama.bsp.BSPMaster: groomd_slave_50000 is added.
2015-04-15 17:13:17,075 INFO org.apache.hama.bsp.BSPMaster: groomd_master_50000 is added.
2015-04-15 17:13:17,846 WARN org.apache.hama.monitor.fd.UDPSupervisor$Watcher: java.util.concurrent.ExecutionException: java.lang.RuntimeException: Samples data does not exist.
2015-04-15 17:13:19,074 WARN org.apache.hama.monitor.fd.UDPSupervisor$Watcher: java.util.concurrent.ExecutionException: org.apache.commons.math3.exception.NotStrictlyPositiveException: standard deviation (0)
2015-04-15 17:13:27,518 INFO org.apache.hadoop.conf.Configuration.deprecation: user.name is deprecated. Instead, use mapreduce.job.user.name
2015-04-15 17:13:27,569 INFO org.apache.hama.bsp.JobInProgress: num BSPTasks: 2
2015-04-15 17:13:27,677 INFO org.apache.hama.bsp.JobInProgress: Initialized fault tolerance service with org.apache.hama.bsp.ft.AsyncRcvdMsgCheckpointImpl
2015-04-15 17:13:27,677 INFO org.apache.hama.bsp.JobInProgress: Job is initialized.
2015-04-15 17:13:42,541 INFO org.apache.hama.bsp.JobInProgress: Job successfully done.
2015-04-15 17:13:43,046 INFO org.apache.hadoop.conf.Configuration.deprecation: user.name is deprecated. Instead, use mapreduce.job.user.name
2015-04-15 17:13:43,061 INFO org.apache.hama.bsp.JobInProgress: num BSPTasks: 4
2015-04-15 17:13:43,065 INFO org.apache.hama.bsp.JobInProgress: Initialized fault tolerance service with org.apache.hama.bsp.ft.AsyncRcvdMsgCheckpointImpl
2015-04-15 17:13:43,065 INFO org.apache.hama.bsp.JobInProgress: Job is initialized.
