2015-03-29 13:38:04,217 ERROR org.apache.zookeeper.server.quorum.QuorumPeerConfig: Invalid configuration, only one server specified (ignoring)
2015-03-29 13:38:04,521 ERROR org.apache.hama.zookeeper.QuorumPeer: Exception during ZooKeeper startup - exiting...
java.net.BindException: Address already in use
	at sun.nio.ch.Net.bind0(Native Method)
	at sun.nio.ch.Net.bind(Net.java:444)
	at sun.nio.ch.Net.bind(Net.java:436)
	at sun.nio.ch.ServerSocketChannelImpl.bind(ServerSocketChannelImpl.java:214)
	at sun.nio.ch.ServerSocketAdaptor.bind(ServerSocketAdaptor.java:74)
	at sun.nio.ch.ServerSocketAdaptor.bind(ServerSocketAdaptor.java:67)
	at org.apache.zookeeper.server.NIOServerCnxnFactory.configure(NIOServerCnxnFactory.java:95)
	at org.apache.zookeeper.server.ZooKeeperServerMain.runFromConfig(ZooKeeperServerMain.java:110)
	at org.apache.hama.zookeeper.QuorumPeer.runZKServer(QuorumPeer.java:124)
	at org.apache.hama.zookeeper.QuorumPeer.runZooKeeper(QuorumPeer.java:92)
	at org.apache.hama.zookeeper.QuorumPeer.run(QuorumPeer.java:75)
	at org.apache.hama.ZooKeeperRunner.run(ZooKeeperRunner.java:36)
	at org.apache.hadoop.util.ToolRunner.run(ToolRunner.java:70)
	at org.apache.hadoop.util.ToolRunner.run(ToolRunner.java:84)
	at org.apache.hama.ZooKeeperRunner.main(ZooKeeperRunner.java:41)
2015-03-29 13:39:11,695 ERROR org.apache.zookeeper.server.quorum.QuorumPeerConfig: Invalid configuration, only one server specified (ignoring)
2015-03-29 13:39:11,790 ERROR org.apache.hama.zookeeper.QuorumPeer: Exception during ZooKeeper startup - exiting...
java.net.BindException: Address already in use
	at sun.nio.ch.Net.bind0(Native Method)
	at sun.nio.ch.Net.bind(Net.java:444)
	at sun.nio.ch.Net.bind(Net.java:436)
	at sun.nio.ch.ServerSocketChannelImpl.bind(ServerSocketChannelImpl.java:214)
	at sun.nio.ch.ServerSocketAdaptor.bind(ServerSocketAdaptor.java:74)
	at sun.nio.ch.ServerSocketAdaptor.bind(ServerSocketAdaptor.java:67)
	at org.apache.zookeeper.server.NIOServerCnxnFactory.configure(NIOServerCnxnFactory.java:95)
	at org.apache.zookeeper.server.ZooKeeperServerMain.runFromConfig(ZooKeeperServerMain.java:110)
	at org.apache.hama.zookeeper.QuorumPeer.runZKServer(QuorumPeer.java:124)
	at org.apache.hama.zookeeper.QuorumPeer.runZooKeeper(QuorumPeer.java:92)
	at org.apache.hama.zookeeper.QuorumPeer.run(QuorumPeer.java:75)
	at org.apache.hama.ZooKeeperRunner.run(ZooKeeperRunner.java:36)
	at org.apache.hadoop.util.ToolRunner.run(ToolRunner.java:70)
	at org.apache.hadoop.util.ToolRunner.run(ToolRunner.java:84)
	at org.apache.hama.ZooKeeperRunner.main(ZooKeeperRunner.java:41)
2015-03-29 13:47:42,239 ERROR org.apache.zookeeper.server.quorum.QuorumPeerConfig: Invalid configuration, only one server specified (ignoring)
2015-03-29 13:47:42,552 ERROR org.apache.hama.zookeeper.QuorumPeer: Exception during ZooKeeper startup - exiting...
java.net.BindException: Address already in use
	at sun.nio.ch.Net.bind0(Native Method)
	at sun.nio.ch.Net.bind(Net.java:444)
	at sun.nio.ch.Net.bind(Net.java:436)
	at sun.nio.ch.ServerSocketChannelImpl.bind(ServerSocketChannelImpl.java:214)
	at sun.nio.ch.ServerSocketAdaptor.bind(ServerSocketAdaptor.java:74)
	at sun.nio.ch.ServerSocketAdaptor.bind(ServerSocketAdaptor.java:67)
	at org.apache.zookeeper.server.NIOServerCnxnFactory.configure(NIOServerCnxnFactory.java:95)
	at org.apache.zookeeper.server.ZooKeeperServerMain.runFromConfig(ZooKeeperServerMain.java:110)
	at org.apache.hama.zookeeper.QuorumPeer.runZKServer(QuorumPeer.java:124)
	at org.apache.hama.zookeeper.QuorumPeer.runZooKeeper(QuorumPeer.java:92)
	at org.apache.hama.zookeeper.QuorumPeer.run(QuorumPeer.java:75)
	at org.apache.hama.ZooKeeperRunner.run(ZooKeeperRunner.java:36)
	at org.apache.hadoop.util.ToolRunner.run(ToolRunner.java:70)
	at org.apache.hadoop.util.ToolRunner.run(ToolRunner.java:84)
	at org.apache.hama.ZooKeeperRunner.main(ZooKeeperRunner.java:41)
2015-03-29 14:40:45,859 ERROR org.apache.zookeeper.server.quorum.QuorumPeerConfig: Invalid configuration, only one server specified (ignoring)
