2015-03-29 13:38:05,279 INFO org.apache.hama.GroomServerRunner: STARTUP_MSG: 
/************************************************************
STARTUP_MSG: Starting GroomServer
STARTUP_MSG:   host = vagrant-ubuntu-trusty-64/10.0.2.15
STARTUP_MSG:   args = [slave1]
STARTUP_MSG:   version = 2.6.0
STARTUP_MSG:   classpath = /vagrant/hama/bin/../conf:/usr/lib/jvm/java-7-openjdk-amd64/jre/lib/tools.jar:/vagrant/hama/bin/../core/target/classes:/vagrant/hama/bin/../commons/target/classes:/vagrant/hama/bin/../graph/target/classes:/vagrant/hama/bin/../ml/target/classes:/vagrant/hama/bin/../mesos/target/classes:/vagrant/hama/bin/../hama-**.jar:/vagrant/hama/bin/../lib/activation-1.1.jar:/vagrant/hama/bin/../lib/ant-1.6.5.jar:/vagrant/hama/bin/../lib/ant-1.7.1.jar:/vagrant/hama/bin/../lib/ant-launcher-1.7.1.jar:/vagrant/hama/bin/../lib/aopalliance-1.0.jar:/vagrant/hama/bin/../lib/apacheds-i18n-2.0.0-M15.jar:/vagrant/hama/bin/../lib/apacheds-kerberos-codec-2.0.0-M15.jar:/vagrant/hama/bin/../lib/api-asn1-api-1.0.0-M20.jar:/vagrant/hama/bin/../lib/api-util-1.0.0-M20.jar:/vagrant/hama/bin/../lib/asm-3.1.jar:/vagrant/hama/bin/../lib/asm-4.0.jar:/vagrant/hama/bin/../lib/avro-1.5.3.jar:/vagrant/hama/bin/../lib/commons-beanutils-1.8.3.jar:/vagrant/hama/bin/../lib/commons-cli-1.2.jar:/vagrant/hama/bin/../lib/commons-codec-1.4.jar:/vagrant/hama/bin/../lib/commons-collections-3.2.1.jar:/vagrant/hama/bin/../lib/commons-compress-1.9.jar:/vagrant/hama/bin/../lib/commons-configuration-1.7.jar:/vagrant/hama/bin/../lib/commons-daemon-1.0.13.jar:/vagrant/hama/bin/../lib/commons-digester-1.8.1.jar:/vagrant/hama/bin/../lib/commons-el-1.0.jar:/vagrant/hama/bin/../lib/commons-httpclient-3.0.1.jar:/vagrant/hama/bin/../lib/commons-io-2.4.jar:/vagrant/hama/bin/../lib/commons-lang-2.6.jar:/vagrant/hama/bin/../lib/commons-logging-1.1.1.jar:/vagrant/hama/bin/../lib/commons-math3-3.0.jar:/vagrant/hama/bin/../lib/commons-net-3.1.jar:/vagrant/hama/bin/../lib/core-3.1.1.jar:/vagrant/hama/bin/../lib/curator-client-2.6.0.jar:/vagrant/hama/bin/../lib/curator-framework-2.6.0.jar:/vagrant/hama/bin/../lib/curator-recipes-2.6.0.jar:/vagrant/hama/bin/../lib/directmemory-cache-0.2.jar:/vagrant/hama/bin/../lib/directmemory-kryo-0.2.jar:/vagrant/hama/bin/../lib/geronimo-annotation_1.0_spec-1.0.jar:/vagrant/hama/bin/../lib/geronimo-spec-jta-1.0.1B-rc4.jar:/vagrant/hama/bin/../lib/gson-2.2.4.jar:/vagrant/hama/bin/../lib/guava-13.0.1.jar:/vagrant/hama/bin/../lib/guice-3.0.jar:/vagrant/hama/bin/../lib/guice-servlet-3.0.jar:/vagrant/hama/bin/../lib/hadoop-annotations-2.6.0.jar:/vagrant/hama/bin/../lib/hadoop-auth-2.6.0.jar:/vagrant/hama/bin/../lib/hadoop-common-2.6.0.jar:/vagrant/hama/bin/../lib/hadoop-hdfs-2.6.0.jar:/vagrant/hama/bin/../lib/hadoop-hdfs-2.6.0-tests.jar:/vagrant/hama/bin/../lib/hadoop-mapreduce-client-core-2.6.0.jar:/vagrant/hama/bin/../lib/hadoop-yarn-api-2.6.0.jar:/vagrant/hama/bin/../lib/hadoop-yarn-common-2.6.0.jar:/vagrant/hama/bin/../lib/hama-commons-0.7.0-SNAPSHOT.jar:/vagrant/hama/bin/../lib/hama-core-0.7.0-SNAPSHOT.jar:/vagrant/hama/bin/../lib/htrace-core-3.0.4.jar:/vagrant/hama/bin/../lib/httpclient-4.2.5.jar:/vagrant/hama/bin/../lib/httpcore-4.1.2.jar:/vagrant/hama/bin/../lib/jackson-core-asl-1.9.2.jar:/vagrant/hama/bin/../lib/jackson-jaxrs-1.8.3.jar:/vagrant/hama/bin/../lib/jackson-mapper-asl-1.9.2.jar:/vagrant/hama/bin/../lib/jackson-xc-1.8.3.jar:/vagrant/hama/bin/../lib/jasper-compiler-5.5.23.jar:/vagrant/hama/bin/../lib/jasper-runtime-5.5.23.jar:/vagrant/hama/bin/../lib/javax.inject-1.jar:/vagrant/hama/bin/../lib/java-xmlbuilder-0.4.jar:/vagrant/hama/bin/../lib/jaxb-api-2.2.2.jar:/vagrant/hama/bin/../lib/jaxb-impl-2.2.3-1.jar:/vagrant/hama/bin/../lib/jdk.tools-1.7.jar:/vagrant/hama/bin/../lib/jersey-client-1.9.jar:/vagrant/hama/bin/../lib/jersey-core-1.9.jar:/vagrant/hama/bin/../lib/jersey-guice-1.9.jar:/vagrant/hama/bin/../lib/jersey-json-1.9.jar:/vagrant/hama/bin/../lib/jersey-server-1.9.jar:/vagrant/hama/bin/../lib/jets3t-0.9.0.jar:/vagrant/hama/bin/../lib/jettison-1.1.jar:/vagrant/hama/bin/../lib/jetty-6.1.14.jar:/vagrant/hama/bin/../lib/jetty-annotations-6.1.14.jar:/vagrant/hama/bin/../lib/jetty-plus-6.1.14.jar:/vagrant/hama/bin/../lib/jetty-util-6.1.14.jar:/vagrant/hama/bin/../lib/jline-0.9.94.jar:/vagrant/hama/bin/../lib/jsch-0.1.42.jar:/vagrant/hama/bin/../lib/jsp-2.1-6.1.14.jar:/vagrant/hama/bin/../lib/jsp-api-2.1-6.1.14.jar:/vagrant/hama/bin/../lib/jsp-api-2.1.jar:/vagrant/hama/bin/../lib/jsr305-1.3.9.jar:/vagrant/hama/bin/../lib/junit-4.8.1.jar:/vagrant/hama/bin/../lib/kryo-2.20.jar:/vagrant/hama/bin/../lib/log4j-1.2.16.jar:/vagrant/hama/bin/../lib/mesos-0.15.0.jar:/vagrant/hama/bin/../lib/minlog-1.2.jar:/vagrant/hama/bin/../lib/netty-3.2.2.Final.jar:/vagrant/hama/bin/../lib/netty-3.6.2.Final.jar:/vagrant/hama/bin/../lib/netty-all-4.0.21.Final.jar:/vagrant/hama/bin/../lib/objenesis-1.2.jar:/vagrant/hama/bin/../lib/paranamer-2.3.jar:/vagrant/hama/bin/../lib/protobuf-java-2.5.0.jar:/vagrant/hama/bin/../lib/reflectasm-1.07-shaded.jar:/vagrant/hama/bin/../lib/servlet-api-2.5-6.1.14.jar:/vagrant/hama/bin/../lib/servlet-api-2.5.jar:/vagrant/hama/bin/../lib/servlet-api-6.0.32.jar:/vagrant/hama/bin/../lib/slf4j-api-1.5.8.jar:/vagrant/hama/bin/../lib/slf4j-log4j12-1.5.8.jar:/vagrant/hama/bin/../lib/snappy-java-1.0.5.jar:/vagrant/hama/bin/../lib/stax-api-1.0-2.jar:/vagrant/hama/bin/../lib/xercesImpl-2.9.1.jar:/vagrant/hama/bin/../lib/xml-apis-1.3.04.jar:/vagrant/hama/bin/../lib/xmlenc-0.52.jar:/vagrant/hama/bin/../lib/zookeeper-3.4.5.jar
STARTUP_MSG:   build = https://git-wip-us.apache.org/repos/asf/hadoop.git -r e3496499ecb8d220fba99dc5ed4c99c8f9e33bb1 (HEAD, tag: release-2.6.0-rc1, origin/branch-2.6.0, branch-2.6.0); compiled by 'acmurthy' on 2014-11-13T22:35Z
STARTUP_MSG:   java = 1.7.0_75
************************************************************/
2015-03-29 13:38:05,295 INFO org.apache.hama.GroomServerRunner: registered UNIX signal handlers for [TERM, HUP, INT]
2015-03-29 13:38:05,644 INFO org.apache.hama.bsp.GroomServer: groom start
2015-03-29 13:38:05,942 INFO org.apache.hama.bsp.GroomServer: /tmp/hadoop-vagrant/bsp/local
2015-03-29 13:38:06,490 WARN org.apache.hadoop.util.NativeCodeLoader: Unable to load native-hadoop library for your platform... using builtin-java classes where applicable
2015-03-29 13:38:07,261 INFO org.apache.hama.ipc.Server: Starting Socket Reader #1 for port 50000
2015-03-29 13:38:07,265 INFO org.apache.hama.ipc.Server: IPC Server Responder: starting
2015-03-29 13:38:07,265 INFO org.apache.hama.ipc.Server: IPC Server listener on 50000: starting
2015-03-29 13:38:07,268 INFO org.apache.hama.ipc.Server: IPC Server handler 0 on 50000: starting
2015-03-29 13:38:07,425 INFO org.mortbay.log: Logging to org.slf4j.impl.Log4jLoggerAdapter(org.mortbay.log) via org.mortbay.log.Slf4jLog
2015-03-29 13:38:07,597 INFO org.apache.hama.bsp.GroomServer: starting webserver: slave1
2015-03-29 13:38:07,597 INFO org.apache.hama.http.HttpServer: Port returned by webServer.getConnectors()[0].getLocalPort() before open() is -1. Opening the listener on 40015
2015-03-29 13:38:07,597 INFO org.apache.hama.http.HttpServer: listener.getLocalPort() returned 40015 webServer.getConnectors()[0].getLocalPort() returned 40015
2015-03-29 13:38:07,598 INFO org.apache.hama.http.HttpServer: Jetty bound to port 40015
2015-03-29 13:38:07,598 INFO org.mortbay.log: jetty-6.1.14
2015-03-29 13:38:08,640 INFO org.mortbay.log: Started SelectChannelConnector@slave1:40015
2015-03-29 13:38:08,648 INFO org.apache.hama.ipc.Server: Starting Socket Reader #1 for port 50001
2015-03-29 13:38:08,648 INFO org.apache.hama.ipc.Server: IPC Server Responder: starting
2015-03-29 13:38:08,648 INFO org.apache.hama.ipc.Server: IPC Server listener on 50001: starting
2015-03-29 13:38:08,648 INFO org.apache.hama.ipc.Server: IPC Server handler 0 on 50001: starting
2015-03-29 13:38:08,648 INFO org.apache.hama.ipc.Server: IPC Server handler 1 on 50001: starting
2015-03-29 13:38:08,649 INFO org.apache.hama.ipc.Server: IPC Server handler 2 on 50001: starting
2015-03-29 13:38:08,649 INFO org.apache.hama.ipc.Server: IPC Server handler 3 on 50001: starting
2015-03-29 13:38:08,649 INFO org.apache.hama.bsp.GroomServer: TaskReportServer up at: localhost/127.0.0.1:50001
2015-03-29 13:38:08,651 INFO org.apache.hama.bsp.GroomServer: Starting groom: slave1:50000
2015-03-29 13:38:08,651 INFO org.apache.hama.ipc.Server: IPC Server handler 4 on 50001: starting
2015-03-29 13:38:09,734 INFO org.apache.hama.ipc.Client: Retrying connect to server: master/172.28.128.3:40000. Already tried 0 time(s); retry policy is RetryUpToMaximumCountWithFixedSleep(maxRetries=10, sleepTime=1 SECONDS)
2015-03-29 13:43:49,604 ERROR org.apache.hama.GroomServerRunner: RECEIVED SIGNAL 15: SIGTERM
2015-03-29 13:43:49,611 INFO org.apache.hama.GroomServerRunner: SHUTDOWN_MSG: 
/************************************************************
SHUTDOWN_MSG: Shutting down GroomServer at vagrant-ubuntu-trusty-64/10.0.2.15
************************************************************/
b/commons-httpclient-3.0.1.jar:/vagrant/hama/bin/../lib/commons-io-2.4.jar:/vagrant/hama/bin/../lib/commons-lang-2.6.jar:/vagrant/hama/bin/../lib/commons-logging-1.1.1.jar:/vagrant/hama/bin/../lib/commons-math3-3.0.jar:/vagrant/hama/bin/../lib/commons-net-3.1.jar:/vagrant/hama/bin/../lib/core-3.1.1.jar:/vagrant/hama/bin/../lib/curator-client-2.6.0.jar:/vagrant/hama/bin/../lib/curator-framework-2.6.0.jar:/vagrant/hama/bin/../lib/curator-recipes-2.6.0.jar:/vagrant/hama/bin/../lib/directmemory-cache-0.2.jar:/vagrant/hama/bin/../lib/directmemory-kryo-0.2.jar:/vagrant/hama/bin/../lib/geronimo-annotation_1.0_spec-1.0.jar:/vagrant/hama/bin/../lib/geronimo-spec-jta-1.0.1B-rc4.jar:/vagrant/hama/bin/../lib/gson-2.2.4.jar:/vagrant/hama/bin/../lib/guava-13.0.1.jar:/vagrant/hama/bin/../lib/guice-3.0.jar:/vagrant/hama/bin/../lib/guice-servlet-3.0.jar:/vagrant/hama/bin/../lib/hadoop-annotations-2.6.0.jar:/vagrant/hama/bin/../lib/hadoop-auth-2.6.0.jar:/vagrant/hama/bin/../lib/hadoop-common-2.6.0.jar:/vagrant/hama/bin/../lib/hadoop-hdfs-2.6.0.jar:/vagrant/hama/bin/../lib/hadoop-hdfs-2.6.0-tests.jar:/vagrant/hama/bin/../lib/hadoop-mapreduce-client-core-2.6.0.jar:/vagrant/hama/bin/../lib/hadoop-yarn-api-2.6.0.jar:/vagrant/hama/bin/../lib/hadoop-yarn-common-2.6.0.jar:/vagrant/hama/bin/../lib/hama-commons-0.7.0-SNAPSHOT.jar:/vagrant/hama/bin/../lib/hama-core-0.7.0-SNAPSHOT.jar:/vagrant/hama/bin/../lib/htrace-core-3.0.4.jar:/vagrant/hama/bin/../lib/httpclient-4.2.5.jar:/vagrant/hama/bin/../lib/httpcore-4.1.2.jar:/vagrant/hama/bin/../lib/jackson-core-asl-1.9.2.jar:/vagrant/hama/bin/../lib/jackson-jaxrs-1.8.3.jar:/vagrant/hama/bin/../lib/jackson-mapper-asl-1.9.2.jar:/vagrant/hama/bin/../lib/jackson-xc-1.8.3.jar:/vagrant/hama/bin/../lib/jasper-compiler-5.5.23.jar:/vagrant/hama/bin/../lib/jasper-runtime-5.5.23.jar:/vagrant/hama/bin/../lib/javax.inject-1.jar:/vagrant/hama/bin/../lib/java-xmlbuilder-0.4.jar:/vagrant/hama/bin/../lib/jaxb-api-2.2.2.jar:/vagrant/hama/bin/../lib/jaxb-impl-2.2.3-1.jar:/vagrant/hama/bin/../lib/jdk.tools-1.7.jar:/vagrant/hama/bin/../lib/jersey-client-1.9.jar:/vagrant/hama/bin/../lib/jersey-core-1.9.jar:/vagrant/hama/bin/../lib/jersey-guice-1.9.jar:/vagrant/hama/bin/../lib/jersey-json-1.9.jar:/vagrant/hama/bin/../lib/jersey-server-1.9.jar:/vagrant/hama/bin/../lib/jets3t-0.9.0.jar:/vagrant/hama/bin/../lib/jettison-1.1.jar:/vagrant/hama/bin/../lib/jetty-6.1.14.jar:/vagrant/hama/bin/../lib/jetty-annotations-6.1.14.jar:/vagrant/hama/bin/../lib/jetty-plus-6.1.14.jar:/vagrant/hama/bin/../lib/jetty-util-6.1.14.jar:/vagrant/hama/bin/../lib/jline-0.9.94.jar:/vagrant/hama/bin/../lib/jsch-0.1.42.jar:/vagrant/hama/bin/../lib/jsp-2.1-6.1.14.jar:/vagrant/hama/bin/../lib/jsp-api-2.1-6.1.14.jar:/vagrant/hama/bin/../lib/jsp-api-2.1.jar:/vagrant/hama/bin/../lib/jsr305-1.3.9.jar:/vagrant/hama/bin/../lib/junit-4.8.1.jar:/vagrant/hama/bin/../lib/kryo-2.20.jar:/vagrant/hama/bin/../lib/log4j-1.2.16.jar:/vagrant/hama/bin/../lib/mesos-0.15.0.jar:/vagrant/hama/bin/../lib/minlog-1.2.jar:/vagrant/hama/bin/../lib/netty-3.2.2.Final.jar:/vagrant/hama/bin/../lib/netty-3.6.2.Final.jar:/vagrant/hama/bin/../lib/netty-all-4.0.21.Final.jar:/vagrant/hama/bin/../lib/objenesis-1.2.jar:/vagrant/hama/bin/../lib/paranamer-2.3.jar:/vagrant/hama/bin/../lib/protobuf-java-2.5.0.jar:/vagrant/hama/bin/../lib/reflectasm-1.07-shaded.jar:/vagrant/hama/bin/../lib/servlet-api-2.5-6.1.14.jar:/vagrant/hama/bin/../lib/servlet-api-2.5.jar:/vagrant/hama/bin/../lib/servlet-api-6.0.32.jar:/vagrant/hama/bin/../lib/slf4j-api-1.5.8.jar:/vagrant/hama/bin/../lib/slf4j-log4j12-1.5.8.jar:/vagrant/hama/bin/../lib/snappy-java-1.0.5.jar:/vagrant/hama/bin/../lib/stax-api-1.0-2.jar:/vagrant/hama/bin/../lib/xercesImpl-2.9.1.jar:/vagrant/hama/bin/../lib/xml-apis-1.3.04.jar:/vagrant/hama/bin/../lib/xmlenc-0.52.jar:/vagrant/hama/bin/../lib/zookeeper-3.4.5.jar
STARTUP_MSG:   build = https://git-wip-us.apache.org/repos/asf/hadoop.git -r e3496499ecb8d220fba99dc5ed4c99c8f9e33bb1 (HEAD, tag: release-2.6.0-rc1, origin/branch-2.6.0, branch-2.6.0); compiled by 'acmurthy' on 2014-11-13T22:35Z
STARTUP_MSG:   java = 1.7.0_75
************************************************************/
2015-03-29 13:38:07,674 INFO org.apache.hama.GroomServerRunner: registered UNIX signal handlers for [TERM, HUP, INT]
2015-03-29 13:38:08,295 INFO org.apache.hama.bsp.GroomServer: groom start
2015-03-29 13:38:08,870 INFO org.apache.hama.bsp.GroomServer: /tmp/hadoop-vagrant/bsp/local
2015-03-29 13:38:09,664 WARN org.apache.hadoop.util.NativeCodeLoader: Unable to load native-hadoop library for your platform... using builtin-java classes where applicable
2015-03-29 13:38:10,901 INFO org.apache.hama.ipc.Server: Starting Socket Reader #1 for port 50000
2015-03-29 13:38:10,915 INFO org.apache.hama.ipc.Server: IPC Server Responder: starting
2015-03-29 13:38:10,918 INFO org.apache.hama.ipc.Server: IPC Server listener on 50000: starting
2015-03-29 13:38:10,923 INFO org.apache.hama.ipc.Server: IPC Server handler 0 on 50000: starting
2015-03-29 13:38:11,294 INFO org.mortbay.log: Logging to org.slf4j.impl.Log4jLoggerAdapter(org.mortbay.log) via org.mortbay.log.Slf4jLog
2015-03-29 13:38:11,603 INFO org.apache.hama.bsp.GroomServer: starting webserver: master
2015-03-29 13:38:11,603 INFO org.apache.hama.http.HttpServer: Port returned by webServer.getConnectors()[0].getLocalPort() before open() is -1. Opening the listener on 40015
2015-03-29 13:38:11,603 INFO org.apache.hama.http.HttpServer: listener.getLocalPort() returned 40015 webServer.getConnectors()[0].getLocalPort() returned 40015
2015-03-29 13:38:11,603 INFO org.apache.hama.http.HttpServer: Jetty bound to port 40015
2015-03-29 13:38:11,604 INFO org.mortbay.log: jetty-6.1.14
2015-03-29 13:38:13,729 INFO org.mortbay.log: Started SelectChannelConnector@master:40015
2015-03-29 13:38:13,742 INFO org.apache.hama.ipc.Server: Starting Socket Reader #1 for port 50001
2015-03-29 13:38:13,742 INFO org.apache.hama.ipc.Server: IPC Server Responder: starting
2015-03-29 13:38:13,742 INFO org.apache.hama.ipc.Server: IPC Server listener on 50001: starting
2015-03-29 13:38:13,742 INFO org.apache.hama.ipc.Server: IPC Server handler 0 on 50001: starting
2015-03-29 13:38:13,743 INFO org.apache.hama.ipc.Server: IPC Server handler 1 on 50001: starting
2015-03-29 13:38:13,743 INFO org.apache.hama.ipc.Server: IPC Server handler 2 on 50001: starting
2015-03-29 13:38:13,744 INFO org.apache.hama.ipc.Server: IPC Server handler 3 on 50001: starting
2015-03-29 13:38:13,744 INFO org.apache.hama.bsp.GroomServer: TaskReportServer up at: localhost/127.0.0.1:50001
2015-03-29 13:38:13,750 INFO org.apache.hama.bsp.GroomServer: Starting groom: master:50000
2015-03-29 13:38:13,755 INFO org.apache.hama.ipc.Server: IPC Server handler 4 on 50001: starting
2015-03-29 13:43:49,010 ERROR org.apache.hama.GroomServerRunner: RECEIVED SIGNAL 15: SIGTERM
2015-03-29 13:43:49,017 INFO org.apache.hama.GroomServerRunner: SHUTDOWN_MSG: 
/************************************************************
SHUTDOWN_MSG: Shutting down GroomServer at vagrant-ubuntu-trusty-64/10.0.2.15
************************************************************/
2015-03-29 13:47:43,742 INFO org.apache.hama.GroomServerRunner: STARTUP_MSG: 
/************************************************************
STARTUP_MSG: Starting GroomServer
STARTUP_MSG:   host = vagrant-ubuntu-trusty-64/10.0.2.15
STARTUP_MSG:   args = [slave1]
STARTUP_MSG:   version = 2.6.0
STARTUP_MSG:   classpath = /vagrant/hama/bin/../conf:/usr/lib/jvm/java-7-openjdk-amd64/jre/lib/tools.jar:/vagrant/hama/bin/../core/target/classes:/vagrant/hama/bin/../commons/target/classes:/vagrant/hama/bin/../graph/target/classes:/vagrant/hama/bin/../ml/target/classes:/vagrant/hama/bin/../mesos/target/classes:/vagrant/hama/bin/../hama-**.jar:/vagrant/hama/bin/../lib/activation-1.1.jar:/vagrant/hama/bin/../lib/ant-1.6.5.jar:/vagrant/hama/bin/../lib/ant-1.7.1.jar:/vagrant/hama/bin/../lib/ant-launcher-1.7.1.jar:/vagrant/hama/bin/../lib/aopalliance-1.0.jar:/vagrant/hama/bin/../lib/apacheds-i18n-2.0.0-M15.jar:/vagrant/hama/bin/../lib/apacheds-kerberos-codec-2.0.0-M15.jar:/vagrant/hama/bin/../lib/api-asn1-api-1.0.0-M20.jar:/vagrant/hama/bin/../lib/api-util-1.0.0-M20.jar:/vagrant/hama/bin/../lib/asm-3.1.jar:/vagrant/hama/bin/../lib/asm-4.0.jar:/vagrant/hama/bin/../lib/avro-1.5.3.jar:/vagrant/hama/bin/../lib/commons-beanutils-1.8.3.jar:/vagrant/hama/bin/../lib/commons-cli-1.2.jar:/vagrant/hama/bin/../lib/commons-codec-1.4.jar:/vagrant/hama/bin/../lib/commons-collections-3.2.1.jar:/vagrant/hama/bin/../lib/commons-compress-1.9.jar:/vagrant/hama/bin/../lib/commons-configuration-1.7.jar:/vagrant/hama/bin/../lib/commons-daemon-1.0.13.jar:/vagrant/hama/bin/../lib/commons-digester-1.8.1.jar:/vagrant/hama/bin/../lib/commons-el-1.0.jar:/vagrant/hama/bin/../lib/commons-httpclient-3.0.1.jar:/vagrant/hama/bin/../lib/commons-io-2.4.jar:/vagrant/hama/bin/../lib/commons-lang-2.6.jar:/vagrant/hama/bin/../lib/commons-logging-1.1.1.jar:/vagrant/hama/bin/../lib/commons-math3-3.0.jar:/vagrant/hama/bin/../lib/commons-net-3.1.jar:/vagrant/hama/bin/../lib/core-3.1.1.jar:/vagrant/hama/bin/../lib/curator-client-2.6.0.jar:/vagrant/hama/bin/../lib/curator-framework-2.6.0.jar:/vagrant/hama/bin/../lib/curator-recipes-2.6.0.jar:/vagrant/hama/bin/../lib/directmemory-cache-0.2.jar:/vagrant/hama/bin/../lib/directmemory-kryo-0.2.jar:/vagrant/hama/bin/../lib/geronimo-annotation_1.0_spec-1.0.jar:/vagrant/hama/bin/../lib/geronimo-spec-jta-1.0.1B-rc4.jar:/vagrant/hama/bin/../lib/gson-2.2.4.jar:/vagrant/hama/bin/../lib/guava-13.0.1.jar:/vagrant/hama/bin/../lib/guice-3.0.jar:/vagrant/hama/bin/../lib/guice-servlet-3.0.jar:/vagrant/hama/bin/../lib/hadoop-annotations-2.6.0.jar:/vagrant/hama/bin/../lib/hadoop-auth-2.6.0.jar:/vagrant/hama/bin/../lib/hadoop-common-2.6.0.jar:/vagrant/hama/bin/../lib/hadoop-hdfs-2.6.0.jar:/vagrant/hama/bin/../lib/hadoop-hdfs-2.6.0-tests.jar:/vagrant/hama/bin/../lib/hadoop-mapreduce-client-core-2.6.0.jar:/vagrant/hama/bin/../lib/hadoop-yarn-api-2.6.0.jar:/vagrant/hama/bin/../lib/hadoop-yarn-common-2.6.0.jar:/vagrant/hama/bin/../lib/hama-commons-0.7.0-SNAPSHOT.jar:/vagrant/hama/bin/../lib/hama-core-0.7.0-SNAPSHOT.jar:/vagrant/hama/bin/../lib/htrace-core-3.0.4.jar:/vagrant/hama/bin/../lib/httpclient-4.2.5.jar:/vagrant/hama/bin/../lib/httpcore-4.1.2.jar:/vagrant/hama/bin/../lib/jackson-core-asl-1.9.2.jar:/vagrant/hama/bin/../lib/jackson-jaxrs-1.8.3.jar:/vagrant/hama/bin/../lib/jackson-mapper-asl-1.9.2.jar:/vagrant/hama/bin/../lib/jackson-xc-1.8.3.jar:/vagrant/hama/bin/../lib/jasper-compiler-5.5.23.jar:/vagrant/hama/bin/../lib/jasper-runtime-5.5.23.jar:/vagrant/hama/bin/../lib/javax.inject-1.jar:/vagrant/hama/bin/../lib/java-xmlbuilder-0.4.jar:/vagrant/hama/bin/../lib/jaxb-api-2.2.2.jar:/vagrant/hama/bin/../lib/jaxb-impl-2.2.3-1.jar:/vagrant/hama/bin/../lib/jdk.tools-1.7.jar:/vagrant/hama/bin/../lib/jersey-client-1.9.jar:/vagrant/hama/bin/../lib/jersey-core-1.9.jar:/vagrant/hama/bin/../lib/jersey-guice-1.9.jar:/vagrant/hama/bin/../lib/jersey-json-1.9.jar:/vagrant/hama/bin/../lib/jersey-server-1.9.jar:/vagrant/hama/bin/../lib/jets3t-0.9.0.jar:/vagrant/hama/bin/../lib/jettison-1.1.jar:/vagrant/hama/bin/../lib/jetty-6.1.14.jar:/vagrant/hama/bin/../lib/jetty-annotations-6.1.14.jar:/vagrant/hama/bin/../lib/jetty-plus-6.1.14.jar:/vagrant/hama/bin/../lib/jetty-util-6.1.14.jar:/vagrant/hama/bin/../lib/jline-0.9.94.jar:/vagrant/hama/bin/../lib/jsch-0.1.42.jar:/vagrant/hama/bin/../lib/jsp-2.1-6.1.14.jar:/vagrant/hama/bin/../lib/jsp-api-2.1-6.1.14.jar:/vagrant/hama/bin/../lib/jsp-api-2.1.jar:/vagrant/hama/bin/../lib/jsr305-1.3.9.jar:/vagrant/hama/bin/../lib/junit-4.8.1.jar:/vagrant/hama/bin/../lib/kryo-2.20.jar:/vagrant/hama/bin/../lib/log4j-1.2.16.jar:/vagrant/hama/bin/../lib/mesos-0.15.0.jar:/vagrant/hama/bin/../lib/minlog-1.2.jar:/vagrant/hama/bin/../lib/netty-3.2.2.Final.jar:/vagrant/hama/bin/../lib/netty-3.6.2.Final.jar:/vagrant/hama/bin/../lib/netty-all-4.0.21.Final.jar:/vagrant/hama/bin/../lib/objenesis-1.2.jar:/vagrant/hama/bin/../lib/paranamer-2.3.jar:/vagrant/hama/bin/../lib/protobuf-java-2.5.0.jar:/vagrant/hama/bin/../lib/reflectasm-1.07-shaded.jar:/vagrant/hama/bin/../lib/servlet-api-2.5-6.1.14.jar:/vagrant/hama/bin/../lib/servlet-api-2.5.jar:/vagrant/hama/bin/../lib/servlet-api-6.0.32.jar:/vagrant/hama/bin/../lib/slf4j-api-1.5.8.jar:/vagrant/hama/bin/../lib/slf4j-log4j12-1.5.8.jar:/vagrant/hama/bin/../lib/snappy-java-1.0.5.jar:/vagrant/hama/bin/../lib/stax-api-1.0-2.jar:/vagrant/hama/bin/../lib/xercesImpl-2.9.1.jar:/vagrant/hama/bin/../lib/xml-apis-1.3.04.jar:/vagrant/hama/bin/../lib/xmlenc-0.52.jar:/vagrant/hama/bin/../lib/zookeeper-3.4.5.jar
STARTUP_MSG:   build = https://git-wip-us.apache.org/repos/asf/hadoop.git -r e3496499ecb8d220fba99dc5ed4c99c8f9e33bb1 (HEAD, tag: release-2.6.0-rc1, origin/branch-2.6.0, branch-2.6.0); compiled by 'acmurthy' on 2014-11-13T22:35Z
STARTUP_MSG:   java = 1.7.0_75
************************************************************/
2015-03-29 13:47:43,764 INFO org.apache.hama.GroomServerRunner: registered UNIX signal handlers for [TERM, HUP, INT]
2015-03-29 13:47:44,128 INFO org.apache.hama.bsp.GroomServer: groom start
2015-03-29 13:47:44,373 INFO org.apache.hama.bsp.GroomServer: /tmp/hadoop-vagrant/bsp/local
2015-03-29 13:47:44,855 WARN org.apache.hadoop.util.NativeCodeLoader: Unable to load native-hadoop library for your platform... using builtin-java classes where applicable
2015-03-29 13:47:45,594 INFO org.apache.hama.ipc.Server: Starting Socket Reader #1 for port 50000
2015-03-29 13:47:45,598 INFO org.apache.hama.ipc.Server: IPC Server Responder: starting
2015-03-29 13:47:45,599 INFO org.apache.hama.ipc.Server: IPC Server listener on 50000: starting
2015-03-29 13:47:45,603 INFO org.apache.hama.ipc.Server: IPC Server handler 0 on 50000: starting
2015-03-29 13:47:45,741 INFO org.mortbay.log: Logging to org.slf4j.impl.Log4jLoggerAdapter(org.mortbay.log) via org.mortbay.log.Slf4jLog
2015-03-29 13:47:45,916 INFO org.apache.hama.bsp.GroomServer: starting webserver: slave1
2015-03-29 13:47:45,917 INFO org.apache.hama.http.HttpServer: Port returned by webServer.getConnectors()[0].getLocalPort() before open() is -1. Opening the listener on 40015
2015-03-29 13:47:45,917 INFO org.apache.hama.http.HttpServer: listener.getLocalPort() returned 40015 webServer.getConnectors()[0].getLocalPort() returned 40015
2015-03-29 13:47:45,917 INFO org.apache.hama.http.HttpServer: Jetty bound to port 40015
2015-03-29 13:47:45,917 INFO org.mortbay.log: jetty-6.1.14
2015-03-29 13:47:45,545 INFO org.apache.hama.GroomServerRunner: STARTUP_MSG: 
/************************************************************
STARTUP_MSG: Starting GroomServer
STARTUP_MSG:   host = vagrant-ubuntu-trusty-64/10.0.2.15
STARTUP_MSG:   args = [master]
STARTUP_MSG:   version = 2.6.0
STARTUP_MSG:   classpath = /vagrant/hama/bin/../conf:/usr/lib/jvm/java-7-openjdk-amd64/jre/lib/tools.jar:/vagrant/hama/bin/../core/target/classes:/vagrant/hama/bin/../commons/target/classes:/vagrant/hama/bin/../graph/target/classes:/vagrant/hama/bin/../ml/target/classes:/vagrant/hama/bin/../mesos/target/classes:/vagrant/hama/bin/../hama-**.jar:/vagrant/hama/bin/../lib/activation-1.1.jar:/vagrant/hama/bin/../lib/ant-1.6.5.jar:/vagrant/hama/bin/../lib/ant-1.7.1.jar:/vagrant/hama/bin/../lib/ant-launcher-1.7.1.jar:/vagrant/hama/bin/../lib/aopalliance-1.0.jar:/vagrant/hama/bin/../lib/apacheds-i18n-2.0.0-M15.jar:/vagrant/hama/bin/../lib/apacheds-kerberos-codec-2.0.0-M15.jar:/vagrant/hama/bin/../lib/api-asn1-api-1.0.0-M20.jar:/vagrant/hama/bin/../lib/api-util-1.0.0-M20.jar:/vagrant/hama/bin/../lib/asm-3.1.jar:/vagrant/hama/bin/../lib/asm-4.0.jar:/vagrant/hama/bin/../lib/avro-1.5.3.jar:/vagrant/hama/bin/../lib/commons-beanutils-1.8.3.jar:/vagrant/hama/bin/../lib/commons-cli-1.2.jar:/vagrant/hama/bin/../lib/commons-codec-1.4.jar:/vagrant/hama/bin/../lib/commons-collections-3.2.1.jar:/vagrant/hama/bin/../lib/commons-compress-1.9.jar:/vagrant/hama/bin/../lib/commons-configuration-1.7.jar:/vagrant/hama/bin/../lib/commons-daemon-1.0.13.jar:/vagrant/hama/bin/../lib/commons-digester-1.8.1.jar:/vagrant/hama/bin/../lib/commons-el-1.0.jar:/vagrant/hama/bin/../lib/commons-httpclient-3.0.1.jar:/vagrant/hama/bin/../lib/commons-io-2.4.jar:/vagrant/hama/bin/../lib/commons-lang-2.6.jar:/vagrant/hama/bin/../lib/commons-logging-1.1.1.jar:/vagrant/hama/bin/../lib/commons-math3-3.0.jar:/vagrant/hama/bin/../lib/commons-net-3.1.jar:/vagrant/hama/bin/../lib/core-3.1.1.jar:/vagrant/hama/bin/../lib/curator-client-2.6.0.jar:/vagrant/hama/bin/../lib/curator-framework-2.6.0.jar:/vagrant/hama/bin/../lib/curator-recipes-2.6.0.jar:/vagrant/hama/bin/../lib/directmemory-cache-0.2.jar:/vagrant/hama/bin/../lib/directmemory-kryo-0.2.jar:/vagrant/hama/bin/../lib/geronimo-annotation_1.0_spec-1.0.jar:/vagrant/hama/bin/../lib/geronimo-spec-jta-1.0.1B-rc4.jar:/vagrant/hama/bin/../lib/gson-2.2.4.jar:/vagrant/hama/bin/../lib/guava-13.0.1.jar:/vagrant/hama/bin/../lib/guice-3.0.jar:/vagrant/hama/bin/../lib/guice-servlet-3.0.jar:/vagrant/hama/bin/../lib/hadoop-annotations-2.6.0.jar:/vagrant/hama/bin/../lib/hadoop-auth-2.6.0.jar:/vagrant/hama/bin/../lib/hadoop-common-2.6.0.jar:/vagrant/hama/bin/../lib/hadoop-hdfs-2.6.0.jar:/vagrant/hama/bin/../lib/hadoop-hdfs-2.6.0-tests.jar:/vagrant/hama/bin/../lib/hadoop-mapreduce-client-core-2.6.0.jar:/vagrant/hama/bin/../lib/hadoop-yarn-api-2.6.0.jar:/vagrant/hama/bin/../lib/hadoop-yarn-common-2.6.0.jar:/vagrant/hama/bin/../lib/hama-commons-0.7.0-SNAPSHOT.jar:/vagrant/hama/bin/../lib/hama-core-0.7.0-SNAPSHOT.jar:/vagrant/hama/bin/../lib/htrace-core-3.0.4.jar:/vagrant/hama/bin/../lib/httpclient-4.2.5.jar:/vagrant/hama/bin/../lib/httpcore-4.1.2.jar:/vagrant/hama/bin/../lib/jackson-core-asl-1.9.2.jar:/vagrant/hama/bin/../lib/jackson-jaxrs-1.8.3.jar:/vagrant/hama/bin/../lib/jackson-mapper-asl-1.9.2.jar:/vagrant/hama/bin/../lib/jackson-xc-1.8.3.jar:/vagrant/hama/bin/../lib/jasper-compiler-5.5.23.jar:/vagrant/hama/bin/../lib/jasper-runtime-5.5.23.jar:/vagrant/hama/bin/../lib/javax.inject-1.jar:/vagrant/hama/bin/../lib/java-xmlbuilder-0.4.jar:/vagrant/hama/bin/../lib/jaxb-api-2.2.2.jar:/vagrant/hama/bin/../lib/jaxb-impl-2.2.3-1.jar:/vagrant/hama/bin/../lib/jdk.tools-1.7.jar:/vagrant/hama/bin/../lib/jersey-client-1.9.jar:/vagrant/hama/bin/../lib/jersey-core-1.9.jar:/vagrant/hama/bin/../lib/jersey-guice-1.9.jar:/vagrant/hama/bin/../lib/jersey-json-1.9.jar:/vagrant/hama/bin/../lib/jersey-server-1.9.jar:/vagrant/hama/bin/../lib/jets3t-0.9.0.jar:/vagrant/hama/bin/../lib/jettison-1.1.jar:/vagrant/hama/bin/../lib/jetty-6.1.14.jar:/vagrant/hama/bin/../lib/jetty-annotations-6.1.14.jar:/vagrant/hama/bin/../lib/jetty-plus-6.1.14.jar:/vagrant/hama/bin/../lib/jetty-util-6.1.14.jar:/vagrant/hama/bin/../lib/jline-0.9.94.jar:/vagrant/hama/bin/../lib/jsch-0.1.42.jar:/vagrant/hama/bin/../lib/jsp-2.1-6.1.14.jar:/vagrant/hama/bin/../lib/jsp-api-2.1-6.1.14.jar:/vagrant/hama/bin/../lib/jsp-api-2.1.jar:/vagrant/hama/bin/../lib/jsr305-1.3.9.jar:/vagrant/hama/bin/../lib/junit-4.8.1.jar:/vagrant/hama/bin/../lib/kryo-2.20.jar:/vagrant/hama/bin/../lib/log4j-1.2.16.jar:/vagrant/hama/bin/../lib/mesos-0.15.0.jar:/vagrant/hama/bin/../lib/minlog-1.2.jar:/vagrant/hama/bin/../lib/netty-3.2.2.Final.jar:/vagrant/hama/bin/../lib/netty-3.6.2.Final.jar:/vagrant/hama/bin/../lib/netty-all-4.0.21.Final.jar:/vagrant/hama/bin/../lib/objenesis-1.2.jar:/vagrant/hama/bin/../lib/paranamer-2.3.jar:/vagrant/hama/bin/../lib/protobuf-java-2.5.0.jar:/vagrant/hama/bin/../lib/reflectasm-1.07-shaded.jar:/vagrant/hama/bin/../lib/servlet-api-2.5-6.1.14.jar:/vagrant/hama/bin/../lib/servlet-api-2.5.jar:/vagrant/hama/bin/../lib/servlet-api-6.0.32.jar:/vagrant/hama/bin/../lib/slf4j-api-1.5.8.jar:/vagrant/hama/bin/../lib/slf4j-log4j12-1.5.8.jar:/vagrant/hama/bin/../lib/snappy-java-1.0.5.jar:/vagrant/hama/bin/../lib/stax-api-1.0-2.jar:/vagrant/hama/bin/../lib/xercesImpl-2.9.1.jar:/vagrant/hama/bin/../lib/xml-apis-1.3.04.jar:/vagrant/hama/bin/../lib/xmlenc-0.52.jar:/vagrant/hama/bin/../lib/zookeeper-3.4.5.jar
STARTUP_MSG:   build = https://git-wip-us.apache.org/repos/asf/hadoop.git -r e3496499ecb8d220fba99dc5ed4c99c8f9e33bb1 (HEAD, tag: release-2.6.0-rc1, origin/branch-2.6.0, branch-2.6.0); compiled by 'acmurthy' on 2014-11-13T22:35Z
STARTUP_MSG:   java = 1.7.0_75
************************************************************/
2015-03-29 13:47:45,577 INFO org.apache.hama.GroomServerRunner: registered UNIX signal handlers for [TERM, HUP, INT]
2015-03-29 13:47:46,269 INFO org.apache.hama.bsp.GroomServer: groom start
2015-03-29 13:47:46,989 INFO org.mortbay.log: Started SelectChannelConnector@slave1:40015
2015-03-29 13:47:46,999 INFO org.apache.hama.ipc.Server: Starting Socket Reader #1 for port 50001
2015-03-29 13:47:46,999 INFO org.apache.hama.ipc.Server: IPC Server Responder: starting
2015-03-29 13:47:46,999 INFO org.apache.hama.ipc.Server: IPC Server listener on 50001: starting
2015-03-29 13:47:46,999 INFO org.apache.hama.ipc.Server: IPC Server handler 0 on 50001: starting
2015-03-29 13:47:46,999 INFO org.apache.hama.ipc.Server: IPC Server handler 1 on 50001: starting
2015-03-29 13:47:47,000 INFO org.apache.hama.ipc.Server: IPC Server handler 2 on 50001: starting
2015-03-29 13:47:47,000 INFO org.apache.hama.ipc.Server: IPC Server handler 3 on 50001: starting
2015-03-29 13:47:47,008 INFO org.apache.hama.ipc.Server: IPC Server handler 4 on 50001: starting
2015-03-29 13:47:47,000 INFO org.apache.hama.bsp.GroomServer: TaskReportServer up at: localhost/127.0.0.1:50001
2015-03-29 13:47:47,008 INFO org.apache.hama.bsp.GroomServer: Starting groom: slave1:50000
2015-03-29 13:47:46,676 INFO org.apache.hama.bsp.GroomServer: /tmp/hadoop-vagrant/bsp/local
2015-03-29 13:47:48,100 INFO org.apache.hama.ipc.Client: Retrying connect to server: master/172.28.128.3:40000. Already tried 0 time(s); retry policy is RetryUpToMaximumCountWithFixedSleep(maxRetries=10, sleepTime=1 SECONDS)
2015-03-29 13:47:47,660 WARN org.apache.hadoop.util.NativeCodeLoader: Unable to load native-hadoop library for your platform... using builtin-java classes where applicable
2015-03-29 13:47:48,985 INFO org.apache.hama.ipc.Server: Starting Socket Reader #1 for port 50000
2015-03-29 13:47:48,989 INFO org.apache.hama.ipc.Server: IPC Server Responder: starting
2015-03-29 13:47:48,999 INFO org.apache.hama.ipc.Server: IPC Server listener on 50000: starting
2015-03-29 13:47:49,004 INFO org.apache.hama.ipc.Server: IPC Server handler 0 on 50000: starting
2015-03-29 13:47:49,446 INFO org.mortbay.log: Logging to org.slf4j.impl.Log4jLoggerAdapter(org.mortbay.log) via org.mortbay.log.Slf4jLog
2015-03-29 13:47:49,750 INFO org.apache.hama.bsp.GroomServer: starting webserver: master
2015-03-29 13:47:49,750 INFO org.apache.hama.http.HttpServer: Port returned by webServer.getConnectors()[0].getLocalPort() before open() is -1. Opening the listener on 40015
2015-03-29 13:47:49,751 INFO org.apache.hama.http.HttpServer: listener.getLocalPort() returned 40015 webServer.getConnectors()[0].getLocalPort() returned 40015
2015-03-29 13:47:49,754 INFO org.apache.hama.http.HttpServer: Jetty bound to port 40015
2015-03-29 13:47:49,754 INFO org.mortbay.log: jetty-6.1.14
2015-03-29 13:47:51,706 INFO org.mortbay.log: Started SelectChannelConnector@master:40015
2015-03-29 13:47:51,722 INFO org.apache.hama.ipc.Server: Starting Socket Reader #1 for port 50001
2015-03-29 13:47:51,722 INFO org.apache.hama.ipc.Server: IPC Server Responder: starting
2015-03-29 13:47:51,722 INFO org.apache.hama.ipc.Server: IPC Server listener on 50001: starting
2015-03-29 13:47:51,722 INFO org.apache.hama.ipc.Server: IPC Server handler 0 on 50001: starting
2015-03-29 13:47:51,724 INFO org.apache.hama.ipc.Server: IPC Server handler 1 on 50001: starting
2015-03-29 13:47:51,724 INFO org.apache.hama.ipc.Server: IPC Server handler 2 on 50001: starting
2015-03-29 13:47:51,731 INFO org.apache.hama.ipc.Server: IPC Server handler 4 on 50001: starting
2015-03-29 13:47:51,724 INFO org.apache.hama.bsp.GroomServer: TaskReportServer up at: localhost/127.0.0.1:50001
2015-03-29 13:47:51,731 INFO org.apache.hama.bsp.GroomServer: Starting groom: master:50000
2015-03-29 13:47:51,732 INFO org.apache.hama.ipc.Server: IPC Server handler 3 on 50001: starting
2015-03-29 14:40:46,463 INFO org.apache.hama.GroomServerRunner: STARTUP_MSG: 
/************************************************************
STARTUP_MSG: Starting GroomServer
STARTUP_MSG:   host = vagrant-ubuntu-trusty-64/10.0.2.15
STARTUP_MSG:   args = [slave1]
STARTUP_MSG:   version = 2.6.0
STARTUP_MSG:   classpath = /vagrant/hama/bin/../conf:/usr/lib/jvm/java-7-openjdk-amd64/jre/lib/tools.jar:/vagrant/hama/bin/../core/target/classes:/vagrant/hama/bin/../commons/target/classes:/vagrant/hama/bin/../graph/target/classes:/vagrant/hama/bin/../ml/target/classes:/vagrant/hama/bin/../mesos/target/classes:/vagrant/hama/bin/../hama-**.jar:/vagrant/hama/bin/../lib/activation-1.1.jar:/vagrant/hama/bin/../lib/ant-1.6.5.jar:/vagrant/hama/bin/../lib/ant-1.7.1.jar:/vagrant/hama/bin/../lib/ant-launcher-1.7.1.jar:/vagrant/hama/bin/../lib/aopalliance-1.0.jar:/vagrant/hama/bin/../lib/apacheds-i18n-2.0.0-M15.jar:/vagrant/hama/bin/../lib/apacheds-kerberos-codec-2.0.0-M15.jar:/vagrant/hama/bin/../lib/api-asn1-api-1.0.0-M20.jar:/vagrant/hama/bin/../lib/api-util-1.0.0-M20.jar:/vagrant/hama/bin/../lib/asm-3.1.jar:/vagrant/hama/bin/../lib/asm-4.0.jar:/vagrant/hama/bin/../lib/avro-1.5.3.jar:/vagrant/hama/bin/../lib/commons-beanutils-1.8.3.jar:/vagrant/hama/bin/../lib/commons-cli-1.2.jar:/vagrant/hama/bin/../lib/commons-codec-1.4.jar:/vagrant/hama/bin/../lib/commons-collections-3.2.1.jar:/vagrant/hama/bin/../lib/commons-compress-1.9.jar:/vagrant/hama/bin/../lib/commons-configuration-1.7.jar:/vagrant/hama/bin/../lib/commons-daemon-1.0.13.jar:/vagrant/hama/bin/../lib/commons-digester-1.8.1.jar:/vagrant/hama/bin/../lib/commons-el-1.0.jar:/vagrant/hama/bin/../lib/commons-httpclient-3.0.1.jar:/vagrant/hama/bin/../lib/commons-io-2.4.jar:/vagrant/hama/bin/../lib/commons-lang-2.6.jar:/vagrant/hama/bin/../lib/commons-logging-1.1.1.jar:/vagrant/hama/bin/../lib/commons-math3-3.0.jar:/vagrant/hama/bin/../lib/commons-net-3.1.jar:/vagrant/hama/bin/../lib/core-3.1.1.jar:/vagrant/hama/bin/../lib/curator-client-2.6.0.jar:/vagrant/hama/bin/../lib/curator-framework-2.6.0.jar:/vagrant/hama/bin/../lib/curator-recipes-2.6.0.jar:/vagrant/hama/bin/../lib/directmemory-cache-0.2.jar:/vagrant/hama/bin/../lib/directmemory-kryo-0.2.jar:/vagrant/hama/bin/../lib/geronimo-annotation_1.0_spec-1.0.jar:/vagrant/hama/bin/../lib/geronimo-spec-jta-1.0.1B-rc4.jar:/vagrant/hama/bin/../lib/gson-2.2.4.jar:/vagrant/hama/bin/../lib/guava-13.0.1.jar:/vagrant/hama/bin/../lib/guice-3.0.jar:/vagrant/hama/bin/../lib/guice-servlet-3.0.jar:/vagrant/hama/bin/../lib/hadoop-annotations-2.6.0.jar:/vagrant/hama/bin/../lib/hadoop-auth-2.6.0.jar:/vagrant/hama/bin/../lib/hadoop-common-2.6.0.jar:/vagrant/hama/bin/../lib/hadoop-hdfs-2.6.0.jar:/vagrant/hama/bin/../lib/hadoop-hdfs-2.6.0-tests.jar:/vagrant/hama/bin/../lib/hadoop-mapreduce-client-core-2.6.0.jar:/vagrant/hama/bin/../lib/hadoop-yarn-api-2.6.0.jar:/vagrant/hama/bin/../lib/hadoop-yarn-common-2.6.0.jar:/vagrant/hama/bin/../lib/hama-commons-0.7.0-SNAPSHOT.jar:/vagrant/hama/bin/../lib/hama-core-0.7.0-SNAPSHOT.jar:/vagrant/hama/bin/../lib/htrace-core-3.0.4.jar:/vagrant/hama/bin/../lib/httpclient-4.2.5.jar:/vagrant/hama/bin/../lib/httpcore-4.1.2.jar:/vagrant/hama/bin/../lib/jackson-core-asl-1.9.2.jar:/vagrant/hama/bin/../lib/jackson-jaxrs-1.8.3.jar:/vagrant/hama/bin/../lib/jackson-mapper-asl-1.9.2.jar:/vagrant/hama/bin/../lib/jackson-xc-1.8.3.jar:/vagrant/hama/bin/../lib/jasper-compiler-5.5.23.jar:/vagrant/hama/bin/../lib/jasper-runtime-5.5.23.jar:/vagrant/hama/bin/../lib/javax.inject-1.jar:/vagrant/hama/bin/../lib/java-xmlbuilder-0.4.jar:/vagrant/hama/bin/../lib/jaxb-api-2.2.2.jar:/vagrant/hama/bin/../lib/jaxb-impl-2.2.3-1.jar:/vagrant/hama/bin/../lib/jdk.tools-1.7.jar:/vagrant/hama/bin/../lib/jersey-client-1.9.jar:/vagrant/hama/bin/../lib/jersey-core-1.9.jar:/vagrant/hama/bin/../lib/jersey-guice-1.9.jar:/vagrant/hama/bin/../lib/jersey-json-1.9.jar:/vagrant/hama/bin/../lib/jersey-server-1.9.jar:/vagrant/hama/bin/../lib/jets3t-0.9.0.jar:/vagrant/hama/bin/../lib/jettison-1.1.jar:/vagrant/hama/bin/../lib/jetty-6.1.14.jar:/vagrant/hama/bin/../lib/jetty-annotations-6.1.14.jar:/vagrant/hama/bin/../lib/jetty-plus-6.1.14.jar:/vagrant/hama/bin/../lib/jetty-util-6.1.14.jar:/vagrant/hama/bin/../lib/jline-0.9.94.jar:/vagrant/hama/bin/../lib/jsch-0.1.42.jar:/vagrant/hama/bin/../lib/jsp-2.1-6.1.14.jar:/vagrant/hama/bin/../lib/jsp-api-2.1-6.1.14.jar:/vagrant/hama/bin/../lib/jsp-api-2.1.jar:/vagrant/hama/bin/../lib/jsr305-1.3.9.jar:/vagrant/hama/bin/../lib/junit-4.8.1.jar:/vagrant/hama/bin/../lib/kryo-2.20.jar:/vagrant/hama/bin/../lib/log4j-1.2.16.jar:/vagrant/hama/bin/../lib/mesos-0.15.0.jar:/vagrant/hama/bin/../lib/minlog-1.2.jar:/vagrant/hama/bin/../lib/netty-3.2.2.Final.jar:/vagrant/hama/bin/../lib/netty-3.6.2.Final.jar:/vagrant/hama/bin/../lib/netty-all-4.0.21.Final.jar:/vagrant/hama/bin/../lib/objenesis-1.2.jar:/vagrant/hama/bin/../lib/paranamer-2.3.jar:/vagrant/hama/bin/../lib/protobuf-java-2.5.0.jar:/vagrant/hama/bin/../lib/reflectasm-1.07-shaded.jar:/vagrant/hama/bin/../lib/servlet-api-2.5-6.1.14.jar:/vagrant/hama/bin/../lib/servlet-api-2.5.jar:/vagrant/hama/bin/../lib/servlet-api-6.0.32.jar:/vagrant/hama/bin/../lib/slf4j-api-1.5.8.jar:/vagrant/hama/bin/../lib/slf4j-log4j12-1.5.8.jar:/vagrant/hama/bin/../lib/snappy-java-1.0.5.jar:/vagrant/hama/bin/../lib/stax-api-1.0-2.jar:/vagrant/hama/bin/../lib/xercesImpl-2.9.1.jar:/vagrant/hama/bin/../lib/xml-apis-1.3.04.jar:/vagrant/hama/bin/../lib/xmlenc-0.52.jar:/vagrant/hama/bin/../lib/zookeeper-3.4.5.jar
STARTUP_MSG:   build = https://git-wip-us.apache.org/repos/asf/hadoop.git -r e3496499ecb8d220fba99dc5ed4c99c8f9e33bb1 (HEAD, tag: release-2.6.0-rc1, origin/branch-2.6.0, branch-2.6.0); compiled by 'acmurthy' on 2014-11-13T22:35Z
STARTUP_MSG:   java = 1.7.0_75
************************************************************/
2015-03-29 14:40:46,487 INFO org.apache.hama.GroomServerRunner: registered UNIX signal handlers for [TERM, HUP, INT]
2015-03-29 14:40:46,967 INFO org.apache.hama.bsp.GroomServer: groom start
2015-03-29 14:40:47,436 INFO org.apache.hama.bsp.GroomServer: /tmp/hadoop-vagrant/bsp/local
2015-03-29 14:40:48,162 WARN org.apache.hadoop.util.NativeCodeLoader: Unable to load native-hadoop library for your platform... using builtin-java classes where applicable
2015-03-29 14:40:49,503 INFO org.apache.hama.ipc.Server: Starting Socket Reader #1 for port 50000
2015-03-29 14:40:49,509 INFO org.apache.hama.ipc.Server: IPC Server Responder: starting
2015-03-29 14:40:49,512 INFO org.apache.hama.ipc.Server: IPC Server listener on 50000: starting
2015-03-29 14:40:49,516 INFO org.apache.hama.ipc.Server: IPC Server handler 0 on 50000: starting
2015-03-29 14:40:49,713 INFO org.mortbay.log: Logging to org.slf4j.impl.Log4jLoggerAdapter(org.mortbay.log) via org.mortbay.log.Slf4jLog
2015-03-29 14:40:49,977 INFO org.apache.hama.bsp.GroomServer: starting webserver: slave1
2015-03-29 14:40:49,977 INFO org.apache.hama.http.HttpServer: Port returned by webServer.getConnectors()[0].getLocalPort() before open() is -1. Opening the listener on 40015
2015-03-29 14:40:49,978 INFO org.apache.hama.http.HttpServer: listener.getLocalPort() returned 40015 webServer.getConnectors()[0].getLocalPort() returned 40015
2015-03-29 14:40:49,978 INFO org.apache.hama.http.HttpServer: Jetty bound to port 40015
2015-03-29 14:40:49,978 INFO org.mortbay.log: jetty-6.1.14
2015-03-29 14:40:50,750 INFO org.apache.hama.GroomServerRunner: STARTUP_MSG: 
/************************************************************
STARTUP_MSG: Starting GroomServer
STARTUP_MSG:   host = vagrant-ubuntu-trusty-64/10.0.2.15
STARTUP_MSG:   args = [master]
STARTUP_MSG:   version = 2.6.0
STARTUP_MSG:   classpath = /vagrant/hama/bin/../conf:/usr/lib/jvm/java-7-openjdk-amd64/jre/lib/tools.jar:/vagrant/hama/bin/../core/target/classes:/vagrant/hama/bin/../commons/target/classes:/vagrant/hama/bin/../graph/target/classes:/vagrant/hama/bin/../ml/target/classes:/vagrant/hama/bin/../mesos/target/classes:/vagrant/hama/bin/../hama-**.jar:/vagrant/hama/bin/../lib/activation-1.1.jar:/vagrant/hama/bin/../lib/ant-1.6.5.jar:/vagrant/hama/bin/../lib/ant-1.7.1.jar:/vagrant/hama/bin/../lib/ant-launcher-1.7.1.jar:/vagrant/hama/bin/../lib/aopalliance-1.0.jar:/vagrant/hama/bin/../lib/apacheds-i18n-2.0.0-M15.jar:/vagrant/hama/bin/../lib/apacheds-kerberos-codec-2.0.0-M15.jar:/vagrant/hama/bin/../lib/api-asn1-api-1.0.0-M20.jar:/vagrant/hama/bin/../lib/api-util-1.0.0-M20.jar:/vagrant/hama/bin/../lib/asm-3.1.jar:/vagrant/hama/bin/../lib/asm-4.0.jar:/vagrant/hama/bin/../lib/avro-1.5.3.jar:/vagrant/hama/bin/../lib/commons-beanutils-1.8.3.jar:/vagrant/hama/bin/../lib/commons-cli-1.2.jar:/vagrant/hama/bin/../lib/commons-codec-1.4.jar:/vagrant/hama/bin/../lib/commons-collections-3.2.1.jar:/vagrant/hama/bin/../lib/commons-compress-1.9.jar:/vagrant/hama/bin/../lib/commons-configuration-1.7.jar:/vagrant/hama/bin/../lib/commons-daemon-1.0.13.jar:/vagrant/hama/bin/../lib/commons-digester-1.8.1.jar:/vagrant/hama/bin/../lib/commons-el-1.0.jar:/vagrant/hama/bin/../lib/commons-httpclient-3.0.1.jar:/vagrant/hama/bin/../lib/commons-io-2.4.jar:/vagrant/hama/bin/../lib/commons-lang-2.6.jar:/vagrant/hama/bin/../lib/commons-logging-1.1.1.jar:/vagrant/hama/bin/../lib/commons-math3-3.0.jar:/vagrant/hama/bin/../lib/commons-net-3.1.jar:/vagrant/hama/bin/../lib/core-3.1.1.jar:/vagrant/hama/bin/../lib/curator-client-2.6.0.jar:/vagrant/hama/bin/../lib/curator-framework-2.6.0.jar:/vagrant/hama/bin/../lib/curator-recipes-2.6.0.jar:/vagrant/hama/bin/../lib/directmemory-cache-0.2.jar:/vagrant/hama/bin/../lib/directmemory-kryo-0.2.jar:/vagrant/hama/bin/../lib/geronimo-annotation_1.0_spec-1.0.jar:/vagrant/hama/bin/../lib/geronimo-spec-jta-1.0.1B-rc4.jar:/vagrant/hama/bin/../lib/gson-2.2.4.jar:/vagrant/hama/bin/../lib/guava-13.0.1.jar:/vagrant/hama/bin/../lib/guice-3.0.jar:/vagrant/hama/bin/../lib/guice-servlet-3.0.jar:/vagrant/hama/bin/../lib/hadoop-annotations-2.6.0.jar:/vagrant/hama/bin/../lib/hadoop-auth-2.6.0.jar:/vagrant/hama/bin/../lib/hadoop-common-2.6.0.jar:/vagrant/hama/bin/../lib/hadoop-hdfs-2.6.0.jar:/vagrant/hama/bin/../lib/hadoop-hdfs-2.6.0-tests.jar:/vagrant/hama/bin/../lib/hadoop-mapreduce-client-core-2.6.0.jar:/vagrant/hama/bin/../lib/hadoop-yarn-api-2.6.0.jar:/vagrant/hama/bin/../lib/hadoop-yarn-common-2.6.0.jar:/vagrant/hama/bin/../lib/hama-commons-0.7.0-SNAPSHOT.jar:/vagrant/hama/bin/../lib/hama-core-0.7.0-SNAPSHOT.jar:/vagrant/hama/bin/../lib/htrace-core-3.0.4.jar:/vagrant/hama/bin/../lib/httpclient-4.2.5.jar:/vagrant/hama/bin/../lib/httpcore-4.1.2.jar:/vagrant/hama/bin/../lib/jackson-core-asl-1.9.2.jar:/vagrant/hama/bin/../lib/jackson-jaxrs-1.8.3.jar:/vagrant/hama/bin/../lib/jackson-mapper-asl-1.9.2.jar:/vagrant/hama/bin/../lib/jackson-xc-1.8.3.jar:/vagrant/hama/bin/../lib/jasper-compiler-5.5.23.jar:/vagrant/hama/bin/../lib/jasper-runtime-5.5.23.jar:/vagrant/hama/bin/../lib/javax.inject-1.jar:/vagrant/hama/bin/../lib/java-xmlbuilder-0.4.jar:/vagrant/hama/bin/../lib/jaxb-api-2.2.2.jar:/vagrant/hama/bin/../lib/jaxb-impl-2.2.3-1.jar:/vagrant/hama/bin/../lib/jdk.tools-1.7.jar:/vagrant/hama/bin/../lib/jersey-client-1.9.jar:/vagrant/hama/bin/../lib/jersey-core-1.9.jar:/vagrant/hama/bin/../lib/jersey-guice-1.9.jar:/vagrant/hama/bin/../lib/jersey-json-1.9.jar:/vagrant/hama/bin/../lib/jersey-server-1.9.jar:/vagrant/hama/bin/../lib/jets3t-0.9.0.jar:/vagrant/hama/bin/../lib/jettison-1.1.jar:/vagrant/hama/bin/../lib/jetty-6.1.14.jar:/vagrant/hama/bin/../lib/jetty-annotations-6.1.14.jar:/vagrant/hama/bin/../lib/jetty-plus-6.1.14.jar:/vagrant/hama/bin/../lib/jetty-util-6.1.14.jar:/vagrant/hama/bin/../lib/jline-0.9.94.jar:/vagrant/hama/bin/../lib/jsch-0.1.42.jar:/vagrant/hama/bin/../lib/jsp-2.1-6.1.14.jar:/vagrant/hama/bin/../lib/jsp-api-2.1-6.1.14.jar:/vagrant/hama/bin/../lib/jsp-api-2.1.jar:/vagrant/hama/bin/../lib/jsr305-1.3.9.jar:/vagrant/hama/bin/../lib/junit-4.8.1.jar:/vagrant/hama/bin/../lib/kryo-2.20.jar:/vagrant/hama/bin/../lib/log4j-1.2.16.jar:/vagrant/hama/bin/../lib/mesos-0.15.0.jar:/vagrant/hama/bin/../lib/minlog-1.2.jar:/vagrant/hama/bin/../lib/netty-3.2.2.Final.jar:/vagrant/hama/bin/../lib/netty-3.6.2.Final.jar:/vagrant/hama/bin/../lib/netty-all-4.0.21.Final.jar:/vagrant/hama/bin/../lib/objenesis-1.2.jar:/vagrant/hama/bin/../lib/paranamer-2.3.jar:/vagrant/hama/bin/../lib/protobuf-java-2.5.0.jar:/vagrant/hama/bin/../lib/reflectasm-1.07-shaded.jar:/vagrant/hama/bin/../lib/servlet-api-2.5-6.1.14.jar:/vagrant/hama/bin/../lib/servlet-api-2.5.jar:/vagrant/hama/bin/../lib/servlet-api-6.0.32.jar:/vagrant/hama/bin/../lib/slf4j-api-1.5.8.jar:/vagrant/hama/bin/../lib/slf4j-log4j12-1.5.8.jar:/vagrant/hama/bin/../lib/snappy-java-1.0.5.jar:/vagrant/hama/bin/../lib/stax-api-1.0-2.jar:/vagrant/hama/bin/../lib/xercesImpl-2.9.1.jar:/vagrant/hama/bin/../lib/xml-apis-1.3.04.jar:/vagrant/hama/bin/../lib/xmlenc-0.52.jar:/vagrant/hama/bin/../lib/zookeeper-3.4.5.jar
STARTUP_MSG:   build = https://git-wip-us.apache.org/repos/asf/hadoop.git -r e3496499ecb8d220fba99dc5ed4c99c8f9e33bb1 (HEAD, tag: release-2.6.0-rc1, origin/branch-2.6.0, branch-2.6.0); compiled by 'acmurthy' on 2014-11-13T22:35Z
STARTUP_MSG:   java = 1.7.0_75
************************************************************/
2015-03-29 14:40:50,814 INFO org.apache.hama.GroomServerRunner: registered UNIX signal handlers for [TERM, HUP, INT]
2015-03-29 14:40:51,522 INFO org.apache.hama.bsp.GroomServer: groom start
2015-03-29 14:40:51,672 INFO org.mortbay.log: Started SelectChannelConnector@slave1:40015
2015-03-29 14:40:51,691 INFO org.apache.hama.ipc.Server: Starting Socket Reader #1 for port 50001
2015-03-29 14:40:51,691 INFO org.apache.hama.ipc.Server: IPC Server Responder: starting
2015-03-29 14:40:51,691 INFO org.apache.hama.ipc.Server: IPC Server listener on 50001: starting
2015-03-29 14:40:51,691 INFO org.apache.hama.ipc.Server: IPC Server handler 0 on 50001: starting
2015-03-29 14:40:51,691 INFO org.apache.hama.ipc.Server: IPC Server handler 1 on 50001: starting
2015-03-29 14:40:51,693 INFO org.apache.hama.bsp.GroomServer: TaskReportServer up at: localhost/127.0.0.1:50001
2015-03-29 14:40:51,700 INFO org.apache.hama.bsp.GroomServer: Starting groom: slave1:50000
2015-03-29 14:40:51,700 INFO org.apache.hama.ipc.Server: IPC Server handler 3 on 50001: starting
2015-03-29 14:40:51,700 INFO org.apache.hama.ipc.Server: IPC Server handler 4 on 50001: starting
2015-03-29 14:40:51,700 INFO org.apache.hama.ipc.Server: IPC Server handler 2 on 50001: starting
2015-03-29 14:40:52,339 INFO org.apache.hama.bsp.GroomServer: /tmp/hadoop-vagrant/bsp/local
2015-03-29 14:40:52,817 INFO org.apache.hama.ipc.Client: Retrying connect to server: master/172.28.128.3:40000. Already tried 0 time(s); retry policy is RetryUpToMaximumCountWithFixedSleep(maxRetries=10, sleepTime=1 SECONDS)
2015-03-29 14:40:53,447 WARN org.apache.hadoop.util.NativeCodeLoader: Unable to load native-hadoop library for your platform... using builtin-java classes where applicable
2015-03-29 14:40:55,339 INFO org.apache.hama.ipc.Server: Starting Socket Reader #1 for port 50000
2015-03-29 14:40:55,345 INFO org.apache.hama.ipc.Server: IPC Server Responder: starting
2015-03-29 14:40:55,348 INFO org.apache.hama.ipc.Server: IPC Server listener on 50000: starting
2015-03-29 14:40:55,356 INFO org.apache.hama.ipc.Server: IPC Server handler 0 on 50000: starting
2015-03-29 14:40:55,641 INFO org.mortbay.log: Logging to org.slf4j.impl.Log4jLoggerAdapter(org.mortbay.log) via org.mortbay.log.Slf4jLog
2015-03-29 14:40:55,945 INFO org.apache.hama.bsp.GroomServer: starting webserver: master
2015-03-29 14:40:55,946 INFO org.apache.hama.http.HttpServer: Port returned by webServer.getConnectors()[0].getLocalPort() before open() is -1. Opening the listener on 40015
2015-03-29 14:40:55,948 INFO org.apache.hama.http.HttpServer: listener.getLocalPort() returned 40015 webServer.getConnectors()[0].getLocalPort() returned 40015
2015-03-29 14:40:55,948 INFO org.apache.hama.http.HttpServer: Jetty bound to port 40015
2015-03-29 14:40:55,952 INFO org.mortbay.log: jetty-6.1.14
2015-03-29 14:40:58,207 INFO org.mortbay.log: Started SelectChannelConnector@master:40015
2015-03-29 14:40:58,264 INFO org.apache.hama.ipc.Server: Starting Socket Reader #1 for port 50001
2015-03-29 14:40:58,265 INFO org.apache.hama.ipc.Server: IPC Server Responder: starting
2015-03-29 14:40:58,267 INFO org.apache.hama.ipc.Server: IPC Server listener on 50001: starting
2015-03-29 14:40:58,269 INFO org.apache.hama.ipc.Server: IPC Server handler 0 on 50001: starting
2015-03-29 14:40:58,293 INFO org.apache.hama.ipc.Server: IPC Server handler 4 on 50001: starting
2015-03-29 14:40:58,293 INFO org.apache.hama.bsp.GroomServer: TaskReportServer up at: localhost/127.0.0.1:50001
2015-03-29 14:40:58,293 INFO org.apache.hama.bsp.GroomServer: Starting groom: master:50000
2015-03-29 14:40:58,294 INFO org.apache.hama.ipc.Server: IPC Server handler 3 on 50001: starting
2015-03-29 14:40:58,294 INFO org.apache.hama.ipc.Server: IPC Server handler 2 on 50001: starting
2015-03-29 14:40:58,294 INFO org.apache.hama.ipc.Server: IPC Server handler 1 on 50001: starting
