15/04/21 00:32:57 INFO bsp.GroomServer: BSPPeerChild starting
15/04/21 00:33:00 WARN util.NativeCodeLoader: Unable to load native-hadoop library for your platform... using builtin-java classes where applicable
15/04/21 00:33:00 INFO bsp.GroomServer: Starting peer for step -9223372036854775808 state = RECOVERING
15/04/21 00:33:05 INFO bsp.GroomServer: instantiating BSPPeerImpl
15/04/21 00:33:05 WARN message.HamaMessageManagerImpl: Address already in use. Retrying slave:610011
15/04/21 00:33:05 INFO ipc.Server: Starting Socket Reader #1 for port 61002
15/04/21 00:33:05 INFO ipc.Server: IPC Server Responder: starting
15/04/21 00:33:05 INFO ipc.Server: IPC Server listener on 61002: starting
15/04/21 00:33:05 INFO ipc.Server: IPC Server handler 0 on 61002: starting
15/04/21 00:33:05 INFO ipc.Server: IPC Server handler 1 on 61002: starting
15/04/21 00:33:05 INFO ipc.Server: IPC Server handler 2 on 61002: starting
15/04/21 00:33:05 INFO ipc.Server: IPC Server handler 3 on 61002: starting
15/04/21 00:33:05 INFO message.HamaMessageManagerImpl: BSPPeer address:slave port:61002
15/04/21 00:33:05 INFO ipc.Server: IPC Server handler 4 on 61002: starting
15/04/21 00:33:06 INFO sync.ZKSyncClient: Initializing ZK Sync Client
15/04/21 00:33:06 INFO sync.ZooKeeperSyncClientImpl: Start connecting to Zookeeper! At slave/172.28.128.5:61002
15/04/21 00:33:06 INFO bsp.BSPPeerImpl: Recovery task received 0 messages for previous superstep from alive peers
15/04/21 00:33:06 INFO bsp.BSPPeerImpl: [BSPPeerImpl.java] Changing taskState from RECOVERING to RUNNING
15/04/21 00:33:06 INFO bsp.GroomServer: instantiating BSPPeerImpl done, starting BSPTask now!
15/04/21 00:33:06 INFO bsp.BSPTask: Starting runBSP from BSPTask
15/04/21 00:33:06 INFO bsp.BSPTask: [BSPTask.java] Starting with bsp.setup
15/04/21 00:33:06 INFO bsp.BSPTask: [BSPTask.java] Starting with bsp.bsp
15/04/21 00:33:07 INFO bsp.BSPTask: [BSPTask.java] Done with bsp.bsp
15/04/21 00:33:07 INFO ipc.Server: Stopping server on 61002
15/04/21 00:33:07 INFO ipc.Server: IPC Server handler 0 on 61002: exiting
15/04/21 00:33:07 INFO ipc.Server: IPC Server handler 1 on 61002: exiting
15/04/21 00:33:07 INFO ipc.Server: IPC Server handler 4 on 61002: exiting
15/04/21 00:33:07 INFO ipc.Server: IPC Server handler 3 on 61002: exiting
15/04/21 00:33:07 INFO ipc.Server: IPC Server handler 2 on 61002: exiting
15/04/21 00:33:07 INFO ipc.Server: Stopping IPC Server listener on 61002
15/04/21 00:33:07 INFO ipc.Server: Stopping IPC Server Responder
15/04/21 00:33:07 INFO Configuration.deprecation: mapred.cache.localFiles is deprecated. Instead, use mapreduce.job.cache.local.files
