master:61001 enter the enterbarrier: -1
znode size 2
Size:2 numBSP=2 ,Writing ready!
master:61001 enter the leavebarrier: -1
znode size:2
znode size:1
size=1, all other znodes have been deleted!
master:61001 enter the enterbarrier: 0
znode size 2
Size:2 numBSP=2 ,Writing ready!
master:61001 enter the leavebarrier: 0
znode size:2
znode size:1
size=1, all other znodes have been deleted!
master:61001 enter the enterbarrier: 1
znode size 1
master:61001 enter the leavebarrier: 1
znode size:2
znode size:1
size=1, all other znodes have been deleted!
master:61001 enter the enterbarrier: 2
znode size 2
Size:2 numBSP=2 ,Writing ready!
master:61001 enter the leavebarrier: 2
znode size:2
znode size:1
size=1, all other znodes have been deleted!
master:61001 enter the enterbarrier: 3
znode size 1
master:61001 enter the leavebarrier: 3
znode size:2
znode size:1
size=1, all other znodes have been deleted!
master:61001 enter the enterbarrier: 4
znode size 2
Size:2 numBSP=2 ,Writing ready!
master:61001 enter the leavebarrier: 4
znode size:2
znode size:1
size=1, all other znodes have been deleted!
master:61001 enter the enterbarrier: 5
znode size 1
master:61001 enter the leavebarrier: 5
znode size:2
znode size:1
size=1, all other znodes have been deleted!
master:61001 enter the enterbarrier: 6
znode size 1
master:61001 enter the leavebarrier: 6
znode size:1
size=1, all other znodes have been deleted!
master:61001 enter the enterbarrier: 7
znode size 2
Size:2 numBSP=2 ,Writing ready!
master:61001 enter the leavebarrier: 7
znode size:2
znode size:1
size=1, all other znodes have been deleted!
master:61001 enter the enterbarrier: 8
znode size 2
Size:2 numBSP=2 ,Writing ready!
master:61001 enter the leavebarrier: 8
znode size:2
znode size:1
size=1, all other znodes have been deleted!
master:61001 enter the enterbarrier: 9
znode size 2
Size:2 numBSP=2 ,Writing ready!
master:61001 enter the leavebarrier: 9
znode size:2
znode size:1
size=1, all other znodes have been deleted!
master:61001 enter the enterbarrier: 10
znode size 2
Size:2 numBSP=2 ,Writing ready!
master:61001 enter the leavebarrier: 10
znode size:2
znode size:1
size=1, all other znodes have been deleted!
master:61001 enter the enterbarrier: 11
znode size 2
Size:2 numBSP=2 ,Writing ready!
master:61001 enter the leavebarrier: 11
znode size:2
znode size:1
size=1, all other znodes have been deleted!
master:61001 enter the enterbarrier: 12
znode size 2
Size:2 numBSP=2 ,Writing ready!
master:61001 enter the leavebarrier: 12
znode size:2
znode size:1
size=1, all other znodes have been deleted!
master:61001 enter the enterbarrier: 13
znode size 2
Size:2 numBSP=2 ,Writing ready!
master:61001 enter the leavebarrier: 13
znode size:2
znode size:1
size=1, all other znodes have been deleted!
master:61001 enter the enterbarrier: 14
znode size 2
Size:2 numBSP=2 ,Writing ready!
master:61001 enter the leavebarrier: 14
znode size:2
znode size:1
size=1, all other znodes have been deleted!
master:61001 enter the enterbarrier: 15
znode size 1
master:61001 enter the leavebarrier: 15
znode size:2
znode size:1
size=1, all other znodes have been deleted!
master:61001 enter the enterbarrier: 16
znode size 2
Size:2 numBSP=2 ,Writing ready!
master:61001 enter the leavebarrier: 16
znode size:2
znode size:1
size=1, all other znodes have been deleted!
master:61001 enter the enterbarrier: 17
znode size 2
Size:2 numBSP=2 ,Writing ready!
master:61001 enter the leavebarrier: 17
znode size:2
znode size:1
size=1, all other znodes have been deleted!
master:61001 enter the enterbarrier: 18
znode size 2
Size:2 numBSP=2 ,Writing ready!
master:61001 enter the leavebarrier: 18
znode size:2
znode size:1
size=1, all other znodes have been deleted!
master:61001 enter the enterbarrier: 19
znode size 2
Size:2 numBSP=2 ,Writing ready!
master:61001 enter the leavebarrier: 19
znode size:2
znode size:1
size=1, all other znodes have been deleted!
master:61001 enter the enterbarrier: 20
znode size 1
master:61001 enter the leavebarrier: 20
znode size:2
znode size:1
size=1, all other znodes have been deleted!
master:61001 enter the enterbarrier: 21
znode size 1
master:61001 enter the leavebarrier: 21
znode size:2
znode size:1
size=1, all other znodes have been deleted!
master:61001 enter the enterbarrier: 22
znode size 1
master:61001 enter the leavebarrier: 22
znode size:2
znode size:1
size=1, all other znodes have been deleted!
master:61001 enter the enterbarrier: 23
znode size 1
master:61001 enter the leavebarrier: 23
znode size:2
znode size:1
size=1, all other znodes have been deleted!
master:61001 enter the enterbarrier: 24
znode size 1
master:61001 enter the leavebarrier: 24
znode size:2
znode size:1
size=1, all other znodes have been deleted!
master:61001 enter the enterbarrier: 25
znode size 1
master:61001 enter the leavebarrier: 25
znode size:2
znode size:1
size=1, all other znodes have been deleted!
master:61001 enter the enterbarrier: 26
znode size 1
master:61001 enter the leavebarrier: 26
znode size:2
znode size:1
size=1, all other znodes have been deleted!
master:61001 enter the enterbarrier: 27
znode size 1
master:61001 enter the leavebarrier: 27
znode size:2
znode size:1
size=1, all other znodes have been deleted!
master:61001 enter the enterbarrier: 28
znode size 1
master:61001 enter the leavebarrier: 28
znode size:2
znode size:1
size=1, all other znodes have been deleted!
master:61001 enter the enterbarrier: 29
znode size 1
master:61001 enter the leavebarrier: 29
znode size:2
znode size:1
size=1, all other znodes have been deleted!
master:61001 enter the enterbarrier: 30
znode size 1
master:61001 enter the leavebarrier: 30
znode size:2
znode size:1
size=1, all other znodes have been deleted!
