15/04/20 18:15:18 INFO bsp.GroomServer: BSPPeerChild starting
15/04/20 18:15:21 WARN util.NativeCodeLoader: Unable to load native-hadoop library for your platform... using builtin-java classes where applicable
15/04/20 18:15:21 INFO bsp.GroomServer: Starting peer for step -1 state = RUNNING
15/04/20 18:15:25 INFO bsp.GroomServer: instantiating BSPPeerImpl
15/04/20 18:15:25 INFO ipc.Server: Starting Socket Reader #1 for port 61001
15/04/20 18:15:25 INFO ipc.Server: IPC Server Responder: starting
15/04/20 18:15:25 INFO ipc.Server: IPC Server listener on 61001: starting
15/04/20 18:15:25 INFO ipc.Server: IPC Server handler 0 on 61001: starting
15/04/20 18:15:25 INFO ipc.Server: IPC Server handler 1 on 61001: starting
15/04/20 18:15:25 INFO message.HamaMessageManagerImpl: BSPPeer address:slave port:61001
15/04/20 18:15:25 INFO ipc.Server: IPC Server handler 3 on 61001: starting
15/04/20 18:15:25 INFO ipc.Server: IPC Server handler 4 on 61001: starting
15/04/20 18:15:25 INFO ipc.Server: IPC Server handler 2 on 61001: starting
15/04/20 18:15:26 INFO sync.ZKSyncClient: Initializing ZK Sync Client
15/04/20 18:15:26 INFO sync.ZooKeeperSyncClientImpl: Start connecting to Zookeeper! At slave/172.28.128.5:61001
15/04/20 18:15:27 INFO bsp.GroomServer: instantiating BSPPeerImpl done, starting BSPTask now!
15/04/20 18:15:27 INFO bsp.BSPTask: Starting runBSP from BSPTask
15/04/20 18:15:27 INFO bsp.BSPTask: [BSPTask.java] Starting with bsp.setup
15/04/20 18:15:27 INFO bsp.BSPTask: [BSPTask.java] Starting with bsp.bsp
15/04/20 18:15:28 INFO Configuration.deprecation: io.sort.mb is deprecated. Instead, use mapreduce.task.io.sort.mb
15/04/20 18:15:28 INFO Configuration.deprecation: io.sort.factor is deprecated. Instead, use mapreduce.task.io.sort.factor
15/04/20 18:15:28 INFO bsp.BSPTask: [BSPTask.java] Done with bsp.bsp
15/04/20 18:15:28 INFO ipc.Server: Stopping server on 61001
15/04/20 18:15:28 INFO ipc.Server: IPC Server handler 2 on 61001: exiting
15/04/20 18:15:28 INFO ipc.Server: IPC Server handler 1 on 61001: exiting
15/04/20 18:15:28 INFO ipc.Server: IPC Server handler 0 on 61001: exiting
15/04/20 18:15:28 INFO ipc.Server: IPC Server handler 3 on 61001: exiting
15/04/20 18:15:28 INFO ipc.Server: IPC Server handler 4 on 61001: exiting
15/04/20 18:15:28 INFO ipc.Server: Stopping IPC Server listener on 61001
15/04/20 18:15:28 INFO ipc.Server: Stopping IPC Server Responder
15/04/20 18:15:28 INFO Configuration.deprecation: mapred.cache.localFiles is deprecated. Instead, use mapreduce.job.cache.local.files
