15/04/20 18:00:41 INFO bsp.GroomServer: BSPPeerChild starting
15/04/20 18:00:43 WARN util.NativeCodeLoader: Unable to load native-hadoop library for your platform... using builtin-java classes where applicable
15/04/20 18:00:43 INFO bsp.GroomServer: Starting peer for step -1 state = RUNNING
15/04/20 18:00:47 INFO bsp.GroomServer: instantiating BSPPeerImpl
15/04/20 18:00:47 INFO ipc.Server: Starting Socket Reader #1 for port 61001
15/04/20 18:00:47 INFO ipc.Server: IPC Server Responder: starting
15/04/20 18:00:47 INFO ipc.Server: IPC Server listener on 61001: starting
15/04/20 18:00:47 INFO ipc.Server: IPC Server handler 0 on 61001: starting
15/04/20 18:00:47 INFO ipc.Server: IPC Server handler 1 on 61001: starting
15/04/20 18:00:47 INFO ipc.Server: IPC Server handler 2 on 61001: starting
15/04/20 18:00:47 INFO ipc.Server: IPC Server handler 3 on 61001: starting
15/04/20 18:00:47 INFO message.HamaMessageManagerImpl: BSPPeer address:slave port:61001
15/04/20 18:00:47 INFO ipc.Server: IPC Server handler 4 on 61001: starting
15/04/20 18:00:49 INFO sync.ZKSyncClient: Initializing ZK Sync Client
15/04/20 18:00:49 INFO sync.ZooKeeperSyncClientImpl: Start connecting to Zookeeper! At slave/172.28.128.5:61001
15/04/20 18:00:49 INFO bsp.GroomServer: instantiating BSPPeerImpl done, starting BSPTask now!
15/04/20 18:00:49 INFO bsp.BSPTask: Starting runBSP from BSPTask
15/04/20 18:00:49 INFO bsp.BSPTask: [BSPTask.java] Starting with bsp.setup
15/04/20 18:00:49 INFO graph.GraphJobRunner: [GraphJobRunner] Entering setup.
15/04/20 18:00:49 INFO graph.GraphJobRunner: 50 vertices are loaded into slave:61001
15/04/20 18:00:49 INFO graph.Vertex: Setting 86 value 0.01
15/04/20 18:00:49 INFO graph.Vertex: Setting 84 value 0.01
15/04/20 18:00:49 INFO graph.Vertex: Setting 82 value 0.01
15/04/20 18:00:49 INFO graph.Vertex: Setting 80 value 0.01
15/04/20 18:00:49 INFO graph.Vertex: Setting 42 value 0.01
15/04/20 18:00:49 INFO graph.Vertex: Setting 40 value 0.01
15/04/20 18:00:49 INFO graph.Vertex: Setting 39 value 0.01
15/04/20 18:00:49 INFO graph.Vertex: Setting 37 value 0.01
15/04/20 18:00:49 INFO graph.Vertex: Setting 35 value 0.01
15/04/20 18:00:49 INFO graph.Vertex: Setting 33 value 0.01
15/04/20 18:00:49 INFO graph.Vertex: Setting 79 value 0.01
15/04/20 18:00:49 INFO graph.Vertex: Setting 77 value 0.01
15/04/20 18:00:49 INFO graph.Vertex: Setting 73 value 0.01
15/04/20 18:00:49 INFO graph.Vertex: Setting 75 value 0.01
15/04/20 18:00:49 INFO graph.Vertex: Setting 71 value 0.01
15/04/20 18:00:49 INFO graph.Vertex: Setting 31 value 0.01
15/04/20 18:00:49 INFO graph.Vertex: Setting 26 value 0.01
15/04/20 18:00:49 INFO graph.Vertex: Setting 28 value 0.01
15/04/20 18:00:49 INFO graph.Vertex: Setting 22 value 0.01
15/04/20 18:00:49 INFO graph.Vertex: Setting 24 value 0.01
15/04/20 18:00:49 INFO graph.Vertex: Setting 66 value 0.01
15/04/20 18:00:49 INFO graph.Vertex: Setting 68 value 0.01
15/04/20 18:00:49 INFO graph.Vertex: Setting 60 value 0.01
15/04/20 18:00:49 INFO graph.Vertex: Setting 0 value 0.01
15/04/20 18:00:49 INFO graph.Vertex: Setting 64 value 0.01
15/04/20 18:00:49 INFO graph.Vertex: Setting 62 value 0.01
15/04/20 18:00:49 INFO graph.Vertex: Setting 6 value 0.01
15/04/20 18:00:49 INFO graph.Vertex: Setting 57 value 0.01
15/04/20 18:00:49 INFO graph.Vertex: Setting 8 value 0.01
15/04/20 18:00:49 INFO graph.Vertex: Setting 55 value 0.01
15/04/20 18:00:49 INFO graph.Vertex: Setting 2 value 0.01
15/04/20 18:00:49 INFO graph.Vertex: Setting 4 value 0.01
15/04/20 18:00:49 INFO graph.Vertex: Setting 59 value 0.01
15/04/20 18:00:49 INFO graph.Vertex: Setting 99 value 0.01
15/04/20 18:00:49 INFO graph.Vertex: Setting 91 value 0.01
15/04/20 18:00:49 INFO graph.Vertex: Setting 93 value 0.01
15/04/20 18:00:49 INFO graph.Vertex: Setting 19 value 0.01
15/04/20 18:00:49 INFO graph.Vertex: Setting 95 value 0.01
15/04/20 18:00:49 INFO graph.Vertex: Setting 97 value 0.01
15/04/20 18:00:49 INFO graph.Vertex: Setting 15 value 0.01
15/04/20 18:00:49 INFO graph.Vertex: Setting 17 value 0.01
15/04/20 18:00:49 INFO graph.Vertex: Setting 51 value 0.01
15/04/20 18:00:49 INFO graph.Vertex: Setting 11 value 0.01
15/04/20 18:00:49 INFO graph.Vertex: Setting 13 value 0.01
15/04/20 18:00:49 INFO graph.Vertex: Setting 53 value 0.01
15/04/20 18:00:49 INFO graph.Vertex: Setting 44 value 0.01
15/04/20 18:00:49 INFO graph.Vertex: Setting 46 value 0.01
15/04/20 18:00:49 INFO graph.Vertex: Setting 20 value 0.01
15/04/20 18:00:49 INFO graph.Vertex: Setting 48 value 0.01
15/04/20 18:00:49 INFO graph.Vertex: Setting 88 value 0.01
15/04/20 18:00:49 INFO bsp.BSPTask: [BSPTask.java] Starting with bsp.bsp
15/04/20 18:00:49 INFO graph.GraphJobRunner: Entered GraphRunner.bsp. Is recovery task? false
15/04/20 18:00:49 INFO graph.GraphJobRunner: slave:61001
15/04/20 18:00:49 INFO graph.Vertex: Setting 0 value 0.010575252525252524
15/04/20 18:00:49 INFO graph.Vertex: Setting 11 value 0.011794444444444444
15/04/20 18:00:49 INFO graph.Vertex: Setting 13 value 0.008875252525252526
15/04/20 18:00:49 INFO graph.Vertex: Setting 15 value 0.006462626262626263
15/04/20 18:00:49 INFO graph.Vertex: Setting 17 value 0.009476262626262626
15/04/20 18:00:49 INFO graph.Vertex: Setting 19 value 0.009613636363636364
15/04/20 18:00:49 INFO graph.Vertex: Setting 2 value 0.012721717171717174
15/04/20 18:00:49 INFO graph.Vertex: Setting 20 value 0.010231818181818182
15/04/20 18:00:49 INFO graph.Vertex: Setting 22 value 0.013494444444444446
15/04/20 18:00:49 INFO graph.Vertex: Setting 24 value 0.013400000000000002
15/04/20 18:00:49 INFO graph.Vertex: Setting 26 value 0.007080808080808081
15/04/20 18:00:49 INFO graph.Vertex: Setting 28 value 0.007836363636363636
15/04/20 18:00:49 INFO graph.Vertex: Setting 31 value 0.007235353535353535
15/04/20 18:00:49 INFO graph.Vertex: Setting 33 value 0.011931818181818182
15/04/20 18:00:49 INFO graph.Vertex: Setting 35 value 0.007681818181818181
15/04/20 18:00:49 INFO graph.Vertex: Setting 37 value 0.007235353535353535
15/04/20 18:00:49 INFO graph.Vertex: Setting 39 value 0.010154545454545454
15/04/20 18:00:49 INFO graph.Vertex: Setting 4 value 0.011004545454545456
15/04/20 18:00:49 INFO graph.Vertex: Setting 40 value 0.008609090909090908
15/04/20 18:00:49 INFO graph.Vertex: Setting 42 value 0.012704545454545454
15/04/20 18:00:49 INFO graph.Vertex: Setting 44 value 0.01030909090909091
15/04/20 18:00:49 INFO graph.Vertex: Setting 46 value 0.006290909090909091
15/04/20 18:00:49 INFO graph.Vertex: Setting 48 value 0.010309090909090908
15/04/20 18:00:49 INFO graph.Vertex: Setting 51 value 0.012627272727272728
15/04/20 18:00:49 INFO graph.Vertex: Setting 53 value 0.008763636363636364
15/04/20 18:00:49 INFO graph.Vertex: Setting 55 value 0.012704545454545454
15/04/20 18:00:49 INFO graph.Vertex: Setting 57 value 0.01085
15/04/20 18:00:49 INFO graph.Vertex: Setting 59 value 0.012567171717171718
15/04/20 18:00:49 INFO graph.Vertex: Setting 6 value 0.00853181818181818
15/04/20 18:00:49 INFO graph.Vertex: Setting 60 value 0.013339898989898994
15/04/20 18:00:49 INFO graph.Vertex: Setting 62 value 0.010386363636363636
15/04/20 18:00:49 INFO graph.Vertex: Setting 64 value 0.014250000000000002
15/04/20 18:00:49 INFO graph.Vertex: Setting 66 value 0.008763636363636364
15/04/20 18:00:49 INFO graph.Vertex: Setting 68 value 0.010558080808080808
15/04/20 18:00:49 INFO graph.Vertex: Setting 71 value 0.011313636363636364
15/04/20 18:00:49 INFO graph.Vertex: Setting 73 value 0.010231818181818182
15/04/20 18:00:49 INFO graph.Vertex: Setting 75 value 0.011004545454545454
15/04/20 18:00:49 INFO graph.Vertex: Setting 77 value 0.007218181818181818
15/04/20 18:00:49 INFO graph.Vertex: Setting 79 value 0.011004545454545454
15/04/20 18:00:49 INFO graph.Vertex: Setting 8 value 0.010077272727272726
15/04/20 18:00:49 INFO graph.Vertex: Setting 80 value 0.012026262626262624
15/04/20 18:00:49 INFO graph.Vertex: Setting 82 value 0.008763636363636364
15/04/20 18:00:49 INFO graph.Vertex: Setting 84 value 0.008609090909090908
15/04/20 18:00:49 INFO graph.Vertex: Setting 86 value 0.008935353535353536
15/04/20 18:00:49 INFO graph.Vertex: Setting 88 value 0.01455909090909091
15/04/20 18:00:49 INFO graph.Vertex: Setting 91 value 0.004668181818181819
15/04/20 18:00:49 INFO graph.Vertex: Setting 93 value 0.006368181818181818
15/04/20 18:00:49 INFO graph.Vertex: Setting 95 value 0.01255
15/04/20 18:00:49 INFO graph.Vertex: Setting 97 value 0.010927272727272728
15/04/20 18:00:49 INFO graph.Vertex: Setting 99 value 0.014344444444444448
15/04/20 18:00:50 INFO graph.GraphJobRunner: slave:61001
15/04/20 18:00:50 INFO graph.Vertex: Setting 0 value 0.010640558386899295
15/04/20 18:00:50 INFO graph.Vertex: Setting 11 value 0.012883929624528109
15/04/20 18:00:50 INFO graph.Vertex: Setting 13 value 0.008911101086623813
15/04/20 18:00:50 INFO graph.Vertex: Setting 15 value 0.006670544969901032
15/04/20 18:00:50 INFO graph.Vertex: Setting 17 value 0.009618934445464748
15/04/20 18:00:50 INFO graph.Vertex: Setting 19 value 0.00934818893480257
15/04/20 18:00:50 INFO graph.Vertex: Setting 2 value 0.013360850652994593
15/04/20 18:00:50 INFO graph.Vertex: Setting 20 value 0.0095220564738292
15/04/20 18:00:50 INFO graph.Vertex: Setting 22 value 0.013830247347209466
15/04/20 18:00:50 INFO graph.Vertex: Setting 24 value 0.013597443526170797
15/04/20 18:00:50 INFO graph.Vertex: Setting 26 value 0.0071706690643811855
15/04/20 18:00:50 INFO graph.Vertex: Setting 28 value 0.007756152203856751
15/04/20 18:00:50 INFO graph.Vertex: Setting 31 value 0.007339707274767882
15/04/20 18:00:50 INFO graph.Vertex: Setting 33 value 0.011797668044077135
15/04/20 18:00:50 INFO graph.Vertex: Setting 35 value 0.00819931129476584
15/04/20 18:00:50 INFO graph.Vertex: Setting 37 value 0.006636417916539129
15/04/20 18:00:50 INFO graph.Vertex: Setting 39 value 0.010598129935720844
15/04/20 18:00:50 INFO graph.Vertex: Setting 4 value 0.011255861340679522
15/04/20 18:00:50 INFO graph.Vertex: Setting 40 value 0.00836049517906336
15/04/20 18:00:50 INFO graph.Vertex: Setting 42 value 0.01264722314049587
15/04/20 18:00:50 INFO graph.Vertex: Setting 44 value 0.0102497782369146
15/04/20 18:00:50 INFO graph.Vertex: Setting 46 value 0.005890515381083563
15/04/20 18:00:50 INFO graph.Vertex: Setting 48 value 0.010214681588613406
15/04/20 18:00:50 INFO graph.Vertex: Setting 51 value 0.012379473140495869
15/04/20 18:00:50 INFO graph.Vertex: Setting 53 value 0.009451769513314967
15/04/20 18:00:50 INFO graph.Vertex: Setting 55 value 0.013464331496786042
15/04/20 18:00:50 INFO graph.Vertex: Setting 57 value 0.010954692837465564
15/04/20 18:00:50 INFO graph.Vertex: Setting 59 value 0.012704734950515254
15/04/20 18:00:50 INFO graph.Vertex: Setting 6 value 0.008406823691460055
15/04/20 18:00:50 INFO graph.Vertex: Setting 60 value 0.013884556805428019
15/04/20 18:00:50 INFO graph.Vertex: Setting 62 value 0.009338042011019284
15/04/20 18:00:50 INFO graph.Vertex: Setting 64 value 0.014660013774104683
15/04/20 18:00:50 INFO graph.Vertex: Setting 66 value 0.009152353305785125
15/04/20 18:00:50 INFO graph.Vertex: Setting 68 value 0.0107903850882563
15/04/20 18:00:50 INFO graph.Vertex: Setting 71 value 0.011924808999081726
15/04/20 18:00:50 INFO graph.Vertex: Setting 73 value 0.00958959595959596
15/04/20 18:00:50 INFO graph.Vertex: Setting 75 value 0.011926147612488523
15/04/20 18:00:50 INFO graph.Vertex: Setting 77 value 0.006017465105601469
15/04/20 18:00:50 INFO graph.Vertex: Setting 79 value 0.011675030762167127
15/04/20 18:00:50 INFO graph.Vertex: Setting 8 value 0.009975565426997244
15/04/20 18:00:50 INFO graph.Vertex: Setting 80 value 0.011612032241607997
15/04/20 18:00:50 INFO graph.Vertex: Setting 82 value 0.007690435261707989
15/04/20 18:00:50 INFO graph.Vertex: Setting 84 value 0.008580098025711662
15/04/20 18:00:50 INFO graph.Vertex: Setting 86 value 0.008471496888072645
15/04/20 18:00:50 INFO graph.Vertex: Setting 88 value 0.013861271349862259
15/04/20 18:00:50 INFO graph.Vertex: Setting 91 value 0.004538742194674013
15/04/20 18:00:50 INFO graph.Vertex: Setting 93 value 0.005507816345270892
15/04/20 18:00:50 INFO graph.Vertex: Setting 95 value 0.01305754132231405
15/04/20 18:00:50 INFO graph.Vertex: Setting 97 value 0.010263421946740127
15/04/20 18:00:50 INFO graph.Vertex: Setting 99 value 0.013676509743903683
15/04/20 18:00:50 INFO graph.GraphJobRunner: slave:61001
15/04/20 18:00:50 INFO graph.Vertex: Setting 0 value 0.010900130886521834
15/04/20 18:00:50 INFO graph.Vertex: Setting 11 value 0.012857061314790596
15/04/20 18:00:50 INFO graph.Vertex: Setting 13 value 0.008952599143645412
15/04/20 18:00:50 INFO graph.Vertex: Setting 15 value 0.006573964337362762
15/04/20 18:00:50 INFO graph.Vertex: Setting 17 value 0.009847916064375515
15/04/20 18:00:50 INFO graph.Vertex: Setting 19 value 0.009088928795565852
15/04/20 18:00:50 INFO graph.Vertex: Setting 2 value 0.013244150434326172
15/04/20 18:00:50 INFO graph.Vertex: Setting 20 value 0.009629077172505588
15/04/20 18:00:50 INFO graph.Vertex: Setting 22 value 0.013819838243686997
15/04/20 18:00:50 INFO graph.Vertex: Setting 24 value 0.013592746860675162
15/04/20 18:00:50 INFO graph.Vertex: Setting 26 value 0.007152467008481406
15/04/20 18:00:50 INFO graph.Vertex: Setting 28 value 0.007717288266677334
15/04/20 18:00:50 INFO graph.Vertex: Setting 31 value 0.007257476504430593
15/04/20 18:00:50 INFO graph.Vertex: Setting 33 value 0.01201170192564998
15/04/20 18:00:50 INFO graph.Vertex: Setting 35 value 0.008362151171610504
15/04/20 18:00:50 INFO graph.Vertex: Setting 37 value 0.006591283245878332
15/04/20 18:00:50 INFO graph.Vertex: Setting 39 value 0.010527030175074899
15/04/20 18:00:50 INFO graph.Vertex: Setting 4 value 0.01123723263740481
15/04/20 18:00:50 INFO graph.Vertex: Setting 40 value 0.00836412988127371
15/04/20 18:00:50 INFO graph.Vertex: Setting 42 value 0.01228642739450288
15/04/20 18:00:50 INFO graph.Vertex: Setting 44 value 0.010082335911560507
15/04/20 18:00:50 INFO graph.Vertex: Setting 46 value 0.005949959122028365
15/04/20 18:00:50 INFO graph.Vertex: Setting 48 value 0.010553078303303931
15/04/20 18:00:50 INFO graph.Vertex: Setting 51 value 0.0123333550650096
15/04/20 18:00:50 INFO graph.Vertex: Setting 53 value 0.009538412627271335
15/04/20 18:00:50 INFO graph.Vertex: Setting 55 value 0.013484534318680375
15/04/20 18:00:50 INFO graph.Vertex: Setting 57 value 0.011010510648519167
15/04/20 18:00:50 INFO graph.Vertex: Setting 59 value 0.01272991036088747
15/04/20 18:00:50 INFO graph.Vertex: Setting 6 value 0.00854660250837113
15/04/20 18:00:50 INFO graph.Vertex: Setting 60 value 0.01392294253095824
15/04/20 18:00:50 INFO graph.Vertex: Setting 62 value 0.009162284267630392
15/04/20 18:00:50 INFO graph.Vertex: Setting 64 value 0.01469136074518138
15/04/20 18:00:50 INFO graph.Vertex: Setting 66 value 0.009210496521934218
15/04/20 18:00:50 INFO graph.Vertex: Setting 68 value 0.010544707397854939
15/04/20 18:00:50 INFO graph.Vertex: Setting 71 value 0.012049975069032845
15/04/20 18:00:50 INFO graph.Vertex: Setting 73 value 0.009543276063806104
15/04/20 18:00:50 INFO graph.Vertex: Setting 75 value 0.011836924354402612
15/04/20 18:00:50 INFO graph.Vertex: Setting 77 value 0.005890641067330792
15/04/20 18:00:50 INFO graph.Vertex: Setting 79 value 0.011566938416476519
15/04/20 18:00:50 INFO graph.Vertex: Setting 8 value 0.0099194778956113
15/04/20 18:00:50 INFO graph.Vertex: Setting 80 value 0.011617027900145984
15/04/20 18:00:50 INFO graph.Vertex: Setting 82 value 0.007546093756539222
15/04/20 18:00:50 INFO graph.Vertex: Setting 84 value 0.008371398742869466
15/04/20 18:00:50 INFO graph.Vertex: Setting 86 value 0.008216516950695096
15/04/20 18:00:50 INFO graph.Vertex: Setting 88 value 0.014154888394331284
15/04/20 18:00:50 INFO graph.Vertex: Setting 91 value 0.004428489579947779
15/04/20 18:00:50 INFO graph.Vertex: Setting 93 value 0.005388306826205119
15/04/20 18:00:50 INFO graph.Vertex: Setting 95 value 0.013230400156002171
15/04/20 18:00:50 INFO graph.Vertex: Setting 97 value 0.010068510926783911
15/04/20 18:00:50 INFO graph.Vertex: Setting 99 value 0.013675014174436182
15/04/20 18:00:50 INFO graph.GraphJobRunner: slave:61001
15/04/20 18:00:50 INFO graph.Vertex: Setting 0 value 0.011034185298147158
15/04/20 18:00:50 INFO graph.Vertex: Setting 11 value 0.01285882047683819
15/04/20 18:00:50 INFO graph.Vertex: Setting 13 value 0.008921512121564326
15/04/20 18:00:50 INFO graph.Vertex: Setting 15 value 0.0065608605095051386
15/04/20 18:00:50 INFO graph.Vertex: Setting 17 value 0.009906381462390038
15/04/20 18:00:50 INFO graph.Vertex: Setting 19 value 0.009051573992464422
15/04/20 18:00:50 INFO graph.Vertex: Setting 2 value 0.013230247474133197
15/04/20 18:00:50 INFO graph.Vertex: Setting 20 value 0.009607699418046097
15/04/20 18:00:50 INFO graph.Vertex: Setting 22 value 0.013902818157183177
15/04/20 18:00:50 INFO graph.Vertex: Setting 24 value 0.013566216832019052
15/04/20 18:00:50 INFO graph.Vertex: Setting 26 value 0.007159377678307097
15/04/20 18:00:50 INFO graph.Vertex: Setting 28 value 0.0077221712931944695
15/04/20 18:00:50 INFO graph.Vertex: Setting 31 value 0.0072489316599498995
15/04/20 18:00:50 INFO graph.Vertex: Setting 33 value 0.012100538230106822
15/04/20 18:00:50 INFO graph.Vertex: Setting 35 value 0.008420225463372993
15/04/20 18:00:50 INFO graph.Vertex: Setting 37 value 0.006576620933670208
15/04/20 18:00:50 INFO graph.Vertex: Setting 39 value 0.010533986034067046
15/04/20 18:00:50 INFO graph.Vertex: Setting 4 value 0.011208668954575318
15/04/20 18:00:50 INFO graph.Vertex: Setting 40 value 0.00831240926262628
15/04/20 18:00:50 INFO graph.Vertex: Setting 42 value 0.012245960417159906
15/04/20 18:00:50 INFO graph.Vertex: Setting 44 value 0.010014678183254706
15/04/20 18:00:50 INFO graph.Vertex: Setting 46 value 0.0059977976571551055
15/04/20 18:00:50 INFO graph.Vertex: Setting 48 value 0.01064169000176096
15/04/20 18:00:50 INFO graph.Vertex: Setting 51 value 0.012337727023448458
15/04/20 18:00:50 INFO graph.Vertex: Setting 53 value 0.009527215379729075
15/04/20 18:00:50 INFO graph.Vertex: Setting 55 value 0.01363859525635128
15/04/20 18:00:50 INFO graph.Vertex: Setting 57 value 0.011043570283788518
15/04/20 18:00:50 INFO graph.Vertex: Setting 59 value 0.012723870968195475
15/04/20 18:00:50 INFO graph.Vertex: Setting 6 value 0.008608781112986255
15/04/20 18:00:50 INFO graph.Vertex: Setting 60 value 0.013883195024962752
15/04/20 18:00:50 INFO graph.Vertex: Setting 62 value 0.009170012086277372
15/04/20 18:00:50 INFO graph.Vertex: Setting 64 value 0.014706386744692415
15/04/20 18:00:50 INFO graph.Vertex: Setting 66 value 0.009208491100022356
15/04/20 18:00:50 INFO graph.Vertex: Setting 68 value 0.010501057798391661
15/04/20 18:00:50 INFO graph.Vertex: Setting 71 value 0.012103124945016691
15/04/20 18:00:50 INFO graph.Vertex: Setting 73 value 0.009565478054575935
15/04/20 18:00:50 INFO graph.Vertex: Setting 75 value 0.01181400484664138
15/04/20 18:00:50 INFO graph.Vertex: Setting 77 value 0.00585759136751842
15/04/20 18:00:50 INFO graph.Vertex: Setting 79 value 0.011481559478783368
15/04/20 18:00:50 INFO graph.Vertex: Setting 8 value 0.009836159747039263
15/04/20 18:00:50 INFO graph.Vertex: Setting 80 value 0.01169021794326369
15/04/20 18:00:50 INFO graph.Vertex: Setting 82 value 0.007511162331457036
15/04/20 18:00:50 INFO graph.Vertex: Setting 84 value 0.00832863169633983
15/04/20 18:00:50 INFO graph.Vertex: Setting 86 value 0.008199776819124588
15/04/20 18:00:50 INFO graph.Vertex: Setting 88 value 0.014202945344200555
15/04/20 18:00:50 INFO graph.Vertex: Setting 91 value 0.004442314058636441
15/04/20 18:00:50 INFO graph.Vertex: Setting 93 value 0.005356116345271671
15/04/20 18:00:50 INFO graph.Vertex: Setting 95 value 0.013286267104445441
15/04/20 18:00:50 INFO graph.Vertex: Setting 97 value 0.009964098149136045
15/04/20 18:00:50 INFO graph.Vertex: Setting 99 value 0.013702119286666753
15/04/20 18:00:50 INFO graph.GraphJobRunner: slave:61001
15/04/20 18:00:50 INFO graph.Vertex: Setting 0 value 0.011067656397905143
15/04/20 18:00:50 INFO graph.Vertex: Setting 11 value 0.012868820644526609
15/04/20 18:00:50 INFO graph.Vertex: Setting 13 value 0.008916753836589726
15/04/20 18:00:50 INFO graph.Vertex: Setting 15 value 0.0065620959417659105
15/04/20 18:00:50 INFO graph.Vertex: Setting 17 value 0.009899018620573867
15/04/20 18:00:50 INFO graph.Vertex: Setting 19 value 0.009038065500991774
15/04/20 18:00:50 INFO graph.Vertex: Setting 2 value 0.013226439090402251
15/04/20 18:00:50 INFO graph.Vertex: Setting 20 value 0.009602218298974717
15/04/20 18:00:50 INFO graph.Vertex: Setting 22 value 0.013933677032509445
15/04/20 18:00:50 INFO graph.Vertex: Setting 24 value 0.013548475934677923
15/04/20 18:00:50 INFO graph.Vertex: Setting 26 value 0.007172402774293101
15/04/20 18:00:50 INFO graph.Vertex: Setting 28 value 0.007721797089204458
15/04/20 18:00:50 INFO graph.Vertex: Setting 31 value 0.007237663825008877
15/04/20 18:00:50 INFO graph.Vertex: Setting 33 value 0.012122126005885869
15/04/20 18:00:50 INFO graph.Vertex: Setting 35 value 0.008426903585209287
15/04/20 18:00:50 INFO graph.Vertex: Setting 37 value 0.006585298427569797
15/04/20 18:00:50 INFO graph.Vertex: Setting 39 value 0.01053376621950838
15/04/20 18:00:50 INFO graph.Vertex: Setting 4 value 0.011209411351427848
15/04/20 18:00:50 INFO graph.Vertex: Setting 40 value 0.008303551785580484
15/04/20 18:00:50 INFO graph.Vertex: Setting 42 value 0.012241978141359107
15/04/20 18:00:50 INFO graph.Vertex: Setting 44 value 0.010015512080207525
15/04/20 18:00:50 INFO graph.Vertex: Setting 46 value 0.006003158353681017
15/04/20 18:00:50 INFO graph.Vertex: Setting 48 value 0.010655860182550488
15/04/20 18:00:50 INFO graph.Vertex: Setting 51 value 0.012364006268673443
15/04/20 18:00:50 INFO graph.Vertex: Setting 53 value 0.009538001329028782
15/04/20 18:00:50 INFO graph.Vertex: Setting 55 value 0.013693448981568013
15/04/20 18:00:50 INFO graph.Vertex: Setting 57 value 0.011057047265683063
15/04/20 18:00:50 INFO graph.Vertex: Setting 59 value 0.012723800755435817
15/04/20 18:00:50 INFO graph.Vertex: Setting 6 value 0.008608452366726499
15/04/20 18:00:50 INFO graph.Vertex: Setting 60 value 0.013878468666858823
15/04/20 18:00:50 INFO graph.Vertex: Setting 62 value 0.009177610954805118
15/04/20 18:00:50 INFO graph.Vertex: Setting 64 value 0.014727860318820257
15/04/20 18:00:50 INFO graph.Vertex: Setting 66 value 0.00920330041578079
15/04/20 18:00:50 INFO graph.Vertex: Setting 68 value 0.01050484959208371
15/04/20 18:00:50 INFO graph.Vertex: Setting 71 value 0.012114907085136486
15/04/20 18:00:50 INFO graph.Vertex: Setting 73 value 0.009567422228878459
15/04/20 18:00:50 INFO graph.Vertex: Setting 75 value 0.011799733307071006
15/04/20 18:00:50 INFO graph.Vertex: Setting 77 value 0.005846224799739053
15/04/20 18:00:50 INFO graph.Vertex: Setting 79 value 0.011468331079973536
15/04/20 18:00:50 INFO graph.Vertex: Setting 8 value 0.009807252255952926
15/04/20 18:00:50 INFO graph.Vertex: Setting 80 value 0.011702395478371888
15/04/20 18:00:50 INFO graph.Vertex: Setting 82 value 0.007504863949425618
15/04/20 18:00:50 INFO graph.Vertex: Setting 84 value 0.00832663607735018
15/04/20 18:00:50 INFO graph.Vertex: Setting 86 value 0.008206559637606926
15/04/20 18:00:50 INFO graph.Vertex: Setting 88 value 0.0142182591729173
15/04/20 18:00:50 INFO graph.Vertex: Setting 91 value 0.0044542924056370295
15/04/20 18:00:50 INFO graph.Vertex: Setting 93 value 0.005350094751555104
15/04/20 18:00:50 INFO graph.Vertex: Setting 95 value 0.013306599268752202
15/04/20 18:00:50 INFO graph.Vertex: Setting 97 value 0.009956520732336273
15/04/20 18:00:50 INFO graph.Vertex: Setting 99 value 0.013716638570863434
15/04/20 18:00:50 INFO graph.GraphJobRunner: slave:61001
15/04/20 18:00:50 INFO graph.Vertex: Setting 0 value 0.011077443374318813
15/04/20 18:00:50 INFO graph.Vertex: Setting 11 value 0.012871589374023959
15/04/20 18:00:50 INFO graph.Vertex: Setting 13 value 0.008914577606978585
15/04/20 18:00:50 INFO graph.Vertex: Setting 15 value 0.006564276381204265
15/04/20 18:00:50 INFO graph.Vertex: Setting 17 value 0.009897250415886799
15/04/20 18:00:50 INFO graph.Vertex: Setting 19 value 0.00903617512478742
15/04/20 18:00:50 INFO graph.Vertex: Setting 2 value 0.013227971656690428
15/04/20 18:00:50 INFO graph.Vertex: Setting 20 value 0.009606054046877343
15/04/20 18:00:50 INFO graph.Vertex: Setting 22 value 0.013945115202398094
15/04/20 18:00:50 INFO graph.Vertex: Setting 24 value 0.013543740203729874
15/04/20 18:00:50 INFO graph.Vertex: Setting 26 value 0.007176279238758296
15/04/20 18:00:50 INFO graph.Vertex: Setting 28 value 0.0077203306586054055
15/04/20 18:00:50 INFO graph.Vertex: Setting 31 value 0.007237003566895327
15/04/20 18:00:50 INFO graph.Vertex: Setting 33 value 0.012131574224229039
15/04/20 18:00:50 INFO graph.Vertex: Setting 35 value 0.008433376367277782
15/04/20 18:00:50 INFO graph.Vertex: Setting 37 value 0.006586792418099716
15/04/20 18:00:50 INFO graph.Vertex: Setting 39 value 0.01053506008232672
15/04/20 18:00:50 INFO graph.Vertex: Setting 4 value 0.01121311991283196
15/04/20 18:00:50 INFO graph.Vertex: Setting 40 value 0.008303056461626948
15/04/20 18:00:50 INFO graph.Vertex: Setting 42 value 0.012245519029998868
15/04/20 18:00:50 INFO graph.Vertex: Setting 44 value 0.010014622391274186
15/04/20 18:00:50 INFO graph.Vertex: Setting 46 value 0.006003013720808605
15/04/20 18:00:50 INFO graph.Vertex: Setting 48 value 0.010659667736629621
15/04/20 18:00:50 INFO graph.Vertex: Setting 51 value 0.012378998862358532
15/04/20 18:00:50 INFO graph.Vertex: Setting 53 value 0.00954373248688546
15/04/20 18:00:50 INFO graph.Vertex: Setting 55 value 0.013707058274535298
15/04/20 18:00:50 INFO graph.Vertex: Setting 57 value 0.011062161179280782
15/04/20 18:00:50 INFO graph.Vertex: Setting 59 value 0.012722616090481436
15/04/20 18:00:50 INFO graph.Vertex: Setting 6 value 0.008610615349247579
15/04/20 18:00:50 INFO graph.Vertex: Setting 60 value 0.013876247103268251
15/04/20 18:00:50 INFO graph.Vertex: Setting 62 value 0.00917852944263609
15/04/20 18:00:50 INFO graph.Vertex: Setting 64 value 0.014733341390867233
15/04/20 18:00:50 INFO graph.Vertex: Setting 66 value 0.009208051952304803
15/04/20 18:00:50 INFO graph.Vertex: Setting 68 value 0.010510352187015744
15/04/20 18:00:50 INFO graph.Vertex: Setting 71 value 0.012116945124263164
15/04/20 18:00:50 INFO graph.Vertex: Setting 73 value 0.009569256118053286
15/04/20 18:00:50 INFO graph.Vertex: Setting 75 value 0.011794437126058446
15/04/20 18:00:50 INFO graph.Vertex: Setting 77 value 0.005844213914328416
15/04/20 18:00:50 INFO graph.Vertex: Setting 79 value 0.011473103316067837
15/04/20 18:00:50 INFO graph.Vertex: Setting 8 value 0.009802783315519413
15/04/20 18:00:50 INFO graph.Vertex: Setting 80 value 0.011706970040033373
15/04/20 18:00:50 INFO graph.Vertex: Setting 82 value 0.0075051474253087554
15/04/20 18:00:50 INFO graph.Vertex: Setting 84 value 0.008325951378326325
15/04/20 18:00:50 INFO graph.Vertex: Setting 86 value 0.008208906536515174
15/04/20 18:00:50 INFO graph.Vertex: Setting 88 value 0.014226357201759878
15/04/20 18:00:50 INFO graph.Vertex: Setting 91 value 0.004460183123121887
15/04/20 18:00:50 INFO graph.Vertex: Setting 93 value 0.005349366711792055
15/04/20 18:00:50 INFO graph.Vertex: Setting 95 value 0.013313665043277306
15/04/20 18:00:50 INFO graph.Vertex: Setting 97 value 0.00996248617843656
15/04/20 18:00:50 INFO graph.Vertex: Setting 99 value 0.01371991817595567
15/04/20 18:00:50 INFO graph.GraphJobRunner: slave:61001
15/04/20 18:00:50 INFO graph.Vertex: Setting 0 value 0.011080668788433062
15/04/20 18:00:50 INFO graph.Vertex: Setting 11 value 0.012872712279105074
15/04/20 18:00:50 INFO graph.Vertex: Setting 13 value 0.008914153845893303
15/04/20 18:00:50 INFO graph.Vertex: Setting 15 value 0.006565104997740845
15/04/20 18:00:50 INFO graph.Vertex: Setting 17 value 0.009898325570117652
15/04/20 18:00:50 INFO graph.Vertex: Setting 19 value 0.009038672179835571
15/04/20 18:00:50 INFO graph.Vertex: Setting 2 value 0.013230388033748203
15/04/20 18:00:50 INFO graph.Vertex: Setting 20 value 0.009608784974599365
15/04/20 18:00:50 INFO graph.Vertex: Setting 22 value 0.013950388436068271
15/04/20 18:00:50 INFO graph.Vertex: Setting 24 value 0.013544562106918862
15/04/20 18:00:50 INFO graph.Vertex: Setting 26 value 0.007177844337537349
15/04/20 18:00:50 INFO graph.Vertex: Setting 28 value 0.007720824772306745
15/04/20 18:00:50 INFO graph.Vertex: Setting 31 value 0.007237971056016609
15/04/20 18:00:50 INFO graph.Vertex: Setting 33 value 0.012137219727178895
15/04/20 18:00:50 INFO graph.Vertex: Setting 35 value 0.00843773876610882
15/04/20 18:00:50 INFO graph.Vertex: Setting 37 value 0.006587990864967093
15/04/20 18:00:50 INFO graph.Vertex: Setting 39 value 0.010537274016369459
15/04/20 18:00:50 INFO graph.Vertex: Setting 4 value 0.01121531560648867
15/04/20 18:00:50 INFO graph.Vertex: Setting 40 value 0.00830429301176661
15/04/20 18:00:50 INFO graph.Vertex: Setting 42 value 0.012248217467930995
15/04/20 18:00:50 INFO graph.Vertex: Setting 44 value 0.010016164623977518
15/04/20 18:00:50 INFO graph.Vertex: Setting 46 value 0.0060041886795569425
15/04/20 18:00:50 INFO graph.Vertex: Setting 48 value 0.010662787922540096
15/04/20 18:00:50 INFO graph.Vertex: Setting 51 value 0.01238482954875732
15/04/20 18:00:50 INFO graph.Vertex: Setting 53 value 0.009546754058080968
15/04/20 18:00:50 INFO graph.Vertex: Setting 55 value 0.013712634306134558
15/04/20 18:00:50 INFO graph.Vertex: Setting 57 value 0.011065052452662786
15/04/20 18:00:50 INFO graph.Vertex: Setting 59 value 0.012724590180688394
15/04/20 18:00:50 INFO graph.Vertex: Setting 6 value 0.008612702690580868
15/04/20 18:00:50 INFO graph.Vertex: Setting 60 value 0.013878088819862714
15/04/20 18:00:50 INFO graph.Vertex: Setting 62 value 0.00918074991142941
15/04/20 18:00:50 INFO graph.Vertex: Setting 64 value 0.014736457263902847
15/04/20 18:00:50 INFO graph.Vertex: Setting 66 value 0.009211644984764004
15/04/20 18:00:50 INFO graph.Vertex: Setting 68 value 0.010514717806102582
15/04/20 18:00:50 INFO graph.Vertex: Setting 71 value 0.01211880107143569
15/04/20 18:00:50 INFO graph.Vertex: Setting 73 value 0.009571843482991609
15/04/20 18:00:50 INFO graph.Vertex: Setting 75 value 0.011794166628114888
15/04/20 18:00:50 INFO graph.Vertex: Setting 77 value 0.00584497113307664
15/04/20 18:00:50 INFO graph.Vertex: Setting 79 value 0.011476652385745745
15/04/20 18:00:50 INFO graph.Vertex: Setting 8 value 0.009803581242834257
15/04/20 18:00:50 INFO graph.Vertex: Setting 80 value 0.011709996419535237
15/04/20 18:00:50 INFO graph.Vertex: Setting 82 value 0.007506873746354087
15/04/20 18:00:50 INFO graph.Vertex: Setting 84 value 0.008326859313222116
15/04/20 18:00:50 INFO graph.Vertex: Setting 86 value 0.00821009173351803
15/04/20 18:00:50 INFO graph.Vertex: Setting 88 value 0.014231033228631208
15/04/20 18:00:50 INFO graph.Vertex: Setting 91 value 0.004461866915585051
15/04/20 18:00:50 INFO graph.Vertex: Setting 93 value 0.005349779266064056
15/04/20 18:00:50 INFO graph.Vertex: Setting 95 value 0.013318107912533721
15/04/20 18:00:50 INFO graph.Vertex: Setting 97 value 0.00996638027273863
15/04/20 18:00:50 INFO graph.Vertex: Setting 99 value 0.013722635528372617
15/04/20 18:00:50 INFO graph.GraphJobRunner: slave:61001
15/04/20 18:00:50 INFO graph.Vertex: Setting 0 value 0.011082618599510858
15/04/20 18:00:50 INFO graph.Vertex: Setting 11 value 0.01287448515517477
15/04/20 18:00:50 INFO graph.Vertex: Setting 13 value 0.008914873808277622
15/04/20 18:00:50 INFO graph.Vertex: Setting 15 value 0.006565978620960863
15/04/20 18:00:50 INFO graph.Vertex: Setting 17 value 0.009900126896339336
15/04/20 18:00:50 INFO graph.Vertex: Setting 19 value 0.00904078479754973
15/04/20 18:00:50 INFO graph.Vertex: Setting 2 value 0.013232760229374346
15/04/20 18:00:50 INFO graph.Vertex: Setting 20 value 0.009610327871159565
15/04/20 18:00:50 INFO graph.Vertex: Setting 22 value 0.013953429175877198
15/04/20 18:00:50 INFO graph.Vertex: Setting 24 value 0.01354680090484061
15/04/20 18:00:50 INFO graph.Vertex: Setting 26 value 0.00717902140094367
15/04/20 18:00:50 INFO graph.Vertex: Setting 28 value 0.007722002429442073
15/04/20 18:00:50 INFO graph.Vertex: Setting 31 value 0.007239006013961696
15/04/20 18:00:50 INFO graph.Vertex: Setting 33 value 0.012140483408724312
15/04/20 18:00:50 INFO graph.Vertex: Setting 35 value 0.008440036596070125
15/04/20 18:00:50 INFO graph.Vertex: Setting 37 value 0.006589139458277378
15/04/20 18:00:50 INFO graph.Vertex: Setting 39 value 0.010539326908496833
15/04/20 18:00:50 INFO graph.Vertex: Setting 4 value 0.011217471001901593
15/04/20 18:00:50 INFO graph.Vertex: Setting 40 value 0.008305986802817352
15/04/20 18:00:50 INFO graph.Vertex: Setting 42 value 0.012250615138059083
15/04/20 18:00:50 INFO graph.Vertex: Setting 44 value 0.010017905707519247
15/04/20 18:00:50 INFO graph.Vertex: Setting 46 value 0.00600539848952641
15/04/20 18:00:50 INFO graph.Vertex: Setting 48 value 0.010665114687109269
15/04/20 18:00:50 INFO graph.Vertex: Setting 51 value 0.012388041444785306
15/04/20 18:00:50 INFO graph.Vertex: Setting 53 value 0.009548769189457365
15/04/20 18:00:50 INFO graph.Vertex: Setting 55 value 0.013715896804945836
15/04/20 18:00:50 INFO graph.Vertex: Setting 57 value 0.011067229059790849
15/04/20 18:00:50 INFO graph.Vertex: Setting 59 value 0.012727079057885959
15/04/20 18:00:50 INFO graph.Vertex: Setting 6 value 0.008614373466717555
15/04/20 18:00:50 INFO graph.Vertex: Setting 60 value 0.01388069228045261
15/04/20 18:00:50 INFO graph.Vertex: Setting 62 value 0.009182748221241422
15/04/20 18:00:50 INFO graph.Vertex: Setting 64 value 0.014739264751850363
15/04/20 18:00:50 INFO graph.Vertex: Setting 66 value 0.009213778168394256
15/04/20 18:00:50 INFO graph.Vertex: Setting 68 value 0.010517479928702654
15/04/20 18:00:50 INFO graph.Vertex: Setting 71 value 0.012120907421806486
15/04/20 18:00:50 INFO graph.Vertex: Setting 73 value 0.009573829217721395
15/04/20 18:00:50 INFO graph.Vertex: Setting 75 value 0.011795885472920955
15/04/20 18:00:50 INFO graph.Vertex: Setting 77 value 0.005845822076416792
15/04/20 18:00:50 INFO graph.Vertex: Setting 79 value 0.011479246085517036
15/04/20 18:00:50 INFO graph.Vertex: Setting 8 value 0.009804868051011542
15/04/20 18:00:50 INFO graph.Vertex: Setting 80 value 0.01171206978331502
15/04/20 18:00:50 INFO graph.Vertex: Setting 82 value 0.007508195386500119
15/04/20 18:00:50 INFO graph.Vertex: Setting 84 value 0.008328301257849072
15/04/20 18:00:50 INFO graph.Vertex: Setting 86 value 0.008211241942497125
15/04/20 18:00:50 INFO graph.Vertex: Setting 88 value 0.014234079770995911
15/04/20 18:00:50 INFO graph.Vertex: Setting 91 value 0.004462714898146445
15/04/20 18:00:50 INFO graph.Vertex: Setting 93 value 0.005350356271005494
15/04/20 18:00:50 INFO graph.Vertex: Setting 95 value 0.013321284763158962
15/04/20 18:00:50 INFO graph.Vertex: Setting 97 value 0.009968710408841397
15/04/20 18:00:50 INFO graph.Vertex: Setting 99 value 0.013725351494279081
15/04/20 18:00:50 INFO graph.GraphJobRunner: slave:61001
15/04/20 18:00:50 INFO graph.Vertex: Setting 0 value 0.011084256493205172
15/04/20 18:00:50 INFO graph.Vertex: Setting 11 value 0.01287644336124392
15/04/20 18:00:50 INFO graph.Vertex: Setting 13 value 0.008915997592718918
15/04/20 18:00:50 INFO graph.Vertex: Setting 15 value 0.006566842845753531
15/04/20 18:00:50 INFO graph.Vertex: Setting 17 value 0.009901731584359775
15/04/20 18:00:50 INFO graph.Vertex: Setting 19 value 0.009042297645745672
15/04/20 18:00:50 INFO graph.Vertex: Setting 2 value 0.013234878838694255
15/04/20 18:00:50 INFO graph.Vertex: Setting 20 value 0.00961162858693601
15/04/20 18:00:50 INFO graph.Vertex: Setting 22 value 0.013955707983035373
15/04/20 18:00:50 INFO graph.Vertex: Setting 24 value 0.013549020262085565
15/04/20 18:00:50 INFO graph.Vertex: Setting 26 value 0.007180065005741085
15/04/20 18:00:50 INFO graph.Vertex: Setting 28 value 0.0077231542696563045
15/04/20 18:00:50 INFO graph.Vertex: Setting 31 value 0.007239968201919586
15/04/20 18:00:50 INFO graph.Vertex: Setting 33 value 0.012142707822032972
15/04/20 18:00:50 INFO graph.Vertex: Setting 35 value 0.008441524179126513
15/04/20 18:00:50 INFO graph.Vertex: Setting 37 value 0.006590073736842009
15/04/20 18:00:50 INFO graph.Vertex: Setting 39 value 0.010541073486394418
15/04/20 18:00:50 INFO graph.Vertex: Setting 4 value 0.011219357174185055
15/04/20 18:00:50 INFO graph.Vertex: Setting 40 value 0.00830737976946317
15/04/20 18:00:50 INFO graph.Vertex: Setting 42 value 0.01225262567971637
15/04/20 18:00:50 INFO graph.Vertex: Setting 44 value 0.010019461180226195
15/04/20 18:00:50 INFO graph.Vertex: Setting 46 value 0.006006337097418268
15/04/20 18:00:50 INFO graph.Vertex: Setting 48 value 0.010666902494758568
15/04/20 18:00:50 INFO graph.Vertex: Setting 51 value 0.012390272391443026
15/04/20 18:00:50 INFO graph.Vertex: Setting 53 value 0.009550337090962901
15/04/20 18:00:50 INFO graph.Vertex: Setting 55 value 0.01371831313574721
15/04/20 18:00:50 INFO graph.Vertex: Setting 57 value 0.01106901017136358
15/04/20 18:00:50 INFO graph.Vertex: Setting 59 value 0.012729201120189796
15/04/20 18:00:50 INFO graph.Vertex: Setting 6 value 0.008615735272890567
15/04/20 18:00:50 INFO graph.Vertex: Setting 60 value 0.013883087631774883
15/04/20 18:00:50 INFO graph.Vertex: Setting 62 value 0.009184209953880928
15/04/20 18:00:50 INFO graph.Vertex: Setting 64 value 0.014741790072610294
15/04/20 18:00:50 INFO graph.Vertex: Setting 66 value 0.009215324925422897
15/04/20 18:00:50 INFO graph.Vertex: Setting 68 value 0.010519348700714318
15/04/20 18:00:50 INFO graph.Vertex: Setting 71 value 0.01212286439576189
15/04/20 18:00:50 INFO graph.Vertex: Setting 73 value 0.009575366884892692
15/04/20 18:00:50 INFO graph.Vertex: Setting 75 value 0.011797780754925375
15/04/20 18:00:50 INFO graph.Vertex: Setting 77 value 0.005846531674366075
15/04/20 18:00:50 INFO graph.Vertex: Setting 79 value 0.011481255362460828
15/04/20 18:00:50 INFO graph.Vertex: Setting 8 value 0.00980618565818918
15/04/20 18:00:50 INFO graph.Vertex: Setting 80 value 0.011713868063064365
15/04/20 18:00:50 INFO graph.Vertex: Setting 82 value 0.007509327850410135
15/04/20 18:00:50 INFO graph.Vertex: Setting 84 value 0.008329634250279912
15/04/20 18:00:50 INFO graph.Vertex: Setting 86 value 0.00821236146099933
15/04/20 18:00:50 INFO graph.Vertex: Setting 88 value 0.014236446870504255
15/04/20 18:00:50 INFO graph.Vertex: Setting 91 value 0.004463354842746649
15/04/20 18:00:50 INFO graph.Vertex: Setting 93 value 0.0053509759501459185
15/04/20 18:00:50 INFO graph.Vertex: Setting 95 value 0.01332368692135387
15/04/20 18:00:50 INFO graph.Vertex: Setting 97 value 0.009970396984447018
15/04/20 18:00:50 INFO graph.Vertex: Setting 99 value 0.0137276627971461
15/04/20 18:00:50 INFO graph.GraphJobRunner: slave:61001
15/04/20 18:00:50 INFO graph.Vertex: Setting 0 value 0.011085710460690222
15/04/20 18:00:50 INFO graph.Vertex: Setting 11 value 0.012878218251689619
15/04/20 18:00:50 INFO graph.Vertex: Setting 13 value 0.008917110677915412
15/04/20 18:00:50 INFO graph.Vertex: Setting 15 value 0.006567611143399114
15/04/20 18:00:50 INFO graph.Vertex: Setting 17 value 0.009903099166078929
15/04/20 18:00:50 INFO graph.Vertex: Setting 19 value 0.009043478679113698
15/04/20 18:00:50 INFO graph.Vertex: Setting 2 value 0.013236721704994302
15/04/20 18:00:50 INFO graph.Vertex: Setting 20 value 0.009612812327947437
15/04/20 18:00:50 INFO graph.Vertex: Setting 22 value 0.01395763482011452
15/04/20 18:00:50 INFO graph.Vertex: Setting 24 value 0.013550935824813124
15/04/20 18:00:50 INFO graph.Vertex: Setting 26 value 0.007180955733756353
15/04/20 18:00:50 INFO graph.Vertex: Setting 28 value 0.00772414069436891
15/04/20 18:00:50 INFO graph.Vertex: Setting 31 value 0.007240833397009169
15/04/20 18:00:50 INFO graph.Vertex: Setting 33 value 0.012144434980571306
15/04/20 18:00:50 INFO graph.Vertex: Setting 35 value 0.008442681423847749
15/04/20 18:00:50 INFO graph.Vertex: Setting 37 value 0.006590853449371055
15/04/20 18:00:50 INFO graph.Vertex: Setting 39 value 0.010542540565403767
15/04/20 18:00:50 INFO graph.Vertex: Setting 4 value 0.011220926008050736
15/04/20 18:00:50 INFO graph.Vertex: Setting 40 value 0.00830847533904261
15/04/20 18:00:50 INFO graph.Vertex: Setting 42 value 0.012254293622086106
15/04/20 18:00:50 INFO graph.Vertex: Setting 44 value 0.010020781779485335
15/04/20 18:00:50 INFO graph.Vertex: Setting 46 value 0.006007079044343882
15/04/20 18:00:50 INFO graph.Vertex: Setting 48 value 0.010668366409261987
15/04/20 18:00:50 INFO graph.Vertex: Setting 51 value 0.012392032663755494
15/04/20 18:00:50 INFO graph.Vertex: Setting 53 value 0.009551638238374861
15/04/20 18:00:50 INFO graph.Vertex: Setting 55 value 0.01372028566934019
15/04/20 18:00:50 INFO graph.Vertex: Setting 57 value 0.0110705156360828
15/04/20 18:00:50 INFO graph.Vertex: Setting 59 value 0.012730985495811326
15/04/20 18:00:50 INFO graph.Vertex: Setting 6 value 0.008616872221753074
15/04/20 18:00:50 INFO graph.Vertex: Setting 60 value 0.013885090453142505
15/04/20 18:00:50 INFO graph.Vertex: Setting 62 value 0.00918537318473912
15/04/20 18:00:50 INFO graph.Vertex: Setting 64 value 0.014743926307025607
15/04/20 18:00:50 INFO graph.Vertex: Setting 66 value 0.009216588909994335
15/04/20 18:00:50 INFO graph.Vertex: Setting 68 value 0.010520798857522011
15/04/20 18:00:50 INFO graph.Vertex: Setting 71 value 0.012124564049742069
15/04/20 18:00:50 INFO graph.Vertex: Setting 73 value 0.00957663678293264
15/04/20 18:00:50 INFO graph.Vertex: Setting 75 value 0.011799436447410206
15/04/20 18:00:50 INFO graph.Vertex: Setting 77 value 0.0058471373758331785
15/04/20 18:00:50 INFO graph.Vertex: Setting 79 value 0.01148288175695776
15/04/20 18:00:50 INFO graph.Vertex: Setting 8 value 0.009807401776143239
15/04/20 18:00:50 INFO graph.Vertex: Setting 80 value 0.01171543963006658
15/04/20 18:00:50 INFO graph.Vertex: Setting 82 value 0.007510271311659481
15/04/20 18:00:50 INFO graph.Vertex: Setting 84 value 0.008330731148849371
15/04/20 18:00:50 INFO graph.Vertex: Setting 86 value 0.008213361938988606
15/04/20 18:00:50 INFO graph.Vertex: Setting 88 value 0.014238428798426085
15/04/20 18:00:50 INFO graph.Vertex: Setting 91 value 0.00446384946420486
15/04/20 18:00:50 INFO graph.Vertex: Setting 93 value 0.0053515392292445415
15/04/20 18:00:50 INFO graph.Vertex: Setting 95 value 0.013325607619588101
15/04/20 18:00:50 INFO graph.Vertex: Setting 97 value 0.009971730507076018
15/04/20 18:00:50 INFO graph.Vertex: Setting 99 value 0.01372957257593218
15/04/20 18:00:50 INFO graph.GraphJobRunner: slave:61001
15/04/20 18:00:50 INFO graph.Vertex: Setting 0 value 0.011086986193936927
15/04/20 18:00:50 INFO graph.Vertex: Setting 11 value 0.012879746307001533
15/04/20 18:00:50 INFO graph.Vertex: Setting 13 value 0.008918092075656562
15/04/20 18:00:50 INFO graph.Vertex: Setting 15 value 0.0065682752588904865
15/04/20 18:00:50 INFO graph.Vertex: Setting 17 value 0.009904251169867961
15/04/20 18:00:50 INFO graph.Vertex: Setting 19 value 0.009044459946170045
15/04/20 18:00:50 INFO graph.Vertex: Setting 2 value 0.013238294761463338
15/04/20 18:00:50 INFO graph.Vertex: Setting 20 value 0.009613853187050506
15/04/20 18:00:50 INFO graph.Vertex: Setting 22 value 0.013959289835930656
15/04/20 18:00:50 INFO graph.Vertex: Setting 24 value 0.013552551430880367
15/04/20 18:00:50 INFO graph.Vertex: Setting 26 value 0.00718171090711672
15/04/20 18:00:50 INFO graph.Vertex: Setting 28 value 0.007724973155313059
15/04/20 18:00:50 INFO graph.Vertex: Setting 31 value 0.007241587358464353
15/04/20 18:00:50 INFO graph.Vertex: Setting 33 value 0.012145867382694518
15/04/20 18:00:50 INFO graph.Vertex: Setting 35 value 0.008443640310976532
15/04/20 18:00:50 INFO graph.Vertex: Setting 37 value 0.006591513626414319
15/04/20 18:00:50 INFO graph.Vertex: Setting 39 value 0.010543767810764425
15/04/20 18:00:50 INFO graph.Vertex: Setting 4 value 0.011222237309792667
15/04/20 18:00:50 INFO graph.Vertex: Setting 40 value 0.008309375856072599
15/04/20 18:00:50 INFO graph.Vertex: Setting 42 value 0.012255701274120552
15/04/20 18:00:50 INFO graph.Vertex: Setting 44 value 0.010021900266557639
15/04/20 18:00:50 INFO graph.Vertex: Setting 46 value 0.006007689058430893
15/04/20 18:00:50 INFO graph.Vertex: Setting 48 value 0.010669600458223618
15/04/20 18:00:50 INFO graph.Vertex: Setting 51 value 0.012393492326581265
15/04/20 18:00:50 INFO graph.Vertex: Setting 53 value 0.009552736197498954
15/04/20 18:00:50 INFO graph.Vertex: Setting 55 value 0.01372194626244256
15/04/20 18:00:50 INFO graph.Vertex: Setting 57 value 0.011071799229436192
15/04/20 18:00:50 INFO graph.Vertex: Setting 59 value 0.01273249401895788
15/04/20 18:00:50 INFO graph.Vertex: Setting 6 value 0.008617831861807913
15/04/20 18:00:50 INFO graph.Vertex: Setting 60 value 0.013886768427410818
15/04/20 18:00:50 INFO graph.Vertex: Setting 62 value 0.009186356483985069
15/04/20 18:00:50 INFO graph.Vertex: Setting 64 value 0.014745719173129028
15/04/20 18:00:50 INFO graph.Vertex: Setting 66 value 0.009217645198522717
15/04/20 18:00:50 INFO graph.Vertex: Setting 68 value 0.010521996636663469
15/04/20 18:00:50 INFO graph.Vertex: Setting 71 value 0.012126010819309984
15/04/20 18:00:50 INFO graph.Vertex: Setting 73 value 0.009577704254720218
15/04/20 18:00:50 INFO graph.Vertex: Setting 75 value 0.01180083197078032
15/04/20 18:00:50 INFO graph.Vertex: Setting 77 value 0.00584766257516671
15/04/20 18:00:50 INFO graph.Vertex: Setting 79 value 0.011484229994891222
15/04/20 18:00:50 INFO graph.Vertex: Setting 8 value 0.00980846921693386
15/04/20 18:00:50 INFO graph.Vertex: Setting 80 value 0.011716789878902558
15/04/20 18:00:50 INFO graph.Vertex: Setting 82 value 0.00751104908544869
15/04/20 18:00:50 INFO graph.Vertex: Setting 84 value 0.008331636608169102
15/04/20 18:00:50 INFO graph.Vertex: Setting 86 value 0.008214223335031598
15/04/20 18:00:50 INFO graph.Vertex: Setting 88 value 0.01424011043837335
15/04/20 18:00:50 INFO graph.Vertex: Setting 91 value 0.004464245697884458
15/04/20 18:00:50 INFO graph.Vertex: Setting 93 value 0.005352023226086243
15/04/20 18:00:50 INFO graph.Vertex: Setting 95 value 0.013327213840726593
15/04/20 18:00:50 INFO graph.Vertex: Setting 97 value 0.009972833165823798
15/04/20 18:00:50 INFO graph.Vertex: Setting 99 value 0.013731176174544042
15/04/20 18:00:50 INFO graph.GraphJobRunner: slave:61001
15/04/20 18:00:50 INFO graph.Vertex: Setting 0 value 0.01108808638836486
15/04/20 18:00:50 INFO graph.Vertex: Setting 11 value 0.012881050779331132
15/04/20 18:00:50 INFO graph.Vertex: Setting 13 value 0.008918930954610174
15/04/20 18:00:50 INFO graph.Vertex: Setting 15 value 0.006568843932904959
15/04/20 18:00:50 INFO graph.Vertex: Setting 17 value 0.009905222241590066
15/04/20 18:00:50 INFO graph.Vertex: Setting 19 value 0.009045290646841078
15/04/20 18:00:50 INFO graph.Vertex: Setting 2 value 0.013239629316129733
15/04/20 18:00:50 INFO graph.Vertex: Setting 20 value 0.009614750294505096
15/04/20 18:00:50 INFO graph.Vertex: Setting 22 value 0.013960706105217987
15/04/20 18:00:50 INFO graph.Vertex: Setting 24 value 0.013553916582776954
15/04/20 18:00:50 INFO graph.Vertex: Setting 26 value 0.007182353149586113
15/04/20 18:00:50 INFO graph.Vertex: Setting 28 value 0.007725676159811108
15/04/20 18:00:50 INFO graph.Vertex: Setting 31 value 0.007242231697078434
15/04/20 18:00:50 INFO graph.Vertex: Setting 33 value 0.012147078508535818
15/04/20 18:00:50 INFO graph.Vertex: Setting 35 value 0.008444450314558438
15/04/20 18:00:50 INFO graph.Vertex: Setting 37 value 0.006592074423498285
15/04/20 18:00:50 INFO graph.Vertex: Setting 39 value 0.010544800899340286
15/04/20 18:00:50 INFO graph.Vertex: Setting 4 value 0.011223343157060374
15/04/20 18:00:50 INFO graph.Vertex: Setting 40 value 0.008310135230368462
15/04/20 18:00:50 INFO graph.Vertex: Setting 42 value 0.012256896505508383
15/04/20 18:00:50 INFO graph.Vertex: Setting 44 value 0.010022849806578641
15/04/20 18:00:50 INFO graph.Vertex: Setting 46 value 0.006008200824219097
15/04/20 18:00:50 INFO graph.Vertex: Setting 48 value 0.010670647985344636
15/04/20 18:00:50 INFO graph.Vertex: Setting 51 value 0.012394724839231585
15/04/20 18:00:50 INFO graph.Vertex: Setting 53 value 0.009553667157501453
15/04/20 18:00:50 INFO graph.Vertex: Setting 55 value 0.013723355442795938
15/04/20 18:00:50 INFO graph.Vertex: Setting 57 value 0.011072890716146757
15/04/20 18:00:50 INFO graph.Vertex: Setting 59 value 0.012733771034611647
15/04/20 18:00:50 INFO graph.Vertex: Setting 6 value 0.008618645436883145
15/04/20 18:00:50 INFO graph.Vertex: Setting 60 value 0.013888184377370891
15/04/20 18:00:50 INFO graph.Vertex: Setting 62 value 0.009187194751343955
15/04/20 18:00:50 INFO graph.Vertex: Setting 64 value 0.01474723214001132
15/04/20 18:00:50 INFO graph.Vertex: Setting 66 value 0.00921853431416242
15/04/20 18:00:50 INFO graph.Vertex: Setting 68 value 0.01052300716735915
15/04/20 18:00:50 INFO graph.Vertex: Setting 71 value 0.012127236777141738
15/04/20 18:00:50 INFO graph.Vertex: Setting 73 value 0.009578606963939239
15/04/20 18:00:50 INFO graph.Vertex: Setting 75 value 0.011802009474802474
15/04/20 18:00:50 INFO graph.Vertex: Setting 77 value 0.005848115282751543
15/04/20 18:00:50 INFO graph.Vertex: Setting 79 value 0.011485364409065302
15/04/20 18:00:50 INFO graph.Vertex: Setting 8 value 0.009809387124062152
15/04/20 18:00:50 INFO graph.Vertex: Setting 80 value 0.011717940781424328
15/04/20 18:00:50 INFO graph.Vertex: Setting 82 value 0.00751169965171915
15/04/20 18:00:50 INFO graph.Vertex: Setting 84 value 0.008332397724954482
15/04/20 18:00:50 INFO graph.Vertex: Setting 86 value 0.008214958381072517
15/04/20 18:00:50 INFO graph.Vertex: Setting 88 value 0.014241541641524582
15/04/20 18:00:50 INFO graph.Vertex: Setting 91 value 0.004464575723144028
15/04/20 18:00:50 INFO graph.Vertex: Setting 93 value 0.005352434028860627
15/04/20 18:00:50 INFO graph.Vertex: Setting 95 value 0.013328575054911581
15/04/20 18:00:50 INFO graph.Vertex: Setting 97 value 0.009973763187650888
15/04/20 18:00:50 INFO graph.Vertex: Setting 99 value 0.013732536526970903
15/04/20 18:00:50 INFO graph.GraphJobRunner: slave:61001
15/04/20 18:00:50 INFO graph.Vertex: Setting 0 value 0.011089026367619749
15/04/20 18:00:50 INFO graph.Vertex: Setting 11 value 0.012882161141069014
15/04/20 18:00:50 INFO graph.Vertex: Setting 13 value 0.008919643400432383
15/04/20 18:00:50 INFO graph.Vertex: Setting 15 value 0.006569328686961457
15/04/20 18:00:50 INFO graph.Vertex: Setting 17 value 0.009906044144986253
15/04/20 18:00:50 INFO graph.Vertex: Setting 19 value 0.009045996449943517
15/04/20 18:00:50 INFO graph.Vertex: Setting 2 value 0.013240761719261236
15/04/20 18:00:50 INFO graph.Vertex: Setting 20 value 0.00961551720331472
15/04/20 18:00:50 INFO graph.Vertex: Setting 22 value 0.01396191389923714
15/04/20 18:00:50 INFO graph.Vertex: Setting 24 value 0.013555074195210908
15/04/20 18:00:50 INFO graph.Vertex: Setting 26 value 0.0071828994844726
15/04/20 18:00:50 INFO graph.Vertex: Setting 28 value 0.007726271498705225
15/04/20 18:00:50 INFO graph.Vertex: Setting 31 value 0.007242779493167842
15/04/20 18:00:50 INFO graph.Vertex: Setting 33 value 0.012148107058655901
15/04/20 18:00:50 INFO graph.Vertex: Setting 35 value 0.008445137839716677
15/04/20 18:00:50 INFO graph.Vertex: Setting 37 value 0.006592551027170226
15/04/20 18:00:50 INFO graph.Vertex: Setting 39 value 0.010545675633721616
15/04/20 18:00:50 INFO graph.Vertex: Setting 4 value 0.01122427998127242
15/04/20 18:00:50 INFO graph.Vertex: Setting 40 value 0.008310780072752235
15/04/20 18:00:50 INFO graph.Vertex: Setting 42 value 0.012257912057812554
15/04/20 18:00:50 INFO graph.Vertex: Setting 44 value 0.010023656560309494
15/04/20 18:00:50 INFO graph.Vertex: Setting 46 value 0.006008633407291888
15/04/20 18:00:50 INFO graph.Vertex: Setting 48 value 0.010671538438645703
15/04/20 18:00:50 INFO graph.Vertex: Setting 51 value 0.01239577070284182
15/04/20 18:00:50 INFO graph.Vertex: Setting 53 value 0.009554457452129796
15/04/20 18:00:50 INFO graph.Vertex: Setting 55 value 0.013724553564640536
15/04/20 18:00:50 INFO graph.Vertex: Setting 57 value 0.011073818059161071
15/04/20 18:00:50 INFO graph.Vertex: Setting 59 value 0.01273485387520932
15/04/20 18:00:50 INFO graph.Vertex: Setting 6 value 0.008619336220275931
15/04/20 18:00:50 INFO graph.Vertex: Setting 60 value 0.013889383535285472
15/04/20 18:00:50 INFO graph.Vertex: Setting 62 value 0.009187908387211294
15/04/20 18:00:50 INFO graph.Vertex: Setting 64 value 0.01474851443458866
15/04/20 18:00:50 INFO graph.Vertex: Setting 66 value 0.009219286670543322
15/04/20 18:00:50 INFO graph.Vertex: Setting 68 value 0.01052386530225441
15/04/20 18:00:50 INFO graph.Vertex: Setting 71 value 0.012128276463722196
15/04/20 18:00:50 INFO graph.Vertex: Setting 73 value 0.009579373042553005
15/04/20 18:00:50 INFO graph.Vertex: Setting 75 value 0.0118030072723599
15/04/20 18:00:50 INFO graph.Vertex: Setting 77 value 0.005848502662305475
15/04/20 18:00:50 INFO graph.Vertex: Setting 79 value 0.01148632557968871
15/04/20 18:00:50 INFO graph.Vertex: Setting 8 value 0.009810170607102675
15/04/20 18:00:50 INFO graph.Vertex: Setting 80 value 0.011718919700980773
15/04/20 18:00:50 INFO graph.Vertex: Setting 82 value 0.0075122499782376406
15/04/20 18:00:50 INFO graph.Vertex: Setting 84 value 0.008333042676721678
15/04/20 18:00:50 INFO graph.Vertex: Setting 86 value 0.008215584153373591
15/04/20 18:00:50 INFO graph.Vertex: Setting 88 value 0.014242759904345592
15/04/20 18:00:50 INFO graph.Vertex: Setting 91 value 0.00446485509810033
15/04/20 18:00:50 INFO graph.Vertex: Setting 93 value 0.005352782606331955
15/04/20 18:00:50 INFO graph.Vertex: Setting 95 value 0.013329731517047992
15/04/20 18:00:50 INFO graph.Vertex: Setting 97 value 0.009974552581123673
15/04/20 18:00:50 INFO graph.Vertex: Setting 99 value 0.01373369346305275
15/04/20 18:00:50 INFO graph.GraphJobRunner: slave:61001
15/04/20 18:00:50 INFO graph.Vertex: Setting 0 value 0.011089826577776076
15/04/20 18:00:50 INFO graph.Vertex: Setting 11 value 0.01288310511146676
15/04/20 18:00:50 INFO graph.Vertex: Setting 13 value 0.008920248333171083
15/04/20 18:00:50 INFO graph.Vertex: Setting 15 value 0.00656974112963639
15/04/20 18:00:50 INFO graph.Vertex: Setting 17 value 0.009906741534433572
15/04/20 18:00:50 INFO graph.Vertex: Setting 19 value 0.009046596382102357
15/04/20 18:00:50 INFO graph.Vertex: Setting 2 value 0.013241723562537104
15/04/20 18:00:50 INFO graph.Vertex: Setting 20 value 0.00961617052439777
15/04/20 18:00:50 INFO graph.Vertex: Setting 22 value 0.013962941779399165
15/04/20 18:00:50 INFO graph.Vertex: Setting 24 value 0.013556057465517059
15/04/20 18:00:50 INFO graph.Vertex: Setting 26 value 0.007183364031149629
15/04/20 18:00:50 INFO graph.Vertex: Setting 28 value 0.007726776744653516
15/04/20 18:00:50 INFO graph.Vertex: Setting 31 value 0.007243245012848695
15/04/20 18:00:50 INFO graph.Vertex: Setting 33 value 0.01214898124602856
15/04/20 18:00:50 INFO graph.Vertex: Setting 35 value 0.00844572204994048
15/04/20 18:00:50 INFO graph.Vertex: Setting 37 value 0.006592956148333537
15/04/20 18:00:50 INFO graph.Vertex: Setting 39 value 0.010546418279271115
15/04/20 18:00:50 INFO graph.Vertex: Setting 4 value 0.011225075303599154
15/04/20 18:00:50 INFO graph.Vertex: Setting 40 value 0.008311328393158327
15/04/20 18:00:50 INFO graph.Vertex: Setting 42 value 0.012258775060105209
15/04/20 18:00:50 INFO graph.Vertex: Setting 44 value 0.010024342112346983
15/04/20 18:00:50 INFO graph.Vertex: Setting 46 value 0.006009000261456381
15/04/20 18:00:50 INFO graph.Vertex: Setting 48 value 0.010672295400576633
15/04/20 18:00:50 INFO graph.Vertex: Setting 51 value 0.012396659234784304
15/04/20 18:00:50 INFO graph.Vertex: Setting 53 value 0.009555128673861492
15/04/20 18:00:50 INFO graph.Vertex: Setting 55 value 0.01372557247174334
15/04/20 18:00:50 INFO graph.Vertex: Setting 57 value 0.011074606113127343
15/04/20 18:00:50 INFO graph.Vertex: Setting 59 value 0.012735773336318762
15/04/20 18:00:50 INFO graph.Vertex: Setting 6 value 0.008619923045146484
15/04/20 18:00:50 INFO graph.Vertex: Setting 60 value 0.013890401096875322
15/04/20 18:00:50 INFO graph.Vertex: Setting 62 value 0.009188515365594134
15/04/20 18:00:50 INFO graph.Vertex: Setting 64 value 0.01474960347846478
15/04/20 18:00:50 INFO graph.Vertex: Setting 66 value 0.009219925009485819
15/04/20 18:00:50 INFO graph.Vertex: Setting 68 value 0.010524595066534167
15/04/20 18:00:50 INFO graph.Vertex: Setting 71 value 0.012129159292695185
15/04/20 18:00:50 INFO graph.Vertex: Setting 73 value 0.0095800239209246
15/04/20 18:00:50 INFO graph.Vertex: Setting 75 value 0.011803854627936513
15/04/20 18:00:50 INFO graph.Vertex: Setting 77 value 0.005848832879732141
15/04/20 18:00:50 INFO graph.Vertex: Setting 79 value 0.011487141957799197
15/04/20 18:00:50 INFO graph.Vertex: Setting 8 value 0.009810837606831553
15/04/20 18:00:50 INFO graph.Vertex: Setting 80 value 0.01171975187607455
15/04/20 18:00:50 INFO graph.Vertex: Setting 82 value 0.00751271732341714
15/04/20 18:00:50 INFO graph.Vertex: Setting 84 value 0.008333590481507154
15/04/20 18:00:50 INFO graph.Vertex: Setting 86 value 0.008216116379951672
15/04/20 18:00:50 INFO graph.Vertex: Setting 88 value 0.014243796179159234
15/04/20 18:00:50 INFO graph.Vertex: Setting 91 value 0.004465092534809499
15/04/20 18:00:50 INFO graph.Vertex: Setting 93 value 0.005353078668529971
15/04/20 18:00:50 INFO graph.Vertex: Setting 95 value 0.01333071442377361
15/04/20 18:00:50 INFO graph.Vertex: Setting 97 value 0.009975223407922998
15/04/20 18:00:50 INFO graph.Vertex: Setting 99 value 0.013734677421711384
15/04/20 18:00:50 INFO graph.GraphJobRunner: slave:61001
15/04/20 18:00:50 INFO graph.Vertex: Setting 0 value 0.011090507027047882
15/04/20 18:00:50 INFO graph.Vertex: Setting 11 value 0.012883907398831064
15/04/20 18:00:50 INFO graph.Vertex: Setting 13 value 0.00892076226606034
15/04/20 18:00:50 INFO graph.Vertex: Setting 15 value 0.006570091815691233
15/04/20 18:00:50 INFO graph.Vertex: Setting 17 value 0.009907333921146105
15/04/20 18:00:50 INFO graph.Vertex: Setting 19 value 0.009047106306642976
15/04/20 18:00:50 INFO graph.Vertex: Setting 2 value 0.013242540946453541
15/04/20 18:00:50 INFO graph.Vertex: Setting 20 value 0.009616726295610176
15/04/20 18:00:50 INFO graph.Vertex: Setting 22 value 0.013963815754480064
15/04/20 18:00:50 INFO graph.Vertex: Setting 24 value 0.013556893100056363
15/04/20 18:00:50 INFO graph.Vertex: Setting 26 value 0.0071837589552338505
15/04/20 18:00:50 INFO graph.Vertex: Setting 28 value 0.007727205973110772
15/04/20 18:00:50 INFO graph.Vertex: Setting 31 value 0.007243640662418845
15/04/20 18:00:50 INFO graph.Vertex: Setting 33 value 0.012149724307108575
15/04/20 18:00:50 INFO graph.Vertex: Setting 35 value 0.008446218592830014
15/04/20 18:00:50 INFO graph.Vertex: Setting 37 value 0.0065933005325713966
15/04/20 18:00:50 INFO graph.Vertex: Setting 39 value 0.010547049323546134
15/04/20 18:00:50 INFO graph.Vertex: Setting 4 value 0.011225751057890162
15/04/20 18:00:50 INFO graph.Vertex: Setting 40 value 0.008311794660150086
15/04/20 18:00:50 INFO graph.Vertex: Setting 42 value 0.012259508503214651
15/04/20 18:00:50 INFO graph.Vertex: Setting 44 value 0.01002492471560475
15/04/20 18:00:50 INFO graph.Vertex: Setting 46 value 0.006009311846721801
15/04/20 18:00:50 INFO graph.Vertex: Setting 48 value 0.010672938822700675
15/04/20 18:00:50 INFO graph.Vertex: Setting 51 value 0.012397414327105883
15/04/20 18:00:50 INFO graph.Vertex: Setting 53 value 0.00955569897144431
15/04/20 18:00:50 INFO graph.Vertex: Setting 55 value 0.013726438831338847
15/04/20 18:00:50 INFO graph.Vertex: Setting 57 value 0.011075275890017432
15/04/20 18:00:50 INFO graph.Vertex: Setting 59 value 0.012736554615917266
15/04/20 18:00:50 INFO graph.Vertex: Setting 6 value 0.008620421691213303
15/04/20 18:00:50 INFO graph.Vertex: Setting 60 value 0.013891265459702531
15/04/20 18:00:50 INFO graph.Vertex: Setting 62 value 0.009189031434729652
15/04/20 18:00:50 INFO graph.Vertex: Setting 64 value 0.014750529076307974
15/04/20 18:00:50 INFO graph.Vertex: Setting 66 value 0.009220467221157318
15/04/20 18:00:50 INFO graph.Vertex: Setting 68 value 0.010525215622045236
15/04/20 18:00:50 INFO graph.Vertex: Setting 71 value 0.012129909409708033
15/04/20 18:00:50 INFO graph.Vertex: Setting 73 value 0.00958057702920582
15/04/20 18:00:50 INFO graph.Vertex: Setting 75 value 0.011804574736679905
15/04/20 18:00:50 INFO graph.Vertex: Setting 77 value 0.005849113902682667
15/04/20 18:00:50 INFO graph.Vertex: Setting 79 value 0.011487835806507658
15/04/20 18:00:50 INFO graph.Vertex: Setting 8 value 0.009811404903421686
15/04/20 18:00:50 INFO graph.Vertex: Setting 80 value 0.011720459212250407
15/04/20 18:00:50 INFO graph.Vertex: Setting 82 value 0.0075131145727233735
15/04/20 18:00:50 INFO graph.Vertex: Setting 84 value 0.008334056029944753
15/04/20 18:00:50 INFO graph.Vertex: Setting 86 value 0.008216568864228096
15/04/20 18:00:50 INFO graph.Vertex: Setting 88 value 0.014244677205873342
15/04/20 18:00:50 INFO graph.Vertex: Setting 91 value 0.004465294437838917
15/04/20 18:00:50 INFO graph.Vertex: Setting 93 value 0.005353330240025483
15/04/20 18:00:50 INFO graph.Vertex: Setting 95 value 0.01333154989209023
15/04/20 18:00:50 INFO graph.Vertex: Setting 97 value 0.009975793565996427
15/04/20 18:00:50 INFO graph.Vertex: Setting 99 value 0.013735514018953203
15/04/20 18:00:50 INFO graph.GraphJobRunner: slave:61001
15/04/20 18:00:50 INFO graph.Vertex: Setting 0 value 0.011091085460545337
15/04/20 18:00:50 INFO graph.Vertex: Setting 11 value 0.01288458928018071
15/04/20 18:00:50 INFO graph.Vertex: Setting 13 value 0.00892119902590761
15/04/20 18:00:50 INFO graph.Vertex: Setting 15 value 0.006570389928570557
15/04/20 18:00:50 INFO graph.Vertex: Setting 17 value 0.009907837338046913
15/04/20 18:00:50 INFO graph.Vertex: Setting 19 value 0.009047539719166383
15/04/20 18:00:50 INFO graph.Vertex: Setting 2 value 0.013243235691758629
15/04/20 18:00:50 INFO graph.Vertex: Setting 20 value 0.00961719883179583
15/04/20 18:00:50 INFO graph.Vertex: Setting 22 value 0.013964558663578904
15/04/20 18:00:50 INFO graph.Vertex: Setting 24 value 0.013557603363952016
15/04/20 18:00:50 INFO graph.Vertex: Setting 26 value 0.0071840946569139
15/04/20 18:00:50 INFO graph.Vertex: Setting 28 value 0.007727570761093601
15/04/20 18:00:50 INFO graph.Vertex: Setting 31 value 0.007243976950849379
15/04/20 18:00:50 INFO graph.Vertex: Setting 33 value 0.012150355910900055
15/04/20 18:00:50 INFO graph.Vertex: Setting 35 value 0.008446640644140142
15/04/20 18:00:50 INFO graph.Vertex: Setting 37 value 0.006593593281149168
15/04/20 18:00:50 INFO graph.Vertex: Setting 39 value 0.01054758566730157
15/04/20 18:00:50 INFO graph.Vertex: Setting 4 value 0.011226325370009014
15/04/20 18:00:50 INFO graph.Vertex: Setting 40 value 0.00831219107655235
15/04/20 18:00:50 INFO graph.Vertex: Setting 42 value 0.012260131884513518
15/04/20 18:00:50 INFO graph.Vertex: Setting 44 value 0.0100254198703842
15/04/20 18:00:50 INFO graph.Vertex: Setting 46 value 0.006009576640071441
15/04/20 18:00:50 INFO graph.Vertex: Setting 48 value 0.010673485722601161
15/04/20 18:00:50 INFO graph.Vertex: Setting 51 value 0.012398056085361531
15/04/20 18:00:50 INFO graph.Vertex: Setting 53 value 0.009556183635535398
15/04/20 18:00:50 INFO graph.Vertex: Setting 55 value 0.013727175362442265
15/04/20 18:00:50 INFO graph.Vertex: Setting 57 value 0.011075845174362811
15/04/20 18:00:50 INFO graph.Vertex: Setting 59 value 0.012737218646953031
15/04/20 18:00:50 INFO graph.Vertex: Setting 6 value 0.008620845484235487
15/04/20 18:00:50 INFO graph.Vertex: Setting 60 value 0.013892000011596385
15/04/20 18:00:50 INFO graph.Vertex: Setting 62 value 0.009189470140963767
15/04/20 18:00:50 INFO graph.Vertex: Setting 64 value 0.014751315883444058
15/04/20 18:00:50 INFO graph.Vertex: Setting 66 value 0.009220927984525668
15/04/20 18:00:50 INFO graph.Vertex: Setting 68 value 0.010525743195009676
15/04/20 18:00:50 INFO graph.Vertex: Setting 71 value 0.012130546932525785
15/04/20 18:00:50 INFO graph.Vertex: Setting 73 value 0.00958104709003149
15/04/20 18:00:50 INFO graph.Vertex: Setting 75 value 0.011805186812263955
15/04/20 18:00:50 INFO graph.Vertex: Setting 77 value 0.00584935288612853
15/04/20 18:00:50 INFO graph.Vertex: Setting 79 value 0.011488425579221574
15/04/20 18:00:50 INFO graph.Vertex: Setting 8 value 0.009811887221401356
15/04/20 18:00:50 INFO graph.Vertex: Setting 80 value 0.011721060442825993
15/04/20 18:00:50 INFO graph.Vertex: Setting 82 value 0.007513452286153088
15/04/20 18:00:50 INFO graph.Vertex: Setting 84 value 0.00833445171671286
15/04/20 18:00:50 INFO graph.Vertex: Setting 86 value 0.008216953501287044
15/04/20 18:00:50 INFO graph.Vertex: Setting 88 value 0.014245426098724676
15/04/20 18:00:50 INFO graph.Vertex: Setting 91 value 0.004465466106770092
15/04/20 18:00:50 INFO graph.Vertex: Setting 93 value 0.0053535440464385145
15/04/20 18:00:50 INFO graph.Vertex: Setting 95 value 0.013332260048732048
15/04/20 18:00:50 INFO graph.Vertex: Setting 97 value 0.009976278178773154
15/04/20 18:00:50 INFO graph.Vertex: Setting 99 value 0.013736225199774788
15/04/20 18:00:50 INFO graph.GraphJobRunner: slave:61001
15/04/20 18:00:50 INFO graph.Vertex: Setting 0 value 0.011091577135454403
15/04/20 18:00:50 INFO graph.Vertex: Setting 11 value 0.012885168855057787
15/04/20 18:00:50 INFO graph.Vertex: Setting 13 value 0.008921570248035908
15/04/20 18:00:50 INFO graph.Vertex: Setting 15 value 0.006570643331831698
15/04/20 18:00:50 INFO graph.Vertex: Setting 17 value 0.009908265215095913
15/04/20 18:00:50 INFO graph.Vertex: Setting 19 value 0.00904790810404537
15/04/20 18:00:50 INFO graph.Vertex: Setting 2 value 0.01324382622725213
15/04/20 18:00:50 INFO graph.Vertex: Setting 20 value 0.009617600522745604
15/04/20 18:00:50 INFO graph.Vertex: Setting 22 value 0.013965190129084492
15/04/20 18:00:50 INFO graph.Vertex: Setting 24 value 0.013558207083190412
15/04/20 18:00:50 INFO graph.Vertex: Setting 26 value 0.0071843800037811895
15/04/20 18:00:50 INFO graph.Vertex: Setting 28 value 0.007727880819659972
15/04/20 18:00:50 INFO graph.Vertex: Setting 31 value 0.007244262792604971
15/04/20 18:00:50 INFO graph.Vertex: Setting 33 value 0.012150892774731215
15/04/20 18:00:50 INFO graph.Vertex: Setting 35 value 0.00844699938223162
15/04/20 18:00:50 INFO graph.Vertex: Setting 37 value 0.006593842128265094
15/04/20 18:00:50 INFO graph.Vertex: Setting 39 value 0.01054804155223267
15/04/20 18:00:50 INFO graph.Vertex: Setting 4 value 0.011226813509181177
15/04/20 18:00:50 INFO graph.Vertex: Setting 40 value 0.008312528060216175
15/04/20 18:00:50 INFO graph.Vertex: Setting 42 value 0.01226066174241116
15/04/20 18:00:50 INFO graph.Vertex: Setting 44 value 0.0100258407304049
15/04/20 18:00:50 INFO graph.Vertex: Setting 46 value 0.0060098017048132715
15/04/20 18:00:50 INFO graph.Vertex: Setting 48 value 0.010673950582435391
15/04/20 18:00:50 INFO graph.Vertex: Setting 51 value 0.012398601549482838
15/04/20 18:00:50 INFO graph.Vertex: Setting 53 value 0.009556595574797329
15/04/20 18:00:50 INFO graph.Vertex: Setting 55 value 0.013727801459012756
15/04/20 18:00:50 INFO graph.Vertex: Setting 57 value 0.011076329059008789
15/04/20 18:00:50 INFO graph.Vertex: Setting 59 value 0.012737783062750377
15/04/20 18:00:50 INFO graph.Vertex: Setting 6 value 0.00862120569298715
15/04/20 18:00:50 INFO graph.Vertex: Setting 60 value 0.013892624344353378
15/04/20 18:00:50 INFO graph.Vertex: Setting 62 value 0.00918984305794261
15/04/20 18:00:50 INFO graph.Vertex: Setting 64 value 0.0147519847071059
15/04/20 18:00:50 INFO graph.Vertex: Setting 66 value 0.00922131959840149
15/04/20 18:00:50 INFO graph.Vertex: Setting 68 value 0.010526191664156638
15/04/20 18:00:50 INFO graph.Vertex: Setting 71 value 0.012131088812283607
15/04/20 18:00:50 INFO graph.Vertex: Setting 73 value 0.00958144660351557
15/04/20 18:00:50 INFO graph.Vertex: Setting 75 value 0.011805707078197664
15/04/20 18:00:50 INFO graph.Vertex: Setting 77 value 0.00584955605620703
15/04/20 18:00:50 INFO graph.Vertex: Setting 79 value 0.011488926887514333
15/04/20 18:00:50 INFO graph.Vertex: Setting 8 value 0.00981229722909159
15/04/20 18:00:50 INFO graph.Vertex: Setting 80 value 0.011721571492364802
15/04/20 18:00:50 INFO graph.Vertex: Setting 82 value 0.007513739373486294
15/04/20 18:00:50 INFO graph.Vertex: Setting 84 value 0.00833478803597037
15/04/20 18:00:50 INFO graph.Vertex: Setting 86 value 0.008217280451429852
15/04/20 18:00:50 INFO graph.Vertex: Setting 88 value 0.014246062649210531
15/04/20 18:00:50 INFO graph.Vertex: Setting 91 value 0.004465612048030692
15/04/20 18:00:50 INFO graph.Vertex: Setting 93 value 0.005353725772273377
15/04/20 18:00:50 INFO graph.Vertex: Setting 95 value 0.01333286368840642
15/04/20 18:00:50 INFO graph.Vertex: Setting 97 value 0.00997669009086206
15/04/20 18:00:50 INFO graph.Vertex: Setting 99 value 0.013736829722761298
15/04/20 18:00:50 INFO graph.GraphJobRunner: slave:61001
15/04/20 18:00:50 INFO graph.Vertex: Setting 0 value 0.011091995058143482
15/04/20 18:00:50 INFO graph.Vertex: Setting 11 value 0.012885661486908806
15/04/20 18:00:50 INFO graph.Vertex: Setting 13 value 0.00892188578095971
15/04/20 18:00:50 INFO graph.Vertex: Setting 15 value 0.006570858725861566
15/04/20 18:00:50 INFO graph.Vertex: Setting 17 value 0.009908628905031363
15/04/20 18:00:50 INFO graph.Vertex: Setting 19 value 0.009048221223458624
15/04/20 18:00:50 INFO graph.Vertex: Setting 2 value 0.013244328186634072
15/04/20 18:00:50 INFO graph.Vertex: Setting 20 value 0.009617941968599986
15/04/20 18:00:50 INFO graph.Vertex: Setting 22 value 0.01396572686890652
15/04/20 18:00:50 INFO graph.Vertex: Setting 24 value 0.013558720242305413
15/04/20 18:00:50 INFO graph.Vertex: Setting 26 value 0.00718462254654311
15/04/20 18:00:50 INFO graph.Vertex: Setting 28 value 0.007728144367919203
15/04/20 18:00:50 INFO graph.Vertex: Setting 31 value 0.007244505758150474
15/04/20 18:00:50 INFO graph.Vertex: Setting 33 value 0.012151349109409902
15/04/20 18:00:50 INFO graph.Vertex: Setting 35 value 0.008447304306556578
15/04/20 18:00:50 INFO graph.Vertex: Setting 37 value 0.006594053652796643
15/04/20 18:00:50 INFO graph.Vertex: Setting 39 value 0.010548429054040116
15/04/20 18:00:50 INFO graph.Vertex: Setting 4 value 0.011227228419019618
15/04/20 18:00:50 INFO graph.Vertex: Setting 40 value 0.008312814504436406
15/04/20 18:00:50 INFO graph.Vertex: Setting 42 value 0.012261112116292995
15/04/20 18:00:50 INFO graph.Vertex: Setting 44 value 0.010026198455086188
15/04/20 18:00:50 INFO graph.Vertex: Setting 46 value 0.006009993008636685
15/04/20 18:00:50 INFO graph.Vertex: Setting 48 value 0.01067434571155423
15/04/20 18:00:50 INFO graph.Vertex: Setting 51 value 0.012399065182355862
15/04/20 18:00:50 INFO graph.Vertex: Setting 53 value 0.009556945717912466
15/04/20 18:00:50 INFO graph.Vertex: Setting 55 value 0.013728333654523736
15/04/20 18:00:50 INFO graph.Vertex: Setting 57 value 0.011076740359991592
15/04/20 18:00:50 INFO graph.Vertex: Setting 59 value 0.012738262813472205
15/04/20 18:00:50 INFO graph.Vertex: Setting 6 value 0.008621511867860684
15/04/20 18:00:50 INFO graph.Vertex: Setting 60 value 0.013893155020604188
15/04/20 18:00:50 INFO graph.Vertex: Setting 62 value 0.009190160043491498
15/04/20 18:00:50 INFO graph.Vertex: Setting 64 value 0.014752553223984399
15/04/20 18:00:50 INFO graph.Vertex: Setting 66 value 0.009221652460099476
15/04/20 18:00:50 INFO graph.Vertex: Setting 68 value 0.010526572871892508
15/04/20 18:00:50 INFO graph.Vertex: Setting 71 value 0.012131549409324276
15/04/20 18:00:50 INFO graph.Vertex: Setting 73 value 0.009581786175439606
15/04/20 18:00:50 INFO graph.Vertex: Setting 75 value 0.011806149306668729
15/04/20 18:00:50 INFO graph.Vertex: Setting 77 value 0.005849728759669434
15/04/20 18:00:50 INFO graph.Vertex: Setting 79 value 0.011489352998665832
15/04/20 18:00:50 INFO graph.Vertex: Setting 8 value 0.009812645747117398
15/04/20 18:00:50 INFO graph.Vertex: Setting 80 value 0.011722005887779276
15/04/20 18:00:50 INFO graph.Vertex: Setting 82 value 0.007513983410184164
15/04/20 18:00:50 INFO graph.Vertex: Setting 84 value 0.008335073900394063
15/04/20 18:00:50 INFO graph.Vertex: Setting 86 value 0.00821755836282014
15/04/20 18:00:50 INFO graph.Vertex: Setting 88 value 0.014246603711031766
15/04/20 18:00:50 INFO graph.Vertex: Setting 91 value 0.004465736106549342
15/04/20 18:00:50 INFO graph.Vertex: Setting 93 value 0.005353880236411193
15/04/20 18:00:50 INFO graph.Vertex: Setting 95 value 0.013333376785100085
15/04/20 18:00:50 INFO graph.Vertex: Setting 97 value 0.009977040213795106
15/04/20 18:00:50 INFO graph.Vertex: Setting 99 value 0.013737343571592951
15/04/20 18:00:51 INFO graph.GraphJobRunner: slave:61001
15/04/20 18:00:51 INFO graph.GraphJobRunner: simulated failure
