15/04/20 18:01:50 INFO bsp.GroomServer: BSPPeerChild starting
15/04/20 18:01:52 WARN util.NativeCodeLoader: Unable to load native-hadoop library for your platform... using builtin-java classes where applicable
15/04/20 18:01:53 INFO bsp.GroomServer: Starting peer for step 20 state = RECOVERING
15/04/20 18:01:56 INFO bsp.GroomServer: instantiating BSPPeerImpl
15/04/20 18:01:56 INFO ipc.Server: Starting Socket Reader #1 for port 61001
15/04/20 18:01:56 INFO ipc.Server: IPC Server Responder: starting
15/04/20 18:01:56 INFO ipc.Server: IPC Server listener on 61001: starting
15/04/20 18:01:56 INFO ipc.Server: IPC Server handler 0 on 61001: starting
15/04/20 18:01:56 INFO ipc.Server: IPC Server handler 1 on 61001: starting
15/04/20 18:01:56 INFO ipc.Server: IPC Server handler 2 on 61001: starting
15/04/20 18:01:56 INFO ipc.Server: IPC Server handler 3 on 61001: starting
15/04/20 18:01:56 INFO message.HamaMessageManagerImpl: BSPPeer address:slave port:61001
15/04/20 18:01:56 INFO ipc.Server: IPC Server handler 4 on 61001: starting
15/04/20 18:01:57 INFO sync.ZKSyncClient: Initializing ZK Sync Client
15/04/20 18:01:57 INFO sync.ZooKeeperSyncClientImpl: Start connecting to Zookeeper! At slave/172.28.128.5:61001
15/04/20 18:01:58 INFO ft.AsyncRcvdMsgCheckpointImpl: bspPeer slave:61001 started pinging alive peers for data
15/04/20 18:01:58 INFO bsp.BSPPeerImpl: Skipping request to slave:61001-slave-slave
15/04/20 18:01:58 INFO ft.AsyncRcvdMsgCheckpointImpl: Prev. superstep data recovery complete for slave:61001
15/04/20 18:01:58 INFO bsp.BSPPeerImpl: Recovery task received 49 messages for previous superstep from alive peers
15/04/20 18:01:58 INFO bsp.BSPPeerImpl: [BSPPeerImpl.java] Changing taskState from RECOVERING to RUNNING
15/04/20 18:01:58 INFO bsp.GroomServer: instantiating BSPPeerImpl done, starting BSPTask now!
15/04/20 18:01:58 INFO bsp.BSPTask: Starting runBSP from BSPTask
15/04/20 18:01:58 INFO bsp.BSPTask: [BSPTask.java] Starting with bsp.setup
15/04/20 18:01:58 INFO graph.GraphJobRunner: [GraphJobRunner] Entering setup.
15/04/20 18:01:58 INFO graph.GraphJobRunner: 50 vertices are loaded into slave:61001
15/04/20 18:01:58 INFO graph.Vertex: Setting 86 value Infinity
15/04/20 18:01:58 INFO graph.Vertex: Setting 84 value Infinity
15/04/20 18:01:58 INFO graph.Vertex: Setting 82 value Infinity
15/04/20 18:01:58 INFO graph.Vertex: Setting 80 value Infinity
15/04/20 18:01:58 INFO graph.Vertex: Setting 42 value Infinity
15/04/20 18:01:58 INFO graph.Vertex: Setting 40 value Infinity
15/04/20 18:01:58 INFO graph.Vertex: Setting 39 value Infinity
15/04/20 18:01:58 INFO graph.Vertex: Setting 37 value Infinity
15/04/20 18:01:58 INFO graph.Vertex: Setting 35 value Infinity
15/04/20 18:01:58 INFO graph.Vertex: Setting 33 value Infinity
15/04/20 18:01:58 INFO graph.Vertex: Setting 79 value Infinity
15/04/20 18:01:58 INFO graph.Vertex: Setting 77 value Infinity
15/04/20 18:01:58 INFO graph.Vertex: Setting 73 value Infinity
15/04/20 18:01:58 INFO graph.Vertex: Setting 75 value Infinity
15/04/20 18:01:58 INFO graph.Vertex: Setting 71 value Infinity
15/04/20 18:01:58 INFO graph.Vertex: Setting 31 value Infinity
15/04/20 18:01:58 INFO graph.Vertex: Setting 26 value Infinity
15/04/20 18:01:58 INFO graph.Vertex: Setting 28 value Infinity
15/04/20 18:01:58 INFO graph.Vertex: Setting 22 value Infinity
15/04/20 18:01:58 INFO graph.Vertex: Setting 24 value Infinity
15/04/20 18:01:58 INFO graph.Vertex: Setting 66 value Infinity
15/04/20 18:01:58 INFO graph.Vertex: Setting 68 value Infinity
15/04/20 18:01:58 INFO graph.Vertex: Setting 60 value Infinity
15/04/20 18:01:58 INFO graph.Vertex: Setting 0 value Infinity
15/04/20 18:01:58 INFO graph.Vertex: Setting 64 value Infinity
15/04/20 18:01:58 INFO graph.Vertex: Setting 62 value Infinity
15/04/20 18:01:58 INFO graph.Vertex: Setting 6 value Infinity
15/04/20 18:01:58 INFO graph.Vertex: Setting 57 value Infinity
15/04/20 18:01:58 INFO graph.Vertex: Setting 8 value Infinity
15/04/20 18:01:58 INFO graph.Vertex: Setting 55 value Infinity
15/04/20 18:01:58 INFO graph.Vertex: Setting 2 value Infinity
15/04/20 18:01:58 INFO graph.Vertex: Setting 4 value Infinity
15/04/20 18:01:58 INFO graph.Vertex: Setting 59 value Infinity
15/04/20 18:01:58 INFO graph.Vertex: Setting 99 value Infinity
15/04/20 18:01:58 INFO graph.Vertex: Setting 91 value Infinity
15/04/20 18:01:58 INFO graph.Vertex: Setting 93 value Infinity
15/04/20 18:01:58 INFO graph.Vertex: Setting 19 value Infinity
15/04/20 18:01:58 INFO graph.Vertex: Setting 95 value Infinity
15/04/20 18:01:58 INFO graph.Vertex: Setting 97 value Infinity
15/04/20 18:01:58 INFO graph.Vertex: Setting 15 value Infinity
15/04/20 18:01:58 INFO graph.Vertex: Setting 17 value Infinity
15/04/20 18:01:58 INFO graph.Vertex: Setting 51 value Infinity
15/04/20 18:01:58 INFO graph.Vertex: Setting 11 value Infinity
15/04/20 18:01:58 INFO graph.Vertex: Setting 13 value Infinity
15/04/20 18:01:58 INFO graph.Vertex: Setting 53 value Infinity
15/04/20 18:01:58 INFO graph.Vertex: Setting 44 value Infinity
15/04/20 18:01:58 INFO graph.Vertex: Setting 46 value Infinity
15/04/20 18:01:58 INFO graph.Vertex: Setting 20 value Infinity
15/04/20 18:01:58 INFO graph.Vertex: Setting 48 value Infinity
15/04/20 18:01:58 INFO graph.Vertex: Setting 88 value Infinity
15/04/20 18:01:58 INFO graph.GraphJobRunner: Recovering peer reading from log: 100 vertices
15/04/20 18:01:58 INFO graph.GraphJobRunner: SRC: 27 DST ID: 0 Val: 8 Recovering Message 9.97623946286166E-4 on superstep 20
15/04/20 18:01:58 INFO graph.GraphJobRunner: SRC: 27 DST ID: 0 Val: 8 Recovering Message 0.0013458314226279821 on superstep 20
15/04/20 18:01:58 INFO graph.GraphJobRunner: SRC: 27 DST ID: 0 Val: 8 Recovering Message 0.00112604578522794 on superstep 20
15/04/20 18:01:58 INFO graph.GraphJobRunner: SRC: 27 DST ID: 0 Val: 8 Recovering Message 0.0010179439274762066 on superstep 20
15/04/20 18:01:58 INFO graph.GraphJobRunner: SRC: 27 DST ID: 0 Val: 8 Recovering Message 0.0012506269062765435 on superstep 20
15/04/20 18:01:58 INFO graph.GraphJobRunner: SRC: 27 DST ID: 0 Val: 8 Recovering Message 9.583332425228082E-4 on superstep 20
15/04/20 18:01:58 INFO graph.GraphJobRunner: SRC: 27 DST ID: 0 Val: 8 Recovering Message 6.959405443066983E-4 on superstep 20
15/04/20 18:01:58 INFO graph.GraphJobRunner: SRC: 27 DST ID: 0 Val: 8 Recovering Message 6.234768520912756E-4 on superstep 20
15/04/20 18:01:58 INFO graph.GraphJobRunner: slave:61001
15/04/20 18:01:58 INFO graph.Vertex: Setting 0 value 0.008313449232793277
15/04/20 18:01:58 INFO graph.Vertex: Setting 11 value 0.007330215527690075
15/04/20 18:01:58 INFO graph.Vertex: Setting 13 value 0.003696104660473587
15/04/20 18:01:58 INFO graph.Vertex: Setting 17 value 0.004062699023684517
15/04/20 18:01:58 INFO graph.Vertex: Setting 19 value 0.004986891743204386
15/04/20 18:01:58 INFO graph.Vertex: Setting 2 value 0.005292002087543479
15/04/20 18:01:58 INFO graph.Vertex: Setting 20 value 0.0062840276949067434
15/04/20 18:01:58 INFO graph.Vertex: Setting 22 value 0.00664244741297759
15/04/20 18:01:58 INFO graph.Vertex: Setting 24 value 0.006345553467319873
15/04/20 18:01:58 INFO graph.Vertex: Setting 26 value 0.003471775661682305
15/04/20 18:01:58 INFO graph.Vertex: Setting 28 value 0.003935307988304425
15/04/20 18:01:58 INFO graph.Vertex: Setting 31 value 0.003292466444089344
15/04/20 18:01:58 INFO graph.Vertex: Setting 33 value 0.006078788255244972
15/04/20 18:01:58 INFO graph.Vertex: Setting 35 value 0.004918587637924555
15/04/20 18:01:58 INFO graph.Vertex: Setting 37 value 0.004598027037863597
15/04/20 18:01:58 INFO graph.Vertex: Setting 39 value 0.005856638981186498
15/04/20 18:01:58 INFO graph.Vertex: Setting 4 value 0.003741925705933339
15/04/20 18:01:58 INFO graph.Vertex: Setting 40 value 0.005265703053846951
15/04/20 18:01:58 INFO graph.Vertex: Setting 42 value 0.007629924119824971
15/04/20 18:01:58 INFO graph.Vertex: Setting 44 value 0.006023200302382595
15/04/20 18:01:58 INFO graph.Vertex: Setting 46 value 0.0024669734824389624
15/04/20 18:01:58 INFO graph.Vertex: Setting 48 value 0.005895399410840299
15/04/20 18:01:58 INFO graph.Vertex: Setting 51 value 0.005862403293611232
15/04/20 18:01:58 INFO graph.Vertex: Setting 53 value 0.004397310479568194
15/04/20 18:01:58 INFO graph.Vertex: Setting 55 value 0.00818338543188001
15/04/20 18:01:58 INFO graph.Vertex: Setting 57 value 0.007280853939366652
15/04/20 18:01:58 INFO graph.Vertex: Setting 59 value 0.0068185211188451405
15/04/20 18:01:58 INFO graph.Vertex: Setting 6 value 0.004040010908659724
15/04/20 18:01:58 INFO graph.Vertex: Setting 60 value 0.007825713175919373
15/04/20 18:01:58 INFO graph.Vertex: Setting 62 value 0.004302683934266369
15/04/20 18:01:58 INFO graph.Vertex: Setting 64 value 0.00508737825731631
15/04/20 18:01:58 INFO graph.Vertex: Setting 66 value 0.003526054338649545
15/04/20 18:01:58 INFO graph.Vertex: Setting 68 value 0.004259702297960287
15/04/20 18:01:58 INFO graph.Vertex: Setting 71 value 0.007563439627448648
15/04/20 18:01:58 INFO graph.Vertex: Setting 73 value 0.004548733331049388
15/04/20 18:01:58 INFO graph.Vertex: Setting 75 value 0.005253866691514857
15/04/20 18:01:58 INFO graph.Vertex: Setting 77 value 0.00422911745132333
15/04/20 18:01:58 INFO graph.Vertex: Setting 79 value 0.0029964043187035135
15/04/20 18:01:58 INFO graph.Vertex: Setting 8 value 0.007055193509076948
15/04/20 18:01:58 INFO graph.Vertex: Setting 80 value 0.00846782856427847
15/04/20 18:01:58 INFO graph.Vertex: Setting 82 value 0.004344763101378074
15/04/20 18:01:58 INFO graph.Vertex: Setting 84 value 0.002799964892073836
15/04/20 18:01:58 INFO graph.Vertex: Setting 86 value 0.0030085572936167093
15/04/20 18:01:58 INFO graph.Vertex: Setting 88 value 0.006603182274618398
15/04/20 18:01:58 INFO graph.Vertex: Setting 91 value 0.002314583256144387
15/04/20 18:01:58 INFO graph.Vertex: Setting 93 value 0.003472292744656137
15/04/20 18:01:58 INFO graph.Vertex: Setting 95 value 0.006497035715461756
15/04/20 18:01:58 INFO graph.Vertex: Setting 97 value 0.004445479823959133
15/04/20 18:01:58 INFO graph.Vertex: Setting 99 value 0.008317886591516378
15/04/20 18:01:58 INFO graph.Vertex: Setting 15 value 0.0015000000000000002
15/04/20 18:01:58 INFO bsp.BSPPeerImpl: Skipping request to slave:61001-slave-slave
15/04/20 18:01:58 INFO bsp.BSPPeerImpl: Is check true? false
15/04/20 18:01:58 INFO bsp.BSPPeerImpl: Recovery task received 50 messages for current superstep from alive peers
15/04/20 18:01:58 INFO bsp.BSPPeerImpl: Completed doFirstSyncAfterRecovery
15/04/20 18:01:58 INFO bsp.BSPTask: [BSPTask.java] Starting with bsp.bsp
15/04/20 18:01:58 INFO graph.GraphJobRunner: Entered GraphRunner.bsp. Is recovery task? true
15/04/20 18:01:58 INFO graph.GraphJobRunner: slave:61001
15/04/20 18:01:58 INFO graph.Vertex: Setting 0 value Infinity
15/04/20 18:01:58 INFO graph.Vertex: Setting 11 value Infinity
15/04/20 18:01:58 INFO graph.Vertex: Setting 13 value Infinity
15/04/20 18:01:58 INFO graph.Vertex: Setting 15 value Infinity
15/04/20 18:01:58 INFO graph.Vertex: Setting 17 value Infinity
15/04/20 18:01:58 INFO graph.Vertex: Setting 19 value Infinity
15/04/20 18:01:58 INFO graph.Vertex: Setting 2 value Infinity
15/04/20 18:01:58 INFO graph.Vertex: Setting 20 value Infinity
15/04/20 18:01:58 INFO graph.Vertex: Setting 22 value Infinity
15/04/20 18:01:58 INFO graph.Vertex: Setting 24 value Infinity
15/04/20 18:01:58 INFO graph.Vertex: Setting 26 value Infinity
15/04/20 18:01:58 INFO graph.Vertex: Setting 28 value Infinity
15/04/20 18:01:58 INFO graph.Vertex: Setting 31 value Infinity
15/04/20 18:01:58 INFO graph.Vertex: Setting 33 value Infinity
15/04/20 18:01:58 INFO graph.Vertex: Setting 35 value Infinity
15/04/20 18:01:58 INFO graph.Vertex: Setting 37 value Infinity
15/04/20 18:01:58 INFO graph.Vertex: Setting 39 value Infinity
15/04/20 18:01:58 INFO graph.Vertex: Setting 4 value Infinity
15/04/20 18:01:58 INFO graph.Vertex: Setting 40 value Infinity
15/04/20 18:01:58 INFO graph.Vertex: Setting 42 value Infinity
15/04/20 18:01:58 INFO graph.Vertex: Setting 44 value Infinity
15/04/20 18:01:58 INFO graph.Vertex: Setting 46 value Infinity
15/04/20 18:01:58 INFO graph.Vertex: Setting 48 value Infinity
15/04/20 18:01:58 INFO graph.Vertex: Setting 51 value Infinity
15/04/20 18:01:58 INFO graph.Vertex: Setting 53 value Infinity
15/04/20 18:01:58 INFO graph.Vertex: Setting 55 value Infinity
15/04/20 18:01:58 INFO graph.Vertex: Setting 57 value Infinity
15/04/20 18:01:58 INFO graph.Vertex: Setting 59 value Infinity
15/04/20 18:01:58 INFO graph.Vertex: Setting 6 value Infinity
15/04/20 18:01:58 INFO graph.Vertex: Setting 60 value Infinity
15/04/20 18:01:58 INFO graph.Vertex: Setting 62 value Infinity
15/04/20 18:01:58 INFO graph.Vertex: Setting 64 value Infinity
15/04/20 18:01:58 INFO graph.Vertex: Setting 66 value Infinity
15/04/20 18:01:58 INFO graph.Vertex: Setting 68 value Infinity
15/04/20 18:01:58 INFO graph.Vertex: Setting 71 value Infinity
15/04/20 18:01:58 INFO graph.Vertex: Setting 73 value Infinity
15/04/20 18:01:58 INFO graph.Vertex: Setting 75 value Infinity
15/04/20 18:01:58 INFO graph.Vertex: Setting 77 value Infinity
15/04/20 18:01:58 INFO graph.Vertex: Setting 79 value Infinity
15/04/20 18:01:58 INFO graph.Vertex: Setting 8 value Infinity
15/04/20 18:01:58 INFO graph.Vertex: Setting 80 value Infinity
15/04/20 18:01:58 INFO graph.Vertex: Setting 82 value Infinity
15/04/20 18:01:58 INFO graph.Vertex: Setting 84 value Infinity
15/04/20 18:01:58 INFO graph.Vertex: Setting 86 value Infinity
15/04/20 18:01:58 INFO graph.Vertex: Setting 88 value Infinity
15/04/20 18:01:58 INFO graph.Vertex: Setting 91 value Infinity
15/04/20 18:01:58 INFO graph.Vertex: Setting 93 value Infinity
15/04/20 18:01:58 INFO graph.Vertex: Setting 95 value Infinity
15/04/20 18:01:58 INFO graph.Vertex: Setting 97 value Infinity
15/04/20 18:01:58 INFO graph.Vertex: Setting 99 value Infinity
15/04/20 18:01:58 INFO graph.GraphJobRunner: slave:61001
15/04/20 18:01:58 INFO graph.Vertex: Setting 0 value Infinity
15/04/20 18:01:58 INFO graph.Vertex: Setting 11 value Infinity
15/04/20 18:01:58 INFO graph.Vertex: Setting 13 value Infinity
15/04/20 18:01:58 INFO graph.Vertex: Setting 15 value Infinity
15/04/20 18:01:58 INFO graph.Vertex: Setting 17 value Infinity
15/04/20 18:01:58 INFO graph.Vertex: Setting 19 value Infinity
15/04/20 18:01:58 INFO graph.Vertex: Setting 2 value Infinity
15/04/20 18:01:58 INFO graph.Vertex: Setting 20 value Infinity
15/04/20 18:01:58 INFO graph.Vertex: Setting 22 value Infinity
15/04/20 18:01:58 INFO graph.Vertex: Setting 24 value Infinity
15/04/20 18:01:58 INFO graph.Vertex: Setting 26 value Infinity
15/04/20 18:01:58 INFO graph.Vertex: Setting 28 value Infinity
15/04/20 18:01:58 INFO graph.Vertex: Setting 31 value Infinity
15/04/20 18:01:58 INFO graph.Vertex: Setting 33 value Infinity
15/04/20 18:01:58 INFO graph.Vertex: Setting 35 value Infinity
15/04/20 18:01:58 INFO graph.Vertex: Setting 37 value Infinity
15/04/20 18:01:58 INFO graph.Vertex: Setting 39 value Infinity
15/04/20 18:01:58 INFO graph.Vertex: Setting 4 value Infinity
15/04/20 18:01:58 INFO graph.Vertex: Setting 40 value Infinity
15/04/20 18:01:58 INFO graph.Vertex: Setting 42 value Infinity
15/04/20 18:01:58 INFO graph.Vertex: Setting 44 value Infinity
15/04/20 18:01:58 INFO graph.Vertex: Setting 46 value Infinity
15/04/20 18:01:58 INFO graph.Vertex: Setting 48 value Infinity
15/04/20 18:01:58 INFO graph.Vertex: Setting 51 value Infinity
15/04/20 18:01:58 INFO graph.Vertex: Setting 53 value Infinity
15/04/20 18:01:58 INFO graph.Vertex: Setting 55 value Infinity
15/04/20 18:01:58 INFO graph.Vertex: Setting 57 value Infinity
15/04/20 18:01:58 INFO graph.Vertex: Setting 59 value Infinity
15/04/20 18:01:58 INFO graph.Vertex: Setting 6 value Infinity
15/04/20 18:01:58 INFO graph.Vertex: Setting 60 value Infinity
15/04/20 18:01:58 INFO graph.Vertex: Setting 62 value Infinity
15/04/20 18:01:58 INFO graph.Vertex: Setting 64 value Infinity
15/04/20 18:01:58 INFO graph.Vertex: Setting 66 value Infinity
15/04/20 18:01:58 INFO graph.Vertex: Setting 68 value Infinity
15/04/20 18:01:58 INFO graph.Vertex: Setting 71 value Infinity
15/04/20 18:01:58 INFO graph.Vertex: Setting 73 value Infinity
15/04/20 18:01:58 INFO graph.Vertex: Setting 75 value Infinity
15/04/20 18:01:58 INFO graph.Vertex: Setting 77 value Infinity
15/04/20 18:01:58 INFO graph.Vertex: Setting 79 value Infinity
15/04/20 18:01:58 INFO graph.Vertex: Setting 8 value Infinity
15/04/20 18:01:58 INFO graph.Vertex: Setting 80 value Infinity
15/04/20 18:01:58 INFO graph.Vertex: Setting 82 value Infinity
15/04/20 18:01:58 INFO graph.Vertex: Setting 84 value Infinity
15/04/20 18:01:58 INFO graph.Vertex: Setting 86 value Infinity
15/04/20 18:01:58 INFO graph.Vertex: Setting 88 value Infinity
15/04/20 18:01:58 INFO graph.Vertex: Setting 91 value Infinity
15/04/20 18:01:58 INFO graph.Vertex: Setting 93 value Infinity
15/04/20 18:01:58 INFO graph.Vertex: Setting 95 value Infinity
15/04/20 18:01:58 INFO graph.Vertex: Setting 97 value Infinity
15/04/20 18:01:58 INFO graph.Vertex: Setting 99 value Infinity
15/04/20 18:01:58 INFO graph.GraphJobRunner: slave:61001
15/04/20 18:01:58 INFO graph.Vertex: Setting 0 value Infinity
15/04/20 18:01:58 INFO graph.Vertex: Setting 11 value Infinity
15/04/20 18:01:58 INFO graph.Vertex: Setting 13 value Infinity
15/04/20 18:01:58 INFO graph.Vertex: Setting 15 value Infinity
15/04/20 18:01:58 INFO graph.Vertex: Setting 17 value Infinity
15/04/20 18:01:58 INFO graph.Vertex: Setting 19 value Infinity
15/04/20 18:01:58 INFO graph.Vertex: Setting 2 value Infinity
15/04/20 18:01:58 INFO graph.Vertex: Setting 20 value Infinity
15/04/20 18:01:58 INFO graph.Vertex: Setting 22 value Infinity
15/04/20 18:01:58 INFO graph.Vertex: Setting 24 value Infinity
15/04/20 18:01:58 INFO graph.Vertex: Setting 26 value Infinity
15/04/20 18:01:58 INFO graph.Vertex: Setting 28 value Infinity
15/04/20 18:01:58 INFO graph.Vertex: Setting 31 value Infinity
15/04/20 18:01:58 INFO graph.Vertex: Setting 33 value Infinity
15/04/20 18:01:58 INFO graph.Vertex: Setting 35 value Infinity
15/04/20 18:01:58 INFO graph.Vertex: Setting 37 value Infinity
15/04/20 18:01:58 INFO graph.Vertex: Setting 39 value Infinity
15/04/20 18:01:58 INFO graph.Vertex: Setting 4 value Infinity
15/04/20 18:01:58 INFO graph.Vertex: Setting 40 value Infinity
15/04/20 18:01:58 INFO graph.Vertex: Setting 42 value Infinity
15/04/20 18:01:58 INFO graph.Vertex: Setting 44 value Infinity
15/04/20 18:01:58 INFO graph.Vertex: Setting 46 value Infinity
15/04/20 18:01:58 INFO graph.Vertex: Setting 48 value Infinity
15/04/20 18:01:58 INFO graph.Vertex: Setting 51 value Infinity
15/04/20 18:01:58 INFO graph.Vertex: Setting 53 value Infinity
15/04/20 18:01:58 INFO graph.Vertex: Setting 55 value Infinity
15/04/20 18:01:58 INFO graph.Vertex: Setting 57 value Infinity
15/04/20 18:01:58 INFO graph.Vertex: Setting 59 value Infinity
15/04/20 18:01:58 INFO graph.Vertex: Setting 6 value Infinity
15/04/20 18:01:58 INFO graph.Vertex: Setting 60 value Infinity
15/04/20 18:01:58 INFO graph.Vertex: Setting 62 value Infinity
15/04/20 18:01:58 INFO graph.Vertex: Setting 64 value Infinity
15/04/20 18:01:58 INFO graph.Vertex: Setting 66 value Infinity
15/04/20 18:01:58 INFO graph.Vertex: Setting 68 value Infinity
15/04/20 18:01:58 INFO graph.Vertex: Setting 71 value Infinity
15/04/20 18:01:58 INFO graph.Vertex: Setting 73 value Infinity
15/04/20 18:01:58 INFO graph.Vertex: Setting 75 value Infinity
15/04/20 18:01:58 INFO graph.Vertex: Setting 77 value Infinity
15/04/20 18:01:58 INFO graph.Vertex: Setting 79 value Infinity
15/04/20 18:01:58 INFO graph.Vertex: Setting 8 value Infinity
15/04/20 18:01:58 INFO graph.Vertex: Setting 80 value Infinity
15/04/20 18:01:58 INFO graph.Vertex: Setting 82 value Infinity
15/04/20 18:01:58 INFO graph.Vertex: Setting 84 value Infinity
15/04/20 18:01:58 INFO graph.Vertex: Setting 86 value Infinity
15/04/20 18:01:58 INFO graph.Vertex: Setting 88 value Infinity
15/04/20 18:01:58 INFO graph.Vertex: Setting 91 value Infinity
15/04/20 18:01:58 INFO graph.Vertex: Setting 93 value Infinity
15/04/20 18:01:58 INFO graph.Vertex: Setting 95 value Infinity
15/04/20 18:01:58 INFO graph.Vertex: Setting 97 value Infinity
15/04/20 18:01:58 INFO graph.Vertex: Setting 99 value Infinity
15/04/20 18:01:58 INFO graph.GraphJobRunner: slave:61001
15/04/20 18:01:58 INFO graph.Vertex: Setting 0 value Infinity
15/04/20 18:01:58 INFO graph.Vertex: Setting 11 value Infinity
15/04/20 18:01:58 INFO graph.Vertex: Setting 13 value Infinity
15/04/20 18:01:58 INFO graph.Vertex: Setting 15 value Infinity
15/04/20 18:01:58 INFO graph.Vertex: Setting 17 value Infinity
15/04/20 18:01:58 INFO graph.Vertex: Setting 19 value Infinity
15/04/20 18:01:58 INFO graph.Vertex: Setting 2 value Infinity
15/04/20 18:01:58 INFO graph.Vertex: Setting 20 value Infinity
15/04/20 18:01:58 INFO graph.Vertex: Setting 22 value Infinity
15/04/20 18:01:58 INFO graph.Vertex: Setting 24 value Infinity
15/04/20 18:01:58 INFO graph.Vertex: Setting 26 value Infinity
15/04/20 18:01:58 INFO graph.Vertex: Setting 28 value Infinity
15/04/20 18:01:58 INFO graph.Vertex: Setting 31 value Infinity
15/04/20 18:01:58 INFO graph.Vertex: Setting 33 value Infinity
15/04/20 18:01:58 INFO graph.Vertex: Setting 35 value Infinity
15/04/20 18:01:58 INFO graph.Vertex: Setting 37 value Infinity
15/04/20 18:01:58 INFO graph.Vertex: Setting 39 value Infinity
15/04/20 18:01:58 INFO graph.Vertex: Setting 4 value Infinity
15/04/20 18:01:58 INFO graph.Vertex: Setting 40 value Infinity
15/04/20 18:01:58 INFO graph.Vertex: Setting 42 value Infinity
15/04/20 18:01:58 INFO graph.Vertex: Setting 44 value Infinity
15/04/20 18:01:58 INFO graph.Vertex: Setting 46 value Infinity
15/04/20 18:01:58 INFO graph.Vertex: Setting 48 value Infinity
15/04/20 18:01:58 INFO graph.Vertex: Setting 51 value Infinity
15/04/20 18:01:58 INFO graph.Vertex: Setting 53 value Infinity
15/04/20 18:01:58 INFO graph.Vertex: Setting 55 value Infinity
15/04/20 18:01:58 INFO graph.Vertex: Setting 57 value Infinity
15/04/20 18:01:58 INFO graph.Vertex: Setting 59 value Infinity
15/04/20 18:01:58 INFO graph.Vertex: Setting 6 value Infinity
15/04/20 18:01:58 INFO graph.Vertex: Setting 60 value Infinity
15/04/20 18:01:58 INFO graph.Vertex: Setting 62 value Infinity
15/04/20 18:01:58 INFO graph.Vertex: Setting 64 value Infinity
15/04/20 18:01:58 INFO graph.Vertex: Setting 66 value Infinity
15/04/20 18:01:58 INFO graph.Vertex: Setting 68 value Infinity
15/04/20 18:01:58 INFO graph.Vertex: Setting 71 value Infinity
15/04/20 18:01:58 INFO graph.Vertex: Setting 73 value Infinity
15/04/20 18:01:58 INFO graph.Vertex: Setting 75 value Infinity
15/04/20 18:01:58 INFO graph.Vertex: Setting 77 value Infinity
15/04/20 18:01:58 INFO graph.Vertex: Setting 79 value Infinity
15/04/20 18:01:58 INFO graph.Vertex: Setting 8 value Infinity
15/04/20 18:01:58 INFO graph.Vertex: Setting 80 value Infinity
15/04/20 18:01:58 INFO graph.Vertex: Setting 82 value Infinity
15/04/20 18:01:58 INFO graph.Vertex: Setting 84 value Infinity
15/04/20 18:01:58 INFO graph.Vertex: Setting 86 value Infinity
15/04/20 18:01:58 INFO graph.Vertex: Setting 88 value Infinity
15/04/20 18:01:58 INFO graph.Vertex: Setting 91 value Infinity
15/04/20 18:01:58 INFO graph.Vertex: Setting 93 value Infinity
15/04/20 18:01:58 INFO graph.Vertex: Setting 95 value Infinity
15/04/20 18:01:58 INFO graph.Vertex: Setting 97 value Infinity
15/04/20 18:01:58 INFO graph.Vertex: Setting 99 value Infinity
15/04/20 18:01:58 INFO graph.GraphJobRunner: slave:61001
15/04/20 18:01:58 INFO graph.Vertex: Setting 0 value Infinity
15/04/20 18:01:58 INFO graph.Vertex: Setting 11 value Infinity
15/04/20 18:01:58 INFO graph.Vertex: Setting 13 value Infinity
15/04/20 18:01:58 INFO graph.Vertex: Setting 15 value Infinity
15/04/20 18:01:58 INFO graph.Vertex: Setting 17 value Infinity
15/04/20 18:01:58 INFO graph.Vertex: Setting 19 value Infinity
15/04/20 18:01:58 INFO graph.Vertex: Setting 2 value Infinity
15/04/20 18:01:58 INFO graph.Vertex: Setting 20 value Infinity
15/04/20 18:01:58 INFO graph.Vertex: Setting 22 value Infinity
15/04/20 18:01:58 INFO graph.Vertex: Setting 24 value Infinity
15/04/20 18:01:58 INFO graph.Vertex: Setting 26 value Infinity
15/04/20 18:01:58 INFO graph.Vertex: Setting 28 value Infinity
15/04/20 18:01:58 INFO graph.Vertex: Setting 31 value Infinity
15/04/20 18:01:58 INFO graph.Vertex: Setting 33 value Infinity
15/04/20 18:01:58 INFO graph.Vertex: Setting 35 value Infinity
15/04/20 18:01:58 INFO graph.Vertex: Setting 37 value Infinity
15/04/20 18:01:58 INFO graph.Vertex: Setting 39 value Infinity
15/04/20 18:01:58 INFO graph.Vertex: Setting 4 value Infinity
15/04/20 18:01:58 INFO graph.Vertex: Setting 40 value Infinity
15/04/20 18:01:58 INFO graph.Vertex: Setting 42 value Infinity
15/04/20 18:01:58 INFO graph.Vertex: Setting 44 value Infinity
15/04/20 18:01:58 INFO graph.Vertex: Setting 46 value Infinity
15/04/20 18:01:58 INFO graph.Vertex: Setting 48 value Infinity
15/04/20 18:01:58 INFO graph.Vertex: Setting 51 value Infinity
15/04/20 18:01:58 INFO graph.Vertex: Setting 53 value Infinity
15/04/20 18:01:58 INFO graph.Vertex: Setting 55 value Infinity
15/04/20 18:01:58 INFO graph.Vertex: Setting 57 value Infinity
15/04/20 18:01:58 INFO graph.Vertex: Setting 59 value Infinity
15/04/20 18:01:58 INFO graph.Vertex: Setting 6 value Infinity
15/04/20 18:01:58 INFO graph.Vertex: Setting 60 value Infinity
15/04/20 18:01:58 INFO graph.Vertex: Setting 62 value Infinity
15/04/20 18:01:58 INFO graph.Vertex: Setting 64 value Infinity
15/04/20 18:01:58 INFO graph.Vertex: Setting 66 value Infinity
15/04/20 18:01:58 INFO graph.Vertex: Setting 68 value Infinity
15/04/20 18:01:58 INFO graph.Vertex: Setting 71 value Infinity
15/04/20 18:01:58 INFO graph.Vertex: Setting 73 value Infinity
15/04/20 18:01:58 INFO graph.Vertex: Setting 75 value Infinity
15/04/20 18:01:58 INFO graph.Vertex: Setting 77 value Infinity
15/04/20 18:01:58 INFO graph.Vertex: Setting 79 value Infinity
15/04/20 18:01:58 INFO graph.Vertex: Setting 8 value Infinity
15/04/20 18:01:58 INFO graph.Vertex: Setting 80 value Infinity
15/04/20 18:01:58 INFO graph.Vertex: Setting 82 value Infinity
15/04/20 18:01:58 INFO graph.Vertex: Setting 84 value Infinity
15/04/20 18:01:58 INFO graph.Vertex: Setting 86 value Infinity
15/04/20 18:01:58 INFO graph.Vertex: Setting 88 value Infinity
15/04/20 18:01:58 INFO graph.Vertex: Setting 91 value Infinity
15/04/20 18:01:58 INFO graph.Vertex: Setting 93 value Infinity
15/04/20 18:01:58 INFO graph.Vertex: Setting 95 value Infinity
15/04/20 18:01:58 INFO graph.Vertex: Setting 97 value Infinity
15/04/20 18:01:58 INFO graph.Vertex: Setting 99 value Infinity
15/04/20 18:01:59 INFO graph.GraphJobRunner: slave:61001
15/04/20 18:01:59 INFO graph.Vertex: Setting 0 value Infinity
15/04/20 18:01:59 INFO graph.Vertex: Setting 11 value Infinity
15/04/20 18:01:59 INFO graph.Vertex: Setting 13 value Infinity
15/04/20 18:01:59 INFO graph.Vertex: Setting 15 value Infinity
15/04/20 18:01:59 INFO graph.Vertex: Setting 17 value Infinity
15/04/20 18:01:59 INFO graph.Vertex: Setting 19 value Infinity
15/04/20 18:01:59 INFO graph.Vertex: Setting 2 value Infinity
15/04/20 18:01:59 INFO graph.Vertex: Setting 20 value Infinity
15/04/20 18:01:59 INFO graph.Vertex: Setting 22 value Infinity
15/04/20 18:01:59 INFO graph.Vertex: Setting 24 value Infinity
15/04/20 18:01:59 INFO graph.Vertex: Setting 26 value Infinity
15/04/20 18:01:59 INFO graph.Vertex: Setting 28 value Infinity
15/04/20 18:01:59 INFO graph.Vertex: Setting 31 value Infinity
15/04/20 18:01:59 INFO graph.Vertex: Setting 33 value Infinity
15/04/20 18:01:59 INFO graph.Vertex: Setting 35 value Infinity
15/04/20 18:01:59 INFO graph.Vertex: Setting 37 value Infinity
15/04/20 18:01:59 INFO graph.Vertex: Setting 39 value Infinity
15/04/20 18:01:59 INFO graph.Vertex: Setting 4 value Infinity
15/04/20 18:01:59 INFO graph.Vertex: Setting 40 value Infinity
15/04/20 18:01:59 INFO graph.Vertex: Setting 42 value Infinity
15/04/20 18:01:59 INFO graph.Vertex: Setting 44 value Infinity
15/04/20 18:01:59 INFO graph.Vertex: Setting 46 value Infinity
15/04/20 18:01:59 INFO graph.Vertex: Setting 48 value Infinity
15/04/20 18:01:59 INFO graph.Vertex: Setting 51 value Infinity
15/04/20 18:01:59 INFO graph.Vertex: Setting 53 value Infinity
15/04/20 18:01:59 INFO graph.Vertex: Setting 55 value Infinity
15/04/20 18:01:59 INFO graph.Vertex: Setting 57 value Infinity
15/04/20 18:01:59 INFO graph.Vertex: Setting 59 value Infinity
15/04/20 18:01:59 INFO graph.Vertex: Setting 6 value Infinity
15/04/20 18:01:59 INFO graph.Vertex: Setting 60 value Infinity
15/04/20 18:01:59 INFO graph.Vertex: Setting 62 value Infinity
15/04/20 18:01:59 INFO graph.Vertex: Setting 64 value Infinity
15/04/20 18:01:59 INFO graph.Vertex: Setting 66 value Infinity
15/04/20 18:01:59 INFO graph.Vertex: Setting 68 value Infinity
15/04/20 18:01:59 INFO graph.Vertex: Setting 71 value Infinity
15/04/20 18:01:59 INFO graph.Vertex: Setting 73 value Infinity
15/04/20 18:01:59 INFO graph.Vertex: Setting 75 value Infinity
15/04/20 18:01:59 INFO graph.Vertex: Setting 77 value Infinity
15/04/20 18:01:59 INFO graph.Vertex: Setting 79 value Infinity
15/04/20 18:01:59 INFO graph.Vertex: Setting 8 value Infinity
15/04/20 18:01:59 INFO graph.Vertex: Setting 80 value Infinity
15/04/20 18:01:59 INFO graph.Vertex: Setting 82 value Infinity
15/04/20 18:01:59 INFO graph.Vertex: Setting 84 value Infinity
15/04/20 18:01:59 INFO graph.Vertex: Setting 86 value Infinity
15/04/20 18:01:59 INFO graph.Vertex: Setting 88 value Infinity
15/04/20 18:01:59 INFO graph.Vertex: Setting 91 value Infinity
15/04/20 18:01:59 INFO graph.Vertex: Setting 93 value Infinity
15/04/20 18:01:59 INFO graph.Vertex: Setting 95 value Infinity
15/04/20 18:01:59 INFO graph.Vertex: Setting 97 value Infinity
15/04/20 18:01:59 INFO graph.Vertex: Setting 99 value Infinity
15/04/20 18:01:59 INFO graph.GraphJobRunner: slave:61001
15/04/20 18:01:59 INFO graph.Vertex: Setting 0 value Infinity
15/04/20 18:01:59 INFO graph.Vertex: Setting 11 value Infinity
15/04/20 18:01:59 INFO graph.Vertex: Setting 13 value Infinity
15/04/20 18:01:59 INFO graph.Vertex: Setting 15 value Infinity
15/04/20 18:01:59 INFO graph.Vertex: Setting 17 value Infinity
15/04/20 18:01:59 INFO graph.Vertex: Setting 19 value Infinity
15/04/20 18:01:59 INFO graph.Vertex: Setting 2 value Infinity
15/04/20 18:01:59 INFO graph.Vertex: Setting 20 value Infinity
15/04/20 18:01:59 INFO graph.Vertex: Setting 22 value Infinity
15/04/20 18:01:59 INFO graph.Vertex: Setting 24 value Infinity
15/04/20 18:01:59 INFO graph.Vertex: Setting 26 value Infinity
15/04/20 18:01:59 INFO graph.Vertex: Setting 28 value Infinity
15/04/20 18:01:59 INFO graph.Vertex: Setting 31 value Infinity
15/04/20 18:01:59 INFO graph.Vertex: Setting 33 value Infinity
15/04/20 18:01:59 INFO graph.Vertex: Setting 35 value Infinity
15/04/20 18:01:59 INFO graph.Vertex: Setting 37 value Infinity
15/04/20 18:01:59 INFO graph.Vertex: Setting 39 value Infinity
15/04/20 18:01:59 INFO graph.Vertex: Setting 4 value Infinity
15/04/20 18:01:59 INFO graph.Vertex: Setting 40 value Infinity
15/04/20 18:01:59 INFO graph.Vertex: Setting 42 value Infinity
15/04/20 18:01:59 INFO graph.Vertex: Setting 44 value Infinity
15/04/20 18:01:59 INFO graph.Vertex: Setting 46 value Infinity
15/04/20 18:01:59 INFO graph.Vertex: Setting 48 value Infinity
15/04/20 18:01:59 INFO graph.Vertex: Setting 51 value Infinity
15/04/20 18:01:59 INFO graph.Vertex: Setting 53 value Infinity
15/04/20 18:01:59 INFO graph.Vertex: Setting 55 value Infinity
15/04/20 18:01:59 INFO graph.Vertex: Setting 57 value Infinity
15/04/20 18:01:59 INFO graph.Vertex: Setting 59 value Infinity
15/04/20 18:01:59 INFO graph.Vertex: Setting 6 value Infinity
15/04/20 18:01:59 INFO graph.Vertex: Setting 60 value Infinity
15/04/20 18:01:59 INFO graph.Vertex: Setting 62 value Infinity
15/04/20 18:01:59 INFO graph.Vertex: Setting 64 value Infinity
15/04/20 18:01:59 INFO graph.Vertex: Setting 66 value Infinity
15/04/20 18:01:59 INFO graph.Vertex: Setting 68 value Infinity
15/04/20 18:01:59 INFO graph.Vertex: Setting 71 value Infinity
15/04/20 18:01:59 INFO graph.Vertex: Setting 73 value Infinity
15/04/20 18:01:59 INFO graph.Vertex: Setting 75 value Infinity
15/04/20 18:01:59 INFO graph.Vertex: Setting 77 value Infinity
15/04/20 18:01:59 INFO graph.Vertex: Setting 79 value Infinity
15/04/20 18:01:59 INFO graph.Vertex: Setting 8 value Infinity
15/04/20 18:01:59 INFO graph.Vertex: Setting 80 value Infinity
15/04/20 18:01:59 INFO graph.Vertex: Setting 82 value Infinity
15/04/20 18:01:59 INFO graph.Vertex: Setting 84 value Infinity
15/04/20 18:01:59 INFO graph.Vertex: Setting 86 value Infinity
15/04/20 18:01:59 INFO graph.Vertex: Setting 88 value Infinity
15/04/20 18:01:59 INFO graph.Vertex: Setting 91 value Infinity
15/04/20 18:01:59 INFO graph.Vertex: Setting 93 value Infinity
15/04/20 18:01:59 INFO graph.Vertex: Setting 95 value Infinity
15/04/20 18:01:59 INFO graph.Vertex: Setting 97 value Infinity
15/04/20 18:01:59 INFO graph.Vertex: Setting 99 value Infinity
15/04/20 18:01:59 INFO graph.GraphJobRunner: slave:61001
15/04/20 18:01:59 INFO graph.Vertex: Setting 0 value Infinity
15/04/20 18:01:59 INFO graph.Vertex: Setting 11 value Infinity
15/04/20 18:01:59 INFO graph.Vertex: Setting 13 value Infinity
15/04/20 18:01:59 INFO graph.Vertex: Setting 15 value Infinity
15/04/20 18:01:59 INFO graph.Vertex: Setting 17 value Infinity
15/04/20 18:01:59 INFO graph.Vertex: Setting 19 value Infinity
15/04/20 18:01:59 INFO graph.Vertex: Setting 2 value Infinity
15/04/20 18:01:59 INFO graph.Vertex: Setting 20 value Infinity
15/04/20 18:01:59 INFO graph.Vertex: Setting 22 value Infinity
15/04/20 18:01:59 INFO graph.Vertex: Setting 24 value Infinity
15/04/20 18:01:59 INFO graph.Vertex: Setting 26 value Infinity
15/04/20 18:01:59 INFO graph.Vertex: Setting 28 value Infinity
15/04/20 18:01:59 INFO graph.Vertex: Setting 31 value Infinity
15/04/20 18:01:59 INFO graph.Vertex: Setting 33 value Infinity
15/04/20 18:01:59 INFO graph.Vertex: Setting 35 value Infinity
15/04/20 18:01:59 INFO graph.Vertex: Setting 37 value Infinity
15/04/20 18:01:59 INFO graph.Vertex: Setting 39 value Infinity
15/04/20 18:01:59 INFO graph.Vertex: Setting 4 value Infinity
15/04/20 18:01:59 INFO graph.Vertex: Setting 40 value Infinity
15/04/20 18:01:59 INFO graph.Vertex: Setting 42 value Infinity
15/04/20 18:01:59 INFO graph.Vertex: Setting 44 value Infinity
15/04/20 18:01:59 INFO graph.Vertex: Setting 46 value Infinity
15/04/20 18:01:59 INFO graph.Vertex: Setting 48 value Infinity
15/04/20 18:01:59 INFO graph.Vertex: Setting 51 value Infinity
15/04/20 18:01:59 INFO graph.Vertex: Setting 53 value Infinity
15/04/20 18:01:59 INFO graph.Vertex: Setting 55 value Infinity
15/04/20 18:01:59 INFO graph.Vertex: Setting 57 value Infinity
15/04/20 18:01:59 INFO graph.Vertex: Setting 59 value Infinity
15/04/20 18:01:59 INFO graph.Vertex: Setting 6 value Infinity
15/04/20 18:01:59 INFO graph.Vertex: Setting 60 value Infinity
15/04/20 18:01:59 INFO graph.Vertex: Setting 62 value Infinity
15/04/20 18:01:59 INFO graph.Vertex: Setting 64 value Infinity
15/04/20 18:01:59 INFO graph.Vertex: Setting 66 value Infinity
15/04/20 18:01:59 INFO graph.Vertex: Setting 68 value Infinity
15/04/20 18:01:59 INFO graph.Vertex: Setting 71 value Infinity
15/04/20 18:01:59 INFO graph.Vertex: Setting 73 value Infinity
15/04/20 18:01:59 INFO graph.Vertex: Setting 75 value Infinity
15/04/20 18:01:59 INFO graph.Vertex: Setting 77 value Infinity
15/04/20 18:01:59 INFO graph.Vertex: Setting 79 value Infinity
15/04/20 18:01:59 INFO graph.Vertex: Setting 8 value Infinity
15/04/20 18:01:59 INFO graph.Vertex: Setting 80 value Infinity
15/04/20 18:01:59 INFO graph.Vertex: Setting 82 value Infinity
15/04/20 18:01:59 INFO graph.Vertex: Setting 84 value Infinity
15/04/20 18:01:59 INFO graph.Vertex: Setting 86 value Infinity
15/04/20 18:01:59 INFO graph.Vertex: Setting 88 value Infinity
15/04/20 18:01:59 INFO graph.Vertex: Setting 91 value Infinity
15/04/20 18:01:59 INFO graph.Vertex: Setting 93 value Infinity
15/04/20 18:01:59 INFO graph.Vertex: Setting 95 value Infinity
15/04/20 18:01:59 INFO graph.Vertex: Setting 97 value Infinity
15/04/20 18:01:59 INFO graph.Vertex: Setting 99 value Infinity
15/04/20 18:01:59 INFO graph.GraphJobRunner: slave:61001
15/04/20 18:01:59 INFO graph.Vertex: Setting 0 value Infinity
15/04/20 18:01:59 INFO graph.Vertex: Setting 11 value Infinity
15/04/20 18:01:59 INFO graph.Vertex: Setting 13 value Infinity
15/04/20 18:01:59 INFO graph.Vertex: Setting 15 value Infinity
15/04/20 18:01:59 INFO graph.Vertex: Setting 17 value Infinity
15/04/20 18:01:59 INFO graph.Vertex: Setting 19 value Infinity
15/04/20 18:01:59 INFO graph.Vertex: Setting 2 value Infinity
15/04/20 18:01:59 INFO graph.Vertex: Setting 20 value Infinity
15/04/20 18:01:59 INFO graph.Vertex: Setting 22 value Infinity
15/04/20 18:01:59 INFO graph.Vertex: Setting 24 value Infinity
15/04/20 18:01:59 INFO graph.Vertex: Setting 26 value Infinity
15/04/20 18:01:59 INFO graph.Vertex: Setting 28 value Infinity
15/04/20 18:01:59 INFO graph.Vertex: Setting 31 value Infinity
15/04/20 18:01:59 INFO graph.Vertex: Setting 33 value Infinity
15/04/20 18:01:59 INFO graph.Vertex: Setting 35 value Infinity
15/04/20 18:01:59 INFO graph.Vertex: Setting 37 value Infinity
15/04/20 18:01:59 INFO graph.Vertex: Setting 39 value Infinity
15/04/20 18:01:59 INFO graph.Vertex: Setting 4 value Infinity
15/04/20 18:01:59 INFO graph.Vertex: Setting 40 value Infinity
15/04/20 18:01:59 INFO graph.Vertex: Setting 42 value Infinity
15/04/20 18:01:59 INFO graph.Vertex: Setting 44 value Infinity
15/04/20 18:01:59 INFO graph.Vertex: Setting 46 value Infinity
15/04/20 18:01:59 INFO graph.Vertex: Setting 48 value Infinity
15/04/20 18:01:59 INFO graph.Vertex: Setting 51 value Infinity
15/04/20 18:01:59 INFO graph.Vertex: Setting 53 value Infinity
15/04/20 18:01:59 INFO graph.Vertex: Setting 55 value Infinity
15/04/20 18:01:59 INFO graph.Vertex: Setting 57 value Infinity
15/04/20 18:01:59 INFO graph.Vertex: Setting 59 value Infinity
15/04/20 18:01:59 INFO graph.Vertex: Setting 6 value Infinity
15/04/20 18:01:59 INFO graph.Vertex: Setting 60 value Infinity
15/04/20 18:01:59 INFO graph.Vertex: Setting 62 value Infinity
15/04/20 18:01:59 INFO graph.Vertex: Setting 64 value Infinity
15/04/20 18:01:59 INFO graph.Vertex: Setting 66 value Infinity
15/04/20 18:01:59 INFO graph.Vertex: Setting 68 value Infinity
15/04/20 18:01:59 INFO graph.Vertex: Setting 71 value Infinity
15/04/20 18:01:59 INFO graph.Vertex: Setting 73 value Infinity
15/04/20 18:01:59 INFO graph.Vertex: Setting 75 value Infinity
15/04/20 18:01:59 INFO graph.Vertex: Setting 77 value Infinity
15/04/20 18:01:59 INFO graph.Vertex: Setting 79 value Infinity
15/04/20 18:01:59 INFO graph.Vertex: Setting 8 value Infinity
15/04/20 18:01:59 INFO graph.Vertex: Setting 80 value Infinity
15/04/20 18:01:59 INFO graph.Vertex: Setting 82 value Infinity
15/04/20 18:01:59 INFO graph.Vertex: Setting 84 value Infinity
15/04/20 18:01:59 INFO graph.Vertex: Setting 86 value Infinity
15/04/20 18:01:59 INFO graph.Vertex: Setting 88 value Infinity
15/04/20 18:01:59 INFO graph.Vertex: Setting 91 value Infinity
15/04/20 18:01:59 INFO graph.Vertex: Setting 93 value Infinity
15/04/20 18:01:59 INFO graph.Vertex: Setting 95 value Infinity
15/04/20 18:01:59 INFO graph.Vertex: Setting 97 value Infinity
15/04/20 18:01:59 INFO graph.Vertex: Setting 99 value Infinity
15/04/20 18:01:59 INFO graph.GraphJobRunner: slave:61001
15/04/20 18:01:59 INFO graph.Vertex: Setting 0 value Infinity
15/04/20 18:01:59 INFO graph.Vertex: Setting 11 value Infinity
15/04/20 18:01:59 INFO graph.Vertex: Setting 13 value Infinity
15/04/20 18:01:59 INFO graph.Vertex: Setting 15 value Infinity
15/04/20 18:01:59 INFO graph.Vertex: Setting 17 value Infinity
15/04/20 18:01:59 INFO graph.Vertex: Setting 19 value Infinity
15/04/20 18:01:59 INFO graph.Vertex: Setting 2 value Infinity
15/04/20 18:01:59 INFO graph.Vertex: Setting 20 value Infinity
15/04/20 18:01:59 INFO graph.Vertex: Setting 22 value Infinity
15/04/20 18:01:59 INFO graph.Vertex: Setting 24 value Infinity
15/04/20 18:01:59 INFO graph.Vertex: Setting 26 value Infinity
15/04/20 18:01:59 INFO graph.Vertex: Setting 28 value Infinity
15/04/20 18:01:59 INFO graph.Vertex: Setting 31 value Infinity
15/04/20 18:01:59 INFO graph.Vertex: Setting 33 value Infinity
15/04/20 18:01:59 INFO graph.Vertex: Setting 35 value Infinity
15/04/20 18:01:59 INFO graph.Vertex: Setting 37 value Infinity
15/04/20 18:01:59 INFO graph.Vertex: Setting 39 value Infinity
15/04/20 18:01:59 INFO graph.Vertex: Setting 4 value Infinity
15/04/20 18:01:59 INFO graph.Vertex: Setting 40 value Infinity
15/04/20 18:01:59 INFO graph.Vertex: Setting 42 value Infinity
15/04/20 18:01:59 INFO graph.Vertex: Setting 44 value Infinity
15/04/20 18:01:59 INFO graph.Vertex: Setting 46 value Infinity
15/04/20 18:01:59 INFO graph.Vertex: Setting 48 value Infinity
15/04/20 18:01:59 INFO graph.Vertex: Setting 51 value Infinity
15/04/20 18:01:59 INFO graph.Vertex: Setting 53 value Infinity
15/04/20 18:01:59 INFO graph.Vertex: Setting 55 value Infinity
15/04/20 18:01:59 INFO graph.Vertex: Setting 57 value Infinity
15/04/20 18:01:59 INFO graph.Vertex: Setting 59 value Infinity
15/04/20 18:01:59 INFO graph.Vertex: Setting 6 value Infinity
15/04/20 18:01:59 INFO graph.Vertex: Setting 60 value Infinity
15/04/20 18:01:59 INFO graph.Vertex: Setting 62 value Infinity
15/04/20 18:01:59 INFO graph.Vertex: Setting 64 value Infinity
15/04/20 18:01:59 INFO graph.Vertex: Setting 66 value Infinity
15/04/20 18:01:59 INFO graph.Vertex: Setting 68 value Infinity
15/04/20 18:01:59 INFO graph.Vertex: Setting 71 value Infinity
15/04/20 18:01:59 INFO graph.Vertex: Setting 73 value Infinity
15/04/20 18:01:59 INFO graph.Vertex: Setting 75 value Infinity
15/04/20 18:01:59 INFO graph.Vertex: Setting 77 value Infinity
15/04/20 18:01:59 INFO graph.Vertex: Setting 79 value Infinity
15/04/20 18:01:59 INFO graph.Vertex: Setting 8 value Infinity
15/04/20 18:01:59 INFO graph.Vertex: Setting 80 value Infinity
15/04/20 18:01:59 INFO graph.Vertex: Setting 82 value Infinity
15/04/20 18:01:59 INFO graph.Vertex: Setting 84 value Infinity
15/04/20 18:01:59 INFO graph.Vertex: Setting 86 value Infinity
15/04/20 18:01:59 INFO graph.Vertex: Setting 88 value Infinity
15/04/20 18:01:59 INFO graph.Vertex: Setting 91 value Infinity
15/04/20 18:01:59 INFO graph.Vertex: Setting 93 value Infinity
15/04/20 18:01:59 INFO graph.Vertex: Setting 95 value Infinity
15/04/20 18:01:59 INFO graph.Vertex: Setting 97 value Infinity
15/04/20 18:01:59 INFO graph.Vertex: Setting 99 value Infinity
15/04/20 18:01:59 INFO graph.GraphJobRunner: slave:61001
15/04/20 18:01:59 INFO graph.Vertex: Setting 0 value Infinity
15/04/20 18:01:59 INFO graph.Vertex: Setting 11 value Infinity
15/04/20 18:01:59 INFO graph.Vertex: Setting 13 value Infinity
15/04/20 18:01:59 INFO graph.Vertex: Setting 15 value Infinity
15/04/20 18:01:59 INFO graph.Vertex: Setting 17 value Infinity
15/04/20 18:01:59 INFO graph.Vertex: Setting 19 value Infinity
15/04/20 18:01:59 INFO graph.Vertex: Setting 2 value Infinity
15/04/20 18:01:59 INFO graph.Vertex: Setting 20 value Infinity
15/04/20 18:01:59 INFO graph.Vertex: Setting 22 value Infinity
15/04/20 18:01:59 INFO graph.Vertex: Setting 24 value Infinity
15/04/20 18:01:59 INFO graph.Vertex: Setting 26 value Infinity
15/04/20 18:01:59 INFO graph.Vertex: Setting 28 value Infinity
15/04/20 18:01:59 INFO graph.Vertex: Setting 31 value Infinity
15/04/20 18:01:59 INFO graph.Vertex: Setting 33 value Infinity
15/04/20 18:01:59 INFO graph.Vertex: Setting 35 value Infinity
15/04/20 18:01:59 INFO graph.Vertex: Setting 37 value Infinity
15/04/20 18:01:59 INFO graph.Vertex: Setting 39 value Infinity
15/04/20 18:01:59 INFO graph.Vertex: Setting 4 value Infinity
15/04/20 18:01:59 INFO graph.Vertex: Setting 40 value Infinity
15/04/20 18:01:59 INFO graph.Vertex: Setting 42 value Infinity
15/04/20 18:01:59 INFO graph.Vertex: Setting 44 value Infinity
15/04/20 18:01:59 INFO graph.Vertex: Setting 46 value Infinity
15/04/20 18:01:59 INFO graph.Vertex: Setting 48 value Infinity
15/04/20 18:01:59 INFO graph.Vertex: Setting 51 value Infinity
15/04/20 18:01:59 INFO graph.Vertex: Setting 53 value Infinity
15/04/20 18:01:59 INFO graph.Vertex: Setting 55 value Infinity
15/04/20 18:01:59 INFO graph.Vertex: Setting 57 value Infinity
15/04/20 18:01:59 INFO graph.Vertex: Setting 59 value Infinity
15/04/20 18:01:59 INFO graph.Vertex: Setting 6 value Infinity
15/04/20 18:01:59 INFO graph.Vertex: Setting 60 value Infinity
15/04/20 18:01:59 INFO graph.Vertex: Setting 62 value Infinity
15/04/20 18:01:59 INFO graph.Vertex: Setting 64 value Infinity
15/04/20 18:01:59 INFO graph.Vertex: Setting 66 value Infinity
15/04/20 18:01:59 INFO graph.Vertex: Setting 68 value Infinity
15/04/20 18:01:59 INFO graph.Vertex: Setting 71 value Infinity
15/04/20 18:01:59 INFO graph.Vertex: Setting 73 value Infinity
15/04/20 18:01:59 INFO graph.Vertex: Setting 75 value Infinity
15/04/20 18:01:59 INFO graph.Vertex: Setting 77 value Infinity
15/04/20 18:01:59 INFO graph.Vertex: Setting 79 value Infinity
15/04/20 18:01:59 INFO graph.Vertex: Setting 8 value Infinity
15/04/20 18:01:59 INFO graph.Vertex: Setting 80 value Infinity
15/04/20 18:01:59 INFO graph.Vertex: Setting 82 value Infinity
15/04/20 18:01:59 INFO graph.Vertex: Setting 84 value Infinity
15/04/20 18:01:59 INFO graph.Vertex: Setting 86 value Infinity
15/04/20 18:01:59 INFO graph.Vertex: Setting 88 value Infinity
15/04/20 18:01:59 INFO graph.Vertex: Setting 91 value Infinity
15/04/20 18:01:59 INFO graph.Vertex: Setting 93 value Infinity
15/04/20 18:01:59 INFO graph.Vertex: Setting 95 value Infinity
15/04/20 18:01:59 INFO graph.Vertex: Setting 97 value Infinity
15/04/20 18:01:59 INFO graph.Vertex: Setting 99 value Infinity
15/04/20 18:01:59 INFO bsp.BSPTask: [BSPTask.java] Done with bsp.bsp
15/04/20 18:01:59 INFO ipc.Server: Stopping server on 61001
15/04/20 18:01:59 INFO ipc.Server: IPC Server handler 0 on 61001: exiting
15/04/20 18:01:59 INFO ipc.Server: IPC Server handler 1 on 61001: exiting
15/04/20 18:01:59 INFO ipc.Server: IPC Server handler 2 on 61001: exiting
15/04/20 18:01:59 INFO ipc.Server: IPC Server handler 4 on 61001: exiting
15/04/20 18:01:59 INFO ipc.Server: IPC Server handler 3 on 61001: exiting
15/04/20 18:01:59 INFO ipc.Server: Stopping IPC Server listener on 61001
15/04/20 18:01:59 INFO ipc.Server: Stopping IPC Server Responder
15/04/20 18:01:59 INFO Configuration.deprecation: mapred.cache.localFiles is deprecated. Instead, use mapreduce.job.cache.local.files
