15/04/16 22:39:23 INFO bsp.GroomServer: BSPPeerChild starting
15/04/16 22:39:25 WARN util.NativeCodeLoader: Unable to load native-hadoop library for your platform... using builtin-java classes where applicable
15/04/16 22:39:25 INFO bsp.GroomServer: Starting peer for step 20 state = RECOVERING
15/04/16 22:39:29 INFO bsp.GroomServer: instantiating BSPPeerImpl
15/04/16 22:39:29 INFO ipc.Server: Starting Socket Reader #1 for port 61002
15/04/16 22:39:29 INFO ipc.Server: IPC Server listener on 61002: starting
15/04/16 22:39:29 INFO ipc.Server: IPC Server Responder: starting
15/04/16 22:39:29 INFO ipc.Server: IPC Server handler 0 on 61002: starting
15/04/16 22:39:29 INFO ipc.Server: IPC Server handler 1 on 61002: starting
15/04/16 22:39:29 INFO ipc.Server: IPC Server handler 2 on 61002: starting
15/04/16 22:39:29 INFO ipc.Server: IPC Server handler 3 on 61002: starting
15/04/16 22:39:29 INFO message.HamaMessageManagerImpl: BSPPeer address:slave port:61002
15/04/16 22:39:29 INFO ipc.Server: IPC Server handler 4 on 61002: starting
15/04/16 22:39:30 INFO sync.ZKSyncClient: Initializing ZK Sync Client
15/04/16 22:39:30 INFO sync.ZooKeeperSyncClientImpl: Start connecting to Zookeeper! At slave/172.28.128.5:61002
15/04/16 22:39:30 INFO ft.AsyncRcvdMsgCheckpointImpl: bspPeer slave:61002 started pinging alive peers for data
15/04/16 22:39:31 INFO bsp.BSPPeerImpl: Skipping request to slave:61003-slave-slave
15/04/16 22:39:31 INFO bsp.BSPPeerImpl: Skipping request to slave:61002-slave-slave
15/04/16 22:39:31 INFO ft.AsyncRcvdMsgCheckpointImpl: Prev. superstep data recovery complete for slave:61002
15/04/16 22:39:31 INFO bsp.BSPPeerImpl: Recovery task received 25 messages for previous superstep from alive peers
15/04/16 22:39:31 INFO bsp.BSPPeerImpl: [BSPPeerImpl.java] Changing taskState from RECOVERING to RUNNING
15/04/16 22:39:31 INFO bsp.GroomServer: instantiating BSPPeerImpl done, starting BSPTask now!
15/04/16 22:39:31 INFO bsp.BSPTask: Starting runBSP from BSPTask
15/04/16 22:39:31 INFO bsp.BSPTask: [BSPTask.java] Starting with bsp.setup
15/04/16 22:39:31 INFO graph.GraphJobRunner: [GraphJobRunner] Entering setup.
15/04/16 22:39:31 INFO graph.GraphJobRunner: 25 vertices are loaded into slave:61002
15/04/16 22:39:31 INFO graph.GraphJobRunner: Recovering peer reading from log: 100 vertices
15/04/16 22:39:31 INFO graph.GraphJobRunner: slave:61002
15/04/16 22:39:31 INFO bsp.BSPPeerImpl: Skipping request to slave:61003-slave-slave
15/04/16 22:39:31 INFO bsp.BSPPeerImpl: Skipping request to slave:61002-slave-slave
15/04/16 22:39:31 INFO bsp.BSPPeerImpl: Is check true? false
15/04/16 22:39:31 INFO bsp.BSPPeerImpl: Recovery task received 25 messages for current superstep from alive peers
15/04/16 22:39:31 INFO bsp.BSPPeerImpl: Completed doFirstSyncAfterRecovery
15/04/16 22:39:31 INFO bsp.BSPTask: [BSPTask.java] Starting with bsp.bsp
15/04/16 22:39:31 INFO graph.GraphJobRunner: Entered GraphRunner.bsp. Is recovery task? true
15/04/16 22:39:31 INFO graph.GraphJobRunner: slave:61002
15/04/16 22:39:31 INFO graph.GraphJobRunner: slave:61002
15/04/16 22:39:31 INFO graph.GraphJobRunner: slave:61002
15/04/16 22:39:31 INFO graph.GraphJobRunner: slave:61002
15/04/16 22:39:31 INFO graph.GraphJobRunner: slave:61002
15/04/16 22:39:31 INFO graph.GraphJobRunner: slave:61002
15/04/16 22:39:31 INFO graph.GraphJobRunner: slave:61002
15/04/16 22:39:32 INFO graph.GraphJobRunner: slave:61002
15/04/16 22:39:32 INFO graph.GraphJobRunner: slave:61002
15/04/16 22:39:32 INFO graph.GraphJobRunner: slave:61002
15/04/16 22:39:32 INFO graph.GraphJobRunner: simulated failure
