15/04/16 22:36:54 INFO bsp.GroomServer: BSPPeerChild starting
15/04/16 22:36:58 WARN util.NativeCodeLoader: Unable to load native-hadoop library for your platform... using builtin-java classes where applicable
15/04/16 22:36:59 INFO bsp.GroomServer: Starting peer for step -1 state = RUNNING
15/04/16 22:37:04 INFO bsp.GroomServer: instantiating BSPPeerImpl
15/04/16 22:37:04 INFO ipc.Server: Starting Socket Reader #1 for port 61001
15/04/16 22:37:04 INFO ipc.Server: IPC Server Responder: starting
15/04/16 22:37:04 INFO ipc.Server: IPC Server listener on 61001: starting
15/04/16 22:37:04 INFO ipc.Server: IPC Server handler 0 on 61001: starting
15/04/16 22:37:04 INFO ipc.Server: IPC Server handler 1 on 61001: starting
15/04/16 22:37:04 INFO ipc.Server: IPC Server handler 2 on 61001: starting
15/04/16 22:37:04 INFO ipc.Server: IPC Server handler 3 on 61001: starting
15/04/16 22:37:04 INFO message.HamaMessageManagerImpl: BSPPeer address:master port:61001
15/04/16 22:37:04 INFO ipc.Server: IPC Server handler 4 on 61001: starting
15/04/16 22:37:06 INFO sync.ZKSyncClient: Initializing ZK Sync Client
15/04/16 22:37:06 INFO sync.ZooKeeperSyncClientImpl: Start connecting to Zookeeper! At master/172.28.128.6:61001
15/04/16 22:37:07 INFO bsp.GroomServer: instantiating BSPPeerImpl done, starting BSPTask now!
15/04/16 22:37:07 INFO bsp.BSPTask: Starting runBSP from BSPTask
15/04/16 22:37:07 INFO bsp.BSPTask: [BSPTask.java] Starting with bsp.setup
15/04/16 22:37:07 INFO graph.GraphJobRunner: [GraphJobRunner] Entering setup.
15/04/16 22:37:07 INFO graph.GraphJobRunner: 24 vertices are loaded into master:61001
15/04/16 22:37:08 INFO bsp.BSPTask: [BSPTask.java] Starting with bsp.bsp
15/04/16 22:37:08 INFO graph.GraphJobRunner: Entered GraphRunner.bsp. Is recovery task? false
15/04/16 22:37:08 INFO graph.GraphJobRunner: master:61001
15/04/16 22:37:08 INFO graph.GraphJobRunner: master:61001
15/04/16 22:37:08 INFO graph.GraphJobRunner: master:61001
15/04/16 22:37:08 INFO graph.GraphJobRunner: master:61001
15/04/16 22:37:08 INFO graph.GraphJobRunner: master:61001
15/04/16 22:37:08 INFO graph.GraphJobRunner: master:61001
15/04/16 22:37:08 INFO graph.GraphJobRunner: master:61001
15/04/16 22:37:08 INFO graph.GraphJobRunner: master:61001
15/04/16 22:37:08 INFO graph.GraphJobRunner: master:61001
15/04/16 22:38:21 INFO message.HamaMessageManagerImpl: bspPeer master:61001 received request for previous superstep data from bspPeer slave:61002
15/04/16 22:38:21 INFO message.HamaMessageManagerImpl: bspPeer master:61001 received request for previous superstep data from bspPeer slave:61002
15/04/16 22:38:21 INFO graph.GraphJobRunner: master:61001
15/04/16 22:38:21 INFO graph.GraphJobRunner: master:61001
15/04/16 22:38:21 INFO graph.GraphJobRunner: master:61001
15/04/16 22:38:21 INFO graph.GraphJobRunner: master:61001
15/04/16 22:38:21 INFO graph.GraphJobRunner: master:61001
15/04/16 22:38:21 INFO graph.GraphJobRunner: master:61001
15/04/16 22:38:21 INFO graph.GraphJobRunner: master:61001
15/04/16 22:38:22 INFO graph.GraphJobRunner: master:61001
15/04/16 22:38:22 INFO graph.GraphJobRunner: master:61001
15/04/16 22:38:22 INFO graph.GraphJobRunner: master:61001
15/04/16 22:39:31 INFO message.HamaMessageManagerImpl: bspPeer master:61001 received request for previous superstep data from bspPeer slave:61002
15/04/16 22:39:31 INFO message.HamaMessageManagerImpl: bspPeer master:61001 received request for previous superstep data from bspPeer slave:61002
15/04/16 22:39:31 INFO graph.GraphJobRunner: master:61001
15/04/16 22:39:31 INFO graph.GraphJobRunner: master:61001
15/04/16 22:39:31 INFO graph.GraphJobRunner: master:61001
15/04/16 22:39:31 INFO graph.GraphJobRunner: master:61001
15/04/16 22:39:31 INFO graph.GraphJobRunner: master:61001
15/04/16 22:39:31 INFO graph.GraphJobRunner: master:61001
15/04/16 22:39:31 INFO graph.GraphJobRunner: master:61001
15/04/16 22:39:32 INFO graph.GraphJobRunner: master:61001
15/04/16 22:39:32 INFO graph.GraphJobRunner: master:61001
15/04/16 22:39:32 INFO graph.GraphJobRunner: master:61001
15/04/16 22:40:51 INFO message.HamaMessageManagerImpl: bspPeer master:61001 received request for previous superstep data from bspPeer slave:61002
15/04/16 22:40:51 INFO message.HamaMessageManagerImpl: bspPeer master:61001 received request for previous superstep data from bspPeer slave:61002
15/04/16 22:40:51 INFO graph.GraphJobRunner: master:61001
15/04/16 22:40:51 INFO bsp.BSPTask: [BSPTask.java] Done with bsp.bsp
15/04/16 22:40:52 INFO ipc.Server: Stopping server on 61001
15/04/16 22:40:52 INFO ipc.Server: IPC Server handler 0 on 61001: exiting
15/04/16 22:40:52 INFO ipc.Server: IPC Server handler 4 on 61001: exiting
15/04/16 22:40:52 INFO ipc.Server: IPC Server handler 1 on 61001: exiting
15/04/16 22:40:52 INFO ipc.Server: IPC Server handler 2 on 61001: exiting
15/04/16 22:40:52 INFO ipc.Server: IPC Server handler 3 on 61001: exiting
15/04/16 22:40:52 INFO ipc.Server: Stopping IPC Server listener on 61001
15/04/16 22:40:52 INFO ipc.Server: Stopping IPC Server Responder
15/04/16 22:40:52 INFO Configuration.deprecation: mapred.cache.localFiles is deprecated. Instead, use mapreduce.job.cache.local.files
