slave:61002 enter the enterbarrier: 10
znode size 4
Size:4 numBSP=4 ,Writing ready!
slave:61002 enter the leavebarrier: 10
znode size:2
znode size:0
slave:61002 enter the enterbarrier: 11
znode size 3
slave:61002 enter the leavebarrier: 11
znode size:4
znode size:0
slave:61002 enter the enterbarrier: 12
znode size 4
Size:4 numBSP=4 ,Writing ready!
slave:61002 enter the leavebarrier: 12
znode size:2
znode size:0
slave:61002 enter the enterbarrier: 13
znode size 4
Size:4 numBSP=4 ,Writing ready!
slave:61002 enter the leavebarrier: 13
znode size:4
znode size:0
slave:61002 enter the enterbarrier: 14
znode size 2
slave:61002 enter the leavebarrier: 14
znode size:4
znode size:0
slave:61002 enter the enterbarrier: 15
znode size 2
slave:61002 enter the leavebarrier: 15
znode size:4
znode size:0
slave:61002 enter the enterbarrier: 16
znode size 2
slave:61002 enter the leavebarrier: 16
znode size:4
znode size:0
slave:61002 enter the enterbarrier: 17
znode size 2
slave:61002 enter the leavebarrier: 17
znode size:4
znode size:0
slave:61002 enter the enterbarrier: 18
znode size 4
Size:4 numBSP=4 ,Writing ready!
slave:61002 enter the leavebarrier: 18
znode size:4
znode size:0
slave:61002 enter the enterbarrier: 19
znode size 2
slave:61002 enter the leavebarrier: 19
znode size:4
znode size:0
