15/04/16 21:55:02 INFO bsp.GroomServer: BSPPeerChild starting
15/04/16 21:55:04 WARN util.NativeCodeLoader: Unable to load native-hadoop library for your platform... using builtin-java classes where applicable
15/04/16 21:55:04 INFO bsp.GroomServer: Starting peer for step -1 state = RUNNING
15/04/16 21:55:08 INFO bsp.GroomServer: instantiating BSPPeerImpl
15/04/16 21:55:08 INFO ipc.Server: Starting Socket Reader #1 for port 61002
15/04/16 21:55:08 INFO ipc.Server: IPC Server Responder: starting
15/04/16 21:55:08 INFO ipc.Server: IPC Server listener on 61002: starting
15/04/16 21:55:08 INFO ipc.Server: IPC Server handler 0 on 61002: starting
15/04/16 21:55:08 INFO ipc.Server: IPC Server handler 1 on 61002: starting
15/04/16 21:55:08 INFO ipc.Server: IPC Server handler 2 on 61002: starting
15/04/16 21:55:08 INFO ipc.Server: IPC Server handler 3 on 61002: starting
15/04/16 21:55:08 INFO message.HamaMessageManagerImpl: BSPPeer address:slave port:61002
15/04/16 21:55:08 INFO ipc.Server: IPC Server handler 4 on 61002: starting
15/04/16 21:55:10 INFO sync.ZKSyncClient: Initializing ZK Sync Client
15/04/16 21:55:10 INFO sync.ZooKeeperSyncClientImpl: Start connecting to Zookeeper! At slave/172.28.128.5:61002
15/04/16 21:55:10 ERROR sync.ZooKeeperSyncClientImpl: org.apache.zookeeper.KeeperException$NodeExistsException: KeeperErrorCode = NodeExists for /bsp/job_201504162154_0001/peers
15/04/16 21:55:10 INFO bsp.GroomServer: instantiating BSPPeerImpl done, starting BSPTask now!
15/04/16 21:55:10 INFO bsp.BSPTask: Starting runBSP from BSPTask
15/04/16 21:55:10 INFO bsp.BSPTask: [BSPTask.java] Starting with bsp.setup
15/04/16 21:55:10 INFO graph.GraphJobRunner: [GraphJobRunner] Entering setup.
15/04/16 21:55:10 INFO graph.GraphJobRunner: 50 vertices are loaded into slave:61002
15/04/16 21:55:10 INFO bsp.BSPTask: [BSPTask.java] Starting with bsp.bsp
15/04/16 21:55:10 INFO graph.GraphJobRunner: Entered GraphRunner.bsp. Is recovery task? false
15/04/16 21:55:11 INFO graph.GraphJobRunner: slave:61002
15/04/16 21:55:11 INFO graph.GraphJobRunner: slave:61002
15/04/16 21:55:11 INFO graph.GraphJobRunner: slave:61002
15/04/16 21:55:11 INFO graph.GraphJobRunner: slave:61002
15/04/16 21:55:11 INFO graph.GraphJobRunner: slave:61002
15/04/16 21:55:11 INFO graph.GraphJobRunner: slave:61002
15/04/16 21:55:11 INFO graph.GraphJobRunner: slave:61002
15/04/16 21:55:11 INFO graph.GraphJobRunner: slave:61002
15/04/16 21:55:11 INFO graph.GraphJobRunner: slave:61002
15/04/16 21:55:11 INFO graph.GraphJobRunner: simulated failure
